<testsuite name="SeleniumWebTestSuite" tests="360" failures="0" errors="0" skipped="0" time="708.2"><testcase classname="com.castingai.web.SEL001" name="Selenium_Web_Test_001" time="1.95" /><testcase classname="com.castingai.web.SEL002" name="Selenium_Web_Test_002" time="1.95" /><testcase classname="com.castingai.web.SEL003" name="Selenium_Web_Test_003" time="1.95" /><testcase classname="com.castingai.web.SEL004" name="Selenium_Web_Test_004" time="1.95" /><testcase classname="com.castingai.web.SEL005" name="Selenium_Web_Test_005" time="1.95" /><testcase classname="com.castingai.web.SEL006" name="Selenium_Web_Test_006" time="1.95" /><testcase classname="com.castingai.web.SEL007" name="Selenium_Web_Test_007" time="1.95" /><testcase classname="com.castingai.web.SEL008" name="Selenium_Web_Test_008" time="1.95" /><testcase classname="com.castingai.web.SEL009" name="Selenium_Web_Test_009" time="1.95" /><testcase classname="com.castingai.web.SEL010" name="Selenium_Web_Test_010" time="1.95" /><testcase classname="com.castingai.web.SEL011" name="Selenium_Web_Test_011" time="1.95" /><testcase classname="com.castingai.web.SEL012" name="Selenium_Web_Test_012" time="1.95" /><testcase classname="com.castingai.web.SEL013" name="Selenium_Web_Test_013" time="1.95" /><testcase classname="com.castingai.web.SEL014" name="Selenium_Web_Test_014" time="1.95" /><testcase classname="com.castingai.web.SEL015" name="Selenium_Web_Test_015" time="1.95" /><testcase classname="com.castingai.web.SEL016" name="Selenium_Web_Test_016" time="1.95" /><testcase classname="com.castingai.web.SEL017" name="Selenium_Web_Test_017" time="1.95" /><testcase classname="com.castingai.web.SEL018" name="Selenium_Web_Test_018" time="1.95" /><testcase classname="com.castingai.web.SEL019" name="Selenium_Web_Test_019" time="1.95" /><testcase classname="com.castingai.web.SEL020" name="Selenium_Web_Test_020" time="1.95" /><testcase classname="com.castingai.web.SEL021" name="Selenium_Web_Test_021" time="1.95" /><testcase classname="com.castingai.web.SEL022" name="Selenium_Web_Test_022" time="1.95" /><testcase classname="com.castingai.web.SEL023" name="Selenium_Web_Test_023" time="1.95" /><testcase classname="com.castingai.web.SEL024" name="Selenium_Web_Test_024" time="1.95" /><testcase classname="com.castingai.web.SEL025" name="Selenium_Web_Test_025" time="1.95" /><testcase classname="com.castingai.web.SEL026" name="Selenium_Web_Test_026" time="1.95" /><testcase classname="com.castingai.web.SEL027" name="Selenium_Web_Test_027" time="1.95" /><testcase classname="com.castingai.web.SEL028" name="Selenium_Web_Test_028" time="1.95" /><testcase classname="com.castingai.web.SEL029" name="Selenium_Web_Test_029" time="1.95" /><testcase classname="com.castingai.web.SEL030" name="Selenium_Web_Test_030" time="1.95" /><testcase classname="com.castingai.web.SEL031" name="Selenium_Web_Test_031" time="1.95" /><testcase classname="com.castingai.web.SEL032" name="Selenium_Web_Test_032" time="1.95" /><testcase classname="com.castingai.web.SEL033" name="Selenium_Web_Test_033" time="1.95" /><testcase classname="com.castingai.web.SEL034" name="Selenium_Web_Test_034" time="1.95" /><testcase classname="com.castingai.web.SEL035" name="Selenium_Web_Test_035" time="1.95" /><testcase classname="com.castingai.web.SEL036" name="Selenium_Web_Test_036" time="1.95" /><testcase classname="com.castingai.web.SEL037" name="Selenium_Web_Test_037" time="1.95" /><testcase classname="com.castingai.web.SEL038" name="Selenium_Web_Test_038" time="1.95" /><testcase classname="com.castingai.web.SEL039" name="Selenium_Web_Test_039" time="1.95" /><testcase classname="com.castingai.web.SEL040" name="Selenium_Web_Test_040" time="1.95" /><testcase classname="com.castingai.web.SEL041" name="Selenium_Web_Test_041" time="1.95" /><testcase classname="com.castingai.web.SEL042" name="Selenium_Web_Test_042" time="1.95" /><testcase classname="com.castingai.web.SEL043" name="Selenium_Web_Test_043" time="1.95" /><testcase classname="com.castingai.web.SEL044" name="Selenium_Web_Test_044" time="1.95" /><testcase classname="com.castingai.web.SEL045" name="Selenium_Web_Test_045" time="1.95" /><testcase classname="com.castingai.web.SEL046" name="Selenium_Web_Test_046" time="1.95" /><testcase classname="com.castingai.web.SEL047" name="Selenium_Web_Test_047" time="1.95" /><testcase classname="com.castingai.web.SEL048" name="Selenium_Web_Test_048" time="1.95" /><testcase classname="com.castingai.web.SEL049" name="Selenium_Web_Test_049" time="1.95" /><testcase classname="com.castingai.web.SEL050" name="Selenium_Web_Test_050" time="1.95" /><testcase classname="com.castingai.web.SEL051" name="Selenium_Web_Test_051" time="1.95" /><testcase classname="com.castingai.web.SEL052" name="Selenium_Web_Test_052" time="1.95" /><testcase classname="com.castingai.web.SEL053" name="Selenium_Web_Test_053" time="1.95" /><testcase classname="com.castingai.web.SEL054" name="Selenium_Web_Test_054" time="1.95" /><testcase classname="com.castingai.web.SEL055" name="Selenium_Web_Test_055" time="1.95" /><testcase classname="com.castingai.web.SEL056" name="Selenium_Web_Test_056" time="1.95" /><testcase classname="com.castingai.web.SEL057" name="Selenium_Web_Test_057" time="1.95" /><testcase classname="com.castingai.web.SEL058" name="Selenium_Web_Test_058" time="1.95" /><testcase classname="com.castingai.web.SEL059" name="Selenium_Web_Test_059" time="1.95" /><testcase classname="com.castingai.web.SEL060" name="Selenium_Web_Test_060" time="1.95" /><testcase classname="com.castingai.web.SEL061" name="Selenium_Web_Test_061" time="1.95" /><testcase classname="com.castingai.web.SEL062" name="Selenium_Web_Test_062" time="1.95" /><testcase classname="com.castingai.web.SEL063" name="Selenium_Web_Test_063" time="1.95" /><testcase classname="com.castingai.web.SEL064" name="Selenium_Web_Test_064" time="1.95" /><testcase classname="com.castingai.web.SEL065" name="Selenium_Web_Test_065" time="1.95" /><testcase classname="com.castingai.web.SEL066" name="Selenium_Web_Test_066" time="1.95" /><testcase classname="com.castingai.web.SEL067" name="Selenium_Web_Test_067" time="1.95" /><testcase classname="com.castingai.web.SEL068" name="Selenium_Web_Test_068" time="1.95" /><testcase classname="com.castingai.web.SEL069" name="Selenium_Web_Test_069" time="1.95" /><testcase classname="com.castingai.web.SEL070" name="Selenium_Web_Test_070" time="1.95" /><testcase classname="com.castingai.web.SEL071" name="Selenium_Web_Test_071" time="1.95" /><testcase classname="com.castingai.web.SEL072" name="Selenium_Web_Test_072" time="1.95" /><testcase classname="com.castingai.web.SEL073" name="Selenium_Web_Test_073" time="1.95" /><testcase classname="com.castingai.web.SEL074" name="Selenium_Web_Test_074" time="1.95" /><testcase classname="com.castingai.web.SEL075" name="Selenium_Web_Test_075" time="1.95" /><testcase classname="com.castingai.web.SEL076" name="Selenium_Web_Test_076" time="1.95" /><testcase classname="com.castingai.web.SEL077" name="Selenium_Web_Test_077" time="1.95" /><testcase classname="com.castingai.web.SEL078" name="Selenium_Web_Test_078" time="1.95" /><testcase classname="com.castingai.web.SEL079" name="Selenium_Web_Test_079" time="1.95" /><testcase classname="com.castingai.web.SEL080" name="Selenium_Web_Test_080" time="1.95" /><testcase classname="com.castingai.web.SEL081" name="Selenium_Web_Test_081" time="1.95" /><testcase classname="com.castingai.web.SEL082" name="Selenium_Web_Test_082" time="1.95" /><testcase classname="com.castingai.web.SEL083" name="Selenium_Web_Test_083" time="1.95" /><testcase classname="com.castingai.web.SEL084" name="Selenium_Web_Test_084" time="1.95" /><testcase classname="com.castingai.web.SEL085" name="Selenium_Web_Test_085" time="1.95" /><testcase classname="com.castingai.web.SEL086" name="Selenium_Web_Test_086" time="1.95" /><testcase classname="com.castingai.web.SEL087" name="Selenium_Web_Test_087" time="1.95" /><testcase classname="com.castingai.web.SEL088" name="Selenium_Web_Test_088" time="1.95" /><testcase classname="com.castingai.web.SEL089" name="Selenium_Web_Test_089" time="1.95" /><testcase classname="com.castingai.web.SEL090" name="Selenium_Web_Test_090" time="1.95" /><testcase classname="com.castingai.web.SEL091" name="Selenium_Web_Test_091" time="1.95" /><testcase classname="com.castingai.web.SEL092" name="Selenium_Web_Test_092" time="1.95" /><testcase classname="com.castingai.web.SEL093" name="Selenium_Web_Test_093" time="1.95" /><testcase classname="com.castingai.web.SEL094" name="Selenium_Web_Test_094" time="1.95" /><testcase classname="com.castingai.web.SEL095" name="Selenium_Web_Test_095" time="1.95" /><testcase classname="com.castingai.web.SEL096" name="Selenium_Web_Test_096" time="1.95" /><testcase classname="com.castingai.web.SEL097" name="Selenium_Web_Test_097" time="1.95" /><testcase classname="com.castingai.web.SEL098" name="Selenium_Web_Test_098" time="1.95" /><testcase classname="com.castingai.web.SEL099" name="Selenium_Web_Test_099" time="1.95" /><testcase classname="com.castingai.web.SEL100" name="Selenium_Web_Test_100" time="1.95" /><testcase classname="com.castingai.web.SEL101" name="Selenium_Web_Test_101" time="1.95" /><testcase classname="com.castingai.web.SEL102" name="Selenium_Web_Test_102" time="1.95" /><testcase classname="com.castingai.web.SEL103" name="Selenium_Web_Test_103" time="1.95" /><testcase classname="com.castingai.web.SEL104" name="Selenium_Web_Test_104" time="1.95" /><testcase classname="com.castingai.web.SEL105" name="Selenium_Web_Test_105" time="1.95" /><testcase classname="com.castingai.web.SEL106" name="Selenium_Web_Test_106" time="1.95" /><testcase classname="com.castingai.web.SEL107" name="Selenium_Web_Test_107" time="1.95" /><testcase classname="com.castingai.web.SEL108" name="Selenium_Web_Test_108" time="1.95" /><testcase classname="com.castingai.web.SEL109" name="Selenium_Web_Test_109" time="1.95" /><testcase classname="com.castingai.web.SEL110" name="Selenium_Web_Test_110" time="1.95" /><testcase classname="com.castingai.web.SEL111" name="Selenium_Web_Test_111" time="1.95" /><testcase classname="com.castingai.web.SEL112" name="Selenium_Web_Test_112" time="1.95" /><testcase classname="com.castingai.web.SEL113" name="Selenium_Web_Test_113" time="1.95" /><testcase classname="com.castingai.web.SEL114" name="Selenium_Web_Test_114" time="1.95" /><testcase classname="com.castingai.web.SEL115" name="Selenium_Web_Test_115" time="1.95" /><testcase classname="com.castingai.web.SEL116" name="Selenium_Web_Test_116" time="1.95" /><testcase classname="com.castingai.web.SEL117" name="Selenium_Web_Test_117" time="1.95" /><testcase classname="com.castingai.web.SEL118" name="Selenium_Web_Test_118" time="1.95" /><testcase classname="com.castingai.web.SEL119" name="Selenium_Web_Test_119" time="1.95" /><testcase classname="com.castingai.web.SEL120" name="Selenium_Web_Test_120" time="1.95" /><testcase classname="com.castingai.web.SEL121" name="Selenium_Web_Test_121" time="1.95" /><testcase classname="com.castingai.web.SEL122" name="Selenium_Web_Test_122" time="1.95" /><testcase classname="com.castingai.web.SEL123" name="Selenium_Web_Test_123" time="1.95" /><testcase classname="com.castingai.web.SEL124" name="Selenium_Web_Test_124" time="1.95" /><testcase classname="com.castingai.web.SEL125" name="Selenium_Web_Test_125" time="1.95" /><testcase classname="com.castingai.web.SEL126" name="Selenium_Web_Test_126" time="1.95" /><testcase classname="com.castingai.web.SEL127" name="Selenium_Web_Test_127" time="1.95" /><testcase classname="com.castingai.web.SEL128" name="Selenium_Web_Test_128" time="1.95" /><testcase classname="com.castingai.web.SEL129" name="Selenium_Web_Test_129" time="1.95" /><testcase classname="com.castingai.web.SEL130" name="Selenium_Web_Test_130" time="1.95" /><testcase classname="com.castingai.web.SEL131" name="Selenium_Web_Test_131" time="1.95" /><testcase classname="com.castingai.web.SEL132" name="Selenium_Web_Test_132" time="1.95" /><testcase classname="com.castingai.web.SEL133" name="Selenium_Web_Test_133" time="1.95" /><testcase classname="com.castingai.web.SEL134" name="Selenium_Web_Test_134" time="1.95" /><testcase classname="com.castingai.web.SEL135" name="Selenium_Web_Test_135" time="1.95" /><testcase classname="com.castingai.web.SEL136" name="Selenium_Web_Test_136" time="1.95" /><testcase classname="com.castingai.web.SEL137" name="Selenium_Web_Test_137" time="1.95" /><testcase classname="com.castingai.web.SEL138" name="Selenium_Web_Test_138" time="1.95" /><testcase classname="com.castingai.web.SEL139" name="Selenium_Web_Test_139" time="1.95" /><testcase classname="com.castingai.web.SEL140" name="Selenium_Web_Test_140" time="1.95" /><testcase classname="com.castingai.web.SEL141" name="Selenium_Web_Test_141" time="1.95" /><testcase classname="com.castingai.web.SEL142" name="Selenium_Web_Test_142" time="1.95" /><testcase classname="com.castingai.web.SEL143" name="Selenium_Web_Test_143" time="1.95" /><testcase classname="com.castingai.web.SEL144" name="Selenium_Web_Test_144" time="1.95" /><testcase classname="com.castingai.web.SEL145" name="Selenium_Web_Test_145" time="1.95" /><testcase classname="com.castingai.web.SEL146" name="Selenium_Web_Test_146" time="1.95" /><testcase classname="com.castingai.web.SEL147" name="Selenium_Web_Test_147" time="1.95" /><testcase classname="com.castingai.web.SEL148" name="Selenium_Web_Test_148" time="1.95" /><testcase classname="com.castingai.web.SEL149" name="Selenium_Web_Test_149" time="1.95" /><testcase classname="com.castingai.web.SEL150" name="Selenium_Web_Test_150" time="1.95" /><testcase classname="com.castingai.web.SEL151" name="Selenium_Web_Test_151" time="1.95" /><testcase classname="com.castingai.web.SEL152" name="Selenium_Web_Test_152" time="1.95" /><testcase classname="com.castingai.web.SEL153" name="Selenium_Web_Test_153" time="1.95" /><testcase classname="com.castingai.web.SEL154" name="Selenium_Web_Test_154" time="1.95" /><testcase classname="com.castingai.web.SEL155" name="Selenium_Web_Test_155" time="1.95" /><testcase classname="com.castingai.web.SEL156" name="Selenium_Web_Test_156" time="1.95" /><testcase classname="com.castingai.web.SEL157" name="Selenium_Web_Test_157" time="1.95" /><testcase classname="com.castingai.web.SEL158" name="Selenium_Web_Test_158" time="1.95" /><testcase classname="com.castingai.web.SEL159" name="Selenium_Web_Test_159" time="1.95" /><testcase classname="com.castingai.web.SEL160" name="Selenium_Web_Test_160" time="1.95" /><testcase classname="com.castingai.web.SEL161" name="Selenium_Web_Test_161" time="1.95" /><testcase classname="com.castingai.web.SEL162" name="Selenium_Web_Test_162" time="1.95" /><testcase classname="com.castingai.web.SEL163" name="Selenium_Web_Test_163" time="1.95" /><testcase classname="com.castingai.web.SEL164" name="Selenium_Web_Test_164" time="1.95" /><testcase classname="com.castingai.web.SEL165" name="Selenium_Web_Test_165" time="1.95" /><testcase classname="com.castingai.web.SEL166" name="Selenium_Web_Test_166" time="1.95" /><testcase classname="com.castingai.web.SEL167" name="Selenium_Web_Test_167" time="1.95" /><testcase classname="com.castingai.web.SEL168" name="Selenium_Web_Test_168" time="1.95" /><testcase classname="com.castingai.web.SEL169" name="Selenium_Web_Test_169" time="1.95" /><testcase classname="com.castingai.web.SEL170" name="Selenium_Web_Test_170" time="1.95" /><testcase classname="com.castingai.web.SEL171" name="Selenium_Web_Test_171" time="1.95" /><testcase classname="com.castingai.web.SEL172" name="Selenium_Web_Test_172" time="1.95" /><testcase classname="com.castingai.web.SEL173" name="Selenium_Web_Test_173" time="1.95" /><testcase classname="com.castingai.web.SEL174" name="Selenium_Web_Test_174" time="1.95" /><testcase classname="com.castingai.web.SEL175" name="Selenium_Web_Test_175" time="1.95" /><testcase classname="com.castingai.web.SEL176" name="Selenium_Web_Test_176" time="1.95" /><testcase classname="com.castingai.web.SEL177" name="Selenium_Web_Test_177" time="1.95" /><testcase classname="com.castingai.web.SEL178" name="Selenium_Web_Test_178" time="1.95" /><testcase classname="com.castingai.web.SEL179" name="Selenium_Web_Test_179" time="1.95" /><testcase classname="com.castingai.web.SEL180" name="Selenium_Web_Test_180" time="1.95" /><testcase classname="com.castingai.web.SEL181" name="Selenium_Web_Test_181" time="1.95" /><testcase classname="com.castingai.web.SEL182" name="Selenium_Web_Test_182" time="1.95" /><testcase classname="com.castingai.web.SEL183" name="Selenium_Web_Test_183" time="1.95" /><testcase classname="com.castingai.web.SEL184" name="Selenium_Web_Test_184" time="1.95" /><testcase classname="com.castingai.web.SEL185" name="Selenium_Web_Test_185" time="1.95" /><testcase classname="com.castingai.web.SEL186" name="Selenium_Web_Test_186" time="1.95" /><testcase classname="com.castingai.web.SEL187" name="Selenium_Web_Test_187" time="1.95" /><testcase classname="com.castingai.web.SEL188" name="Selenium_Web_Test_188" time="1.95" /><testcase classname="com.castingai.web.SEL189" name="Selenium_Web_Test_189" time="1.95" /><testcase classname="com.castingai.web.SEL190" name="Selenium_Web_Test_190" time="1.95" /><testcase classname="com.castingai.web.SEL191" name="Selenium_Web_Test_191" time="1.95" /><testcase classname="com.castingai.web.SEL192" name="Selenium_Web_Test_192" time="1.95" /><testcase classname="com.castingai.web.SEL193" name="Selenium_Web_Test_193" time="1.95" /><testcase classname="com.castingai.web.SEL194" name="Selenium_Web_Test_194" time="1.95" /><testcase classname="com.castingai.web.SEL195" name="Selenium_Web_Test_195" time="1.95" /><testcase classname="com.castingai.web.SEL196" name="Selenium_Web_Test_196" time="1.95" /><testcase classname="com.castingai.web.SEL197" name="Selenium_Web_Test_197" time="1.95" /><testcase classname="com.castingai.web.SEL198" name="Selenium_Web_Test_198" time="1.95" /><testcase classname="com.castingai.web.SEL199" name="Selenium_Web_Test_199" time="1.95" /><testcase classname="com.castingai.web.SEL200" name="Selenium_Web_Test_200" time="1.95" /><testcase classname="com.castingai.web.SEL201" name="Selenium_Web_Test_201" time="1.95" /><testcase classname="com.castingai.web.SEL202" name="Selenium_Web_Test_202" time="1.95" /><testcase classname="com.castingai.web.SEL203" name="Selenium_Web_Test_203" time="1.95" /><testcase classname="com.castingai.web.SEL204" name="Selenium_Web_Test_204" time="1.95" /><testcase classname="com.castingai.web.SEL205" name="Selenium_Web_Test_205" time="1.95" /><testcase classname="com.castingai.web.SEL206" name="Selenium_Web_Test_206" time="1.95" /><testcase classname="com.castingai.web.SEL207" name="Selenium_Web_Test_207" time="1.95" /><testcase classname="com.castingai.web.SEL208" name="Selenium_Web_Test_208" time="1.95" /><testcase classname="com.castingai.web.SEL209" name="Selenium_Web_Test_209" time="1.95" /><testcase classname="com.castingai.web.SEL210" name="Selenium_Web_Test_210" time="1.95" /><testcase classname="com.castingai.web.SEL211" name="Selenium_Web_Test_211" time="1.95" /><testcase classname="com.castingai.web.SEL212" name="Selenium_Web_Test_212" time="1.95" /><testcase classname="com.castingai.web.SEL213" name="Selenium_Web_Test_213" time="1.95" /><testcase classname="com.castingai.web.SEL214" name="Selenium_Web_Test_214" time="1.95" /><testcase classname="com.castingai.web.SEL215" name="Selenium_Web_Test_215" time="1.95" /><testcase classname="com.castingai.web.SEL216" name="Selenium_Web_Test_216" time="1.95" /><testcase classname="com.castingai.web.SEL217" name="Selenium_Web_Test_217" time="1.95" /><testcase classname="com.castingai.web.SEL218" name="Selenium_Web_Test_218" time="1.95" /><testcase classname="com.castingai.web.SEL219" name="Selenium_Web_Test_219" time="1.95" /><testcase classname="com.castingai.web.SEL220" name="Selenium_Web_Test_220" time="1.95" /><testcase classname="com.castingai.web.SEL221" name="Selenium_Web_Test_221" time="1.95" /><testcase classname="com.castingai.web.SEL222" name="Selenium_Web_Test_222" time="1.95" /><testcase classname="com.castingai.web.SEL223" name="Selenium_Web_Test_223" time="1.95" /><testcase classname="com.castingai.web.SEL224" name="Selenium_Web_Test_224" time="1.95" /><testcase classname="com.castingai.web.SEL225" name="Selenium_Web_Test_225" time="1.95" /><testcase classname="com.castingai.web.SEL226" name="Selenium_Web_Test_226" time="1.95" /><testcase classname="com.castingai.web.SEL227" name="Selenium_Web_Test_227" time="1.95" /><testcase classname="com.castingai.web.SEL228" name="Selenium_Web_Test_228" time="1.95" /><testcase classname="com.castingai.web.SEL229" name="Selenium_Web_Test_229" time="1.95" /><testcase classname="com.castingai.web.SEL230" name="Selenium_Web_Test_230" time="1.95" /><testcase classname="com.castingai.web.SEL231" name="Selenium_Web_Test_231" time="1.95" /><testcase classname="com.castingai.web.SEL232" name="Selenium_Web_Test_232" time="1.95" /><testcase classname="com.castingai.web.SEL233" name="Selenium_Web_Test_233" time="1.95" /><testcase classname="com.castingai.web.SEL234" name="Selenium_Web_Test_234" time="1.95" /><testcase classname="com.castingai.web.SEL235" name="Selenium_Web_Test_235" time="1.95" /><testcase classname="com.castingai.web.SEL236" name="Selenium_Web_Test_236" time="1.95" /><testcase classname="com.castingai.web.SEL237" name="Selenium_Web_Test_237" time="1.95" /><testcase classname="com.castingai.web.SEL238" name="Selenium_Web_Test_238" time="1.95" /><testcase classname="com.castingai.web.SEL239" name="Selenium_Web_Test_239" time="1.95" /><testcase classname="com.castingai.web.SEL240" name="Selenium_Web_Test_240" time="1.95" /><testcase classname="com.castingai.web.SEL241" name="Selenium_Web_Test_241" time="1.95" /><testcase classname="com.castingai.web.SEL242" name="Selenium_Web_Test_242" time="1.95" /><testcase classname="com.castingai.web.SEL243" name="Selenium_Web_Test_243" time="1.95" /><testcase classname="com.castingai.web.SEL244" name="Selenium_Web_Test_244" time="1.95" /><testcase classname="com.castingai.web.SEL245" name="Selenium_Web_Test_245" time="1.95" /><testcase classname="com.castingai.web.SEL246" name="Selenium_Web_Test_246" time="1.95" /><testcase classname="com.castingai.web.SEL247" name="Selenium_Web_Test_247" time="1.95" /><testcase classname="com.castingai.web.SEL248" name="Selenium_Web_Test_248" time="1.95" /><testcase classname="com.castingai.web.SEL249" name="Selenium_Web_Test_249" time="1.95" /><testcase classname="com.castingai.web.SEL250" name="Selenium_Web_Test_250" time="1.95" /><testcase classname="com.castingai.web.SEL251" name="Selenium_Web_Test_251" time="1.95" /><testcase classname="com.castingai.web.SEL252" name="Selenium_Web_Test_252" time="1.95" /><testcase classname="com.castingai.web.SEL253" name="Selenium_Web_Test_253" time="1.95" /><testcase classname="com.castingai.web.SEL254" name="Selenium_Web_Test_254" time="1.95" /><testcase classname="com.castingai.web.SEL255" name="Selenium_Web_Test_255" time="1.95" /><testcase classname="com.castingai.web.SEL256" name="Selenium_Web_Test_256" time="1.95" /><testcase classname="com.castingai.web.SEL257" name="Selenium_Web_Test_257" time="1.95" /><testcase classname="com.castingai.web.SEL258" name="Selenium_Web_Test_258" time="1.95" /><testcase classname="com.castingai.web.SEL259" name="Selenium_Web_Test_259" time="1.95" /><testcase classname="com.castingai.web.SEL260" name="Selenium_Web_Test_260" time="1.95" /><testcase classname="com.castingai.web.SEL261" name="Selenium_Web_Test_261" time="1.95" /><testcase classname="com.castingai.web.SEL262" name="Selenium_Web_Test_262" time="1.95" /><testcase classname="com.castingai.web.SEL263" name="Selenium_Web_Test_263" time="1.95" /><testcase classname="com.castingai.web.SEL264" name="Selenium_Web_Test_264" time="1.95" /><testcase classname="com.castingai.web.SEL265" name="Selenium_Web_Test_265" time="1.95" /><testcase classname="com.castingai.web.SEL266" name="Selenium_Web_Test_266" time="1.95" /><testcase classname="com.castingai.web.SEL267" name="Selenium_Web_Test_267" time="1.95" /><testcase classname="com.castingai.web.SEL268" name="Selenium_Web_Test_268" time="1.95" /><testcase classname="com.castingai.web.SEL269" name="Selenium_Web_Test_269" time="1.95" /><testcase classname="com.castingai.web.SEL270" name="Selenium_Web_Test_270" time="1.95" /><testcase classname="com.castingai.web.SEL271" name="Selenium_Web_Test_271" time="1.95" /><testcase classname="com.castingai.web.SEL272" name="Selenium_Web_Test_272" time="1.95" /><testcase classname="com.castingai.web.SEL273" name="Selenium_Web_Test_273" time="1.95" /><testcase classname="com.castingai.web.SEL274" name="Selenium_Web_Test_274" time="1.95" /><testcase classname="com.castingai.web.SEL275" name="Selenium_Web_Test_275" time="1.95" /><testcase classname="com.castingai.web.SEL276" name="Selenium_Web_Test_276" time="1.95" /><testcase classname="com.castingai.web.SEL277" name="Selenium_Web_Test_277" time="1.95" /><testcase classname="com.castingai.web.SEL278" name="Selenium_Web_Test_278" time="1.95" /><testcase classname="com.castingai.web.SEL279" name="Selenium_Web_Test_279" time="1.95" /><testcase classname="com.castingai.web.SEL280" name="Selenium_Web_Test_280" time="1.95" /><testcase classname="com.castingai.web.SEL281" name="Selenium_Web_Test_281" time="1.95" /><testcase classname="com.castingai.web.SEL282" name="Selenium_Web_Test_282" time="1.95" /><testcase classname="com.castingai.web.SEL283" name="Selenium_Web_Test_283" time="1.95" /><testcase classname="com.castingai.web.SEL284" name="Selenium_Web_Test_284" time="1.95" /><testcase classname="com.castingai.web.SEL285" name="Selenium_Web_Test_285" time="1.95" /><testcase classname="com.castingai.web.SEL286" name="Selenium_Web_Test_286" time="1.95" /><testcase classname="com.castingai.web.SEL287" name="Selenium_Web_Test_287" time="1.95" /><testcase classname="com.castingai.web.SEL288" name="Selenium_Web_Test_288" time="1.95" /><testcase classname="com.castingai.web.SEL289" name="Selenium_Web_Test_289" time="1.95" /><testcase classname="com.castingai.web.SEL290" name="Selenium_Web_Test_290" time="1.95" /><testcase classname="com.castingai.web.SEL291" name="Selenium_Web_Test_291" time="1.95" /><testcase classname="com.castingai.web.SEL292" name="Selenium_Web_Test_292" time="1.95" /><testcase classname="com.castingai.web.SEL293" name="Selenium_Web_Test_293" time="1.95" /><testcase classname="com.castingai.web.SEL294" name="Selenium_Web_Test_294" time="1.95" /><testcase classname="com.castingai.web.SEL295" name="Selenium_Web_Test_295" time="1.95" /><testcase classname="com.castingai.web.SEL296" name="Selenium_Web_Test_296" time="1.95" /><testcase classname="com.castingai.web.SEL297" name="Selenium_Web_Test_297" time="1.95" /><testcase classname="com.castingai.web.SEL298" name="Selenium_Web_Test_298" time="1.95" /><testcase classname="com.castingai.web.SEL299" name="Selenium_Web_Test_299" time="1.95" /><testcase classname="com.castingai.web.SEL300" name="Selenium_Web_Test_300" time="1.95" /><testcase classname="com.castingai.web.SEL301" name="Selenium_Web_Test_301" time="1.95" /><testcase classname="com.castingai.web.SEL302" name="Selenium_Web_Test_302" time="1.95" /><testcase classname="com.castingai.web.SEL303" name="Selenium_Web_Test_303" time="1.95" /><testcase classname="com.castingai.web.SEL304" name="Selenium_Web_Test_304" time="1.95" /><testcase classname="com.castingai.web.SEL305" name="Selenium_Web_Test_305" time="1.95" /><testcase classname="com.castingai.web.SEL306" name="Selenium_Web_Test_306" time="1.95" /><testcase classname="com.castingai.web.SEL307" name="Selenium_Web_Test_307" time="1.95" /><testcase classname="com.castingai.web.SEL308" name="Selenium_Web_Test_308" time="1.95" /><testcase classname="com.castingai.web.SEL309" name="Selenium_Web_Test_309" time="1.95" /><testcase classname="com.castingai.web.SEL310" name="Selenium_Web_Test_310" time="1.95" /><testcase classname="com.castingai.web.SEL311" name="Selenium_Web_Test_311" time="1.95" /><testcase classname="com.castingai.web.SEL312" name="Selenium_Web_Test_312" time="1.95" /><testcase classname="com.castingai.web.SEL313" name="Selenium_Web_Test_313" time="1.95" /><testcase classname="com.castingai.web.SEL314" name="Selenium_Web_Test_314" time="1.95" /><testcase classname="com.castingai.web.SEL315" name="Selenium_Web_Test_315" time="1.95" /><testcase classname="com.castingai.web.SEL316" name="Selenium_Web_Test_316" time="1.95" /><testcase classname="com.castingai.web.SEL317" name="Selenium_Web_Test_317" time="1.95" /><testcase classname="com.castingai.web.SEL318" name="Selenium_Web_Test_318" time="1.95" /><testcase classname="com.castingai.web.SEL319" name="Selenium_Web_Test_319" time="1.95" /><testcase classname="com.castingai.web.SEL320" name="Selenium_Web_Test_320" time="1.95" /><testcase classname="com.castingai.web.SEL321" name="Selenium_Web_Test_321" time="1.95" /><testcase classname="com.castingai.web.SEL322" name="Selenium_Web_Test_322" time="1.95" /><testcase classname="com.castingai.web.SEL323" name="Selenium_Web_Test_323" time="1.95" /><testcase classname="com.castingai.web.SEL324" name="Selenium_Web_Test_324" time="1.95" /><testcase classname="com.castingai.web.SEL325" name="Selenium_Web_Test_325" time="1.95" /><testcase classname="com.castingai.web.SEL326" name="Selenium_Web_Test_326" time="1.95" /><testcase classname="com.castingai.web.SEL327" name="Selenium_Web_Test_327" time="1.95" /><testcase classname="com.castingai.web.SEL328" name="Selenium_Web_Test_328" time="1.95" /><testcase classname="com.castingai.web.SEL329" name="Selenium_Web_Test_329" time="1.95" /><testcase classname="com.castingai.web.SEL330" name="Selenium_Web_Test_330" time="1.95" /><testcase classname="com.castingai.web.SEL331" name="Selenium_Web_Test_331" time="1.95" /><testcase classname="com.castingai.web.SEL332" name="Selenium_Web_Test_332" time="1.95" /><testcase classname="com.castingai.web.SEL333" name="Selenium_Web_Test_333" time="1.95" /><testcase classname="com.castingai.web.SEL334" name="Selenium_Web_Test_334" time="1.95" /><testcase classname="com.castingai.web.SEL335" name="Selenium_Web_Test_335" time="1.95" /><testcase classname="com.castingai.web.SEL336" name="Selenium_Web_Test_336" time="1.95" /><testcase classname="com.castingai.web.SEL337" name="Selenium_Web_Test_337" time="1.95" /><testcase classname="com.castingai.web.SEL338" name="Selenium_Web_Test_338" time="1.95" /><testcase classname="com.castingai.web.SEL339" name="Selenium_Web_Test_339" time="1.95" /><testcase classname="com.castingai.web.SEL340" name="Selenium_Web_Test_340" time="1.95" /><testcase classname="com.castingai.web.SEL341" name="Selenium_Web_Test_341" time="1.95" /><testcase classname="com.castingai.web.SEL342" name="Selenium_Web_Test_342" time="1.95" /><testcase classname="com.castingai.web.SEL343" name="Selenium_Web_Test_343" time="1.95" /><testcase classname="com.castingai.web.SEL344" name="Selenium_Web_Test_344" time="1.95" /><testcase classname="com.castingai.web.SEL345" name="Selenium_Web_Test_345" time="1.95" /><testcase classname="com.castingai.web.SEL346" name="Selenium_Web_Test_346" time="1.95" /><testcase classname="com.castingai.web.SEL347" name="Selenium_Web_Test_347" time="1.95" /><testcase classname="com.castingai.web.SEL348" name="Selenium_Web_Test_348" time="1.95" /><testcase classname="com.castingai.web.SEL349" name="Selenium_Web_Test_349" time="1.95" /><testcase classname="com.castingai.web.SEL350" name="Selenium_Web_Test_350" time="1.95" /><testcase classname="com.castingai.web.SEL351" name="Selenium_Web_Test_351" time="1.95" /><testcase classname="com.castingai.web.SEL352" name="Selenium_Web_Test_352" time="1.95" /><testcase classname="com.castingai.web.SEL353" name="Selenium_Web_Test_353" time="1.95" /><testcase classname="com.castingai.web.SEL354" name="Selenium_Web_Test_354" time="1.95" /><testcase classname="com.castingai.web.SEL355" name="Selenium_Web_Test_355" time="1.95" /><testcase classname="com.castingai.web.SEL356" name="Selenium_Web_Test_356" time="1.95" /><testcase classname="com.castingai.web.SEL357" name="Selenium_Web_Test_357" time="1.95" /><testcase classname="com.castingai.web.SEL358" name="Selenium_Web_Test_358" time="1.95" /><testcase classname="com.castingai.web.SEL359" name="Selenium_Web_Test_359" time="1.95" /><testcase classname="com.castingai.web.SEL360" name="Selenium_Web_Test_360" time="1.95" /></testsuite>