<testsuite name="AppiumMobileTestSuite" tests="360" failures="0" errors="0" skipped="0" time="872.4"><testcase classname="com.castingai.mobile.TC001" name="Appium_Test_Case_001" time="2.4" /><testcase classname="com.castingai.mobile.TC002" name="Appium_Test_Case_002" time="2.4" /><testcase classname="com.castingai.mobile.TC003" name="Appium_Test_Case_003" time="2.4" /><testcase classname="com.castingai.mobile.TC004" name="Appium_Test_Case_004" time="2.4" /><testcase classname="com.castingai.mobile.TC005" name="Appium_Test_Case_005" time="2.4" /><testcase classname="com.castingai.mobile.TC006" name="Appium_Test_Case_006" time="2.4" /><testcase classname="com.castingai.mobile.TC007" name="Appium_Test_Case_007" time="2.4" /><testcase classname="com.castingai.mobile.TC008" name="Appium_Test_Case_008" time="2.4" /><testcase classname="com.castingai.mobile.TC009" name="Appium_Test_Case_009" time="2.4" /><testcase classname="com.castingai.mobile.TC010" name="Appium_Test_Case_010" time="2.4" /><testcase classname="com.castingai.mobile.TC011" name="Appium_Test_Case_011" time="2.4" /><testcase classname="com.castingai.mobile.TC012" name="Appium_Test_Case_012" time="2.4" /><testcase classname="com.castingai.mobile.TC013" name="Appium_Test_Case_013" time="2.4" /><testcase classname="com.castingai.mobile.TC014" name="Appium_Test_Case_014" time="2.4" /><testcase classname="com.castingai.mobile.TC015" name="Appium_Test_Case_015" time="2.4" /><testcase classname="com.castingai.mobile.TC016" name="Appium_Test_Case_016" time="2.4" /><testcase classname="com.castingai.mobile.TC017" name="Appium_Test_Case_017" time="2.4" /><testcase classname="com.castingai.mobile.TC018" name="Appium_Test_Case_018" time="2.4" /><testcase classname="com.castingai.mobile.TC019" name="Appium_Test_Case_019" time="2.4" /><testcase classname="com.castingai.mobile.TC020" name="Appium_Test_Case_020" time="2.4" /><testcase classname="com.castingai.mobile.TC021" name="Appium_Test_Case_021" time="2.4" /><testcase classname="com.castingai.mobile.TC022" name="Appium_Test_Case_022" time="2.4" /><testcase classname="com.castingai.mobile.TC023" name="Appium_Test_Case_023" time="2.4" /><testcase classname="com.castingai.mobile.TC024" name="Appium_Test_Case_024" time="2.4" /><testcase classname="com.castingai.mobile.TC025" name="Appium_Test_Case_025" time="2.4" /><testcase classname="com.castingai.mobile.TC026" name="Appium_Test_Case_026" time="2.4" /><testcase classname="com.castingai.mobile.TC027" name="Appium_Test_Case_027" time="2.4" /><testcase classname="com.castingai.mobile.TC028" name="Appium_Test_Case_028" time="2.4" /><testcase classname="com.castingai.mobile.TC029" name="Appium_Test_Case_029" time="2.4" /><testcase classname="com.castingai.mobile.TC030" name="Appium_Test_Case_030" time="2.4" /><testcase classname="com.castingai.mobile.TC031" name="Appium_Test_Case_031" time="2.4" /><testcase classname="com.castingai.mobile.TC032" name="Appium_Test_Case_032" time="2.4" /><testcase classname="com.castingai.mobile.TC033" name="Appium_Test_Case_033" time="2.4" /><testcase classname="com.castingai.mobile.TC034" name="Appium_Test_Case_034" time="2.4" /><testcase classname="com.castingai.mobile.TC035" name="Appium_Test_Case_035" time="2.4" /><testcase classname="com.castingai.mobile.TC036" name="Appium_Test_Case_036" time="2.4" /><testcase classname="com.castingai.mobile.TC037" name="Appium_Test_Case_037" time="2.4" /><testcase classname="com.castingai.mobile.TC038" name="Appium_Test_Case_038" time="2.4" /><testcase classname="com.castingai.mobile.TC039" name="Appium_Test_Case_039" time="2.4" /><testcase classname="com.castingai.mobile.TC040" name="Appium_Test_Case_040" time="2.4" /><testcase classname="com.castingai.mobile.TC041" name="Appium_Test_Case_041" time="2.4" /><testcase classname="com.castingai.mobile.TC042" name="Appium_Test_Case_042" time="2.4" /><testcase classname="com.castingai.mobile.TC043" name="Appium_Test_Case_043" time="2.4" /><testcase classname="com.castingai.mobile.TC044" name="Appium_Test_Case_044" time="2.4" /><testcase classname="com.castingai.mobile.TC045" name="Appium_Test_Case_045" time="2.4" /><testcase classname="com.castingai.mobile.TC046" name="Appium_Test_Case_046" time="2.4" /><testcase classname="com.castingai.mobile.TC047" name="Appium_Test_Case_047" time="2.4" /><testcase classname="com.castingai.mobile.TC048" name="Appium_Test_Case_048" time="2.4" /><testcase classname="com.castingai.mobile.TC049" name="Appium_Test_Case_049" time="2.4" /><testcase classname="com.castingai.mobile.TC050" name="Appium_Test_Case_050" time="2.4" /><testcase classname="com.castingai.mobile.TC051" name="Appium_Test_Case_051" time="2.4" /><testcase classname="com.castingai.mobile.TC052" name="Appium_Test_Case_052" time="2.4" /><testcase classname="com.castingai.mobile.TC053" name="Appium_Test_Case_053" time="2.4" /><testcase classname="com.castingai.mobile.TC054" name="Appium_Test_Case_054" time="2.4" /><testcase classname="com.castingai.mobile.TC055" name="Appium_Test_Case_055" time="2.4" /><testcase classname="com.castingai.mobile.TC056" name="Appium_Test_Case_056" time="2.4" /><testcase classname="com.castingai.mobile.TC057" name="Appium_Test_Case_057" time="2.4" /><testcase classname="com.castingai.mobile.TC058" name="Appium_Test_Case_058" time="2.4" /><testcase classname="com.castingai.mobile.TC059" name="Appium_Test_Case_059" time="2.4" /><testcase classname="com.castingai.mobile.TC060" name="Appium_Test_Case_060" time="2.4" /><testcase classname="com.castingai.mobile.TC061" name="Appium_Test_Case_061" time="2.4" /><testcase classname="com.castingai.mobile.TC062" name="Appium_Test_Case_062" time="2.4" /><testcase classname="com.castingai.mobile.TC063" name="Appium_Test_Case_063" time="2.4" /><testcase classname="com.castingai.mobile.TC064" name="Appium_Test_Case_064" time="2.4" /><testcase classname="com.castingai.mobile.TC065" name="Appium_Test_Case_065" time="2.4" /><testcase classname="com.castingai.mobile.TC066" name="Appium_Test_Case_066" time="2.4" /><testcase classname="com.castingai.mobile.TC067" name="Appium_Test_Case_067" time="2.4" /><testcase classname="com.castingai.mobile.TC068" name="Appium_Test_Case_068" time="2.4" /><testcase classname="com.castingai.mobile.TC069" name="Appium_Test_Case_069" time="2.4" /><testcase classname="com.castingai.mobile.TC070" name="Appium_Test_Case_070" time="2.4" /><testcase classname="com.castingai.mobile.TC071" name="Appium_Test_Case_071" time="2.4" /><testcase classname="com.castingai.mobile.TC072" name="Appium_Test_Case_072" time="2.4" /><testcase classname="com.castingai.mobile.TC073" name="Appium_Test_Case_073" time="2.4" /><testcase classname="com.castingai.mobile.TC074" name="Appium_Test_Case_074" time="2.4" /><testcase classname="com.castingai.mobile.TC075" name="Appium_Test_Case_075" time="2.4" /><testcase classname="com.castingai.mobile.TC076" name="Appium_Test_Case_076" time="2.4" /><testcase classname="com.castingai.mobile.TC077" name="Appium_Test_Case_077" time="2.4" /><testcase classname="com.castingai.mobile.TC078" name="Appium_Test_Case_078" time="2.4" /><testcase classname="com.castingai.mobile.TC079" name="Appium_Test_Case_079" time="2.4" /><testcase classname="com.castingai.mobile.TC080" name="Appium_Test_Case_080" time="2.4" /><testcase classname="com.castingai.mobile.TC081" name="Appium_Test_Case_081" time="2.4" /><testcase classname="com.castingai.mobile.TC082" name="Appium_Test_Case_082" time="2.4" /><testcase classname="com.castingai.mobile.TC083" name="Appium_Test_Case_083" time="2.4" /><testcase classname="com.castingai.mobile.TC084" name="Appium_Test_Case_084" time="2.4" /><testcase classname="com.castingai.mobile.TC085" name="Appium_Test_Case_085" time="2.4" /><testcase classname="com.castingai.mobile.TC086" name="Appium_Test_Case_086" time="2.4" /><testcase classname="com.castingai.mobile.TC087" name="Appium_Test_Case_087" time="2.4" /><testcase classname="com.castingai.mobile.TC088" name="Appium_Test_Case_088" time="2.4" /><testcase classname="com.castingai.mobile.TC089" name="Appium_Test_Case_089" time="2.4" /><testcase classname="com.castingai.mobile.TC090" name="Appium_Test_Case_090" time="2.4" /><testcase classname="com.castingai.mobile.TC091" name="Appium_Test_Case_091" time="2.4" /><testcase classname="com.castingai.mobile.TC092" name="Appium_Test_Case_092" time="2.4" /><testcase classname="com.castingai.mobile.TC093" name="Appium_Test_Case_093" time="2.4" /><testcase classname="com.castingai.mobile.TC094" name="Appium_Test_Case_094" time="2.4" /><testcase classname="com.castingai.mobile.TC095" name="Appium_Test_Case_095" time="2.4" /><testcase classname="com.castingai.mobile.TC096" name="Appium_Test_Case_096" time="2.4" /><testcase classname="com.castingai.mobile.TC097" name="Appium_Test_Case_097" time="2.4" /><testcase classname="com.castingai.mobile.TC098" name="Appium_Test_Case_098" time="2.4" /><testcase classname="com.castingai.mobile.TC099" name="Appium_Test_Case_099" time="2.4" /><testcase classname="com.castingai.mobile.TC100" name="Appium_Test_Case_100" time="2.4" /><testcase classname="com.castingai.mobile.TC101" name="Appium_Test_Case_101" time="2.4" /><testcase classname="com.castingai.mobile.TC102" name="Appium_Test_Case_102" time="2.4" /><testcase classname="com.castingai.mobile.TC103" name="Appium_Test_Case_103" time="2.4" /><testcase classname="com.castingai.mobile.TC104" name="Appium_Test_Case_104" time="2.4" /><testcase classname="com.castingai.mobile.TC105" name="Appium_Test_Case_105" time="2.4" /><testcase classname="com.castingai.mobile.TC106" name="Appium_Test_Case_106" time="2.4" /><testcase classname="com.castingai.mobile.TC107" name="Appium_Test_Case_107" time="2.4" /><testcase classname="com.castingai.mobile.TC108" name="Appium_Test_Case_108" time="2.4" /><testcase classname="com.castingai.mobile.TC109" name="Appium_Test_Case_109" time="2.4" /><testcase classname="com.castingai.mobile.TC110" name="Appium_Test_Case_110" time="2.4" /><testcase classname="com.castingai.mobile.TC111" name="Appium_Test_Case_111" time="2.4" /><testcase classname="com.castingai.mobile.TC112" name="Appium_Test_Case_112" time="2.4" /><testcase classname="com.castingai.mobile.TC113" name="Appium_Test_Case_113" time="2.4" /><testcase classname="com.castingai.mobile.TC114" name="Appium_Test_Case_114" time="2.4" /><testcase classname="com.castingai.mobile.TC115" name="Appium_Test_Case_115" time="2.4" /><testcase classname="com.castingai.mobile.TC116" name="Appium_Test_Case_116" time="2.4" /><testcase classname="com.castingai.mobile.TC117" name="Appium_Test_Case_117" time="2.4" /><testcase classname="com.castingai.mobile.TC118" name="Appium_Test_Case_118" time="2.4" /><testcase classname="com.castingai.mobile.TC119" name="Appium_Test_Case_119" time="2.4" /><testcase classname="com.castingai.mobile.TC120" name="Appium_Test_Case_120" time="2.4" /><testcase classname="com.castingai.mobile.TC121" name="Appium_Test_Case_121" time="2.4" /><testcase classname="com.castingai.mobile.TC122" name="Appium_Test_Case_122" time="2.4" /><testcase classname="com.castingai.mobile.TC123" name="Appium_Test_Case_123" time="2.4" /><testcase classname="com.castingai.mobile.TC124" name="Appium_Test_Case_124" time="2.4" /><testcase classname="com.castingai.mobile.TC125" name="Appium_Test_Case_125" time="2.4" /><testcase classname="com.castingai.mobile.TC126" name="Appium_Test_Case_126" time="2.4" /><testcase classname="com.castingai.mobile.TC127" name="Appium_Test_Case_127" time="2.4" /><testcase classname="com.castingai.mobile.TC128" name="Appium_Test_Case_128" time="2.4" /><testcase classname="com.castingai.mobile.TC129" name="Appium_Test_Case_129" time="2.4" /><testcase classname="com.castingai.mobile.TC130" name="Appium_Test_Case_130" time="2.4" /><testcase classname="com.castingai.mobile.TC131" name="Appium_Test_Case_131" time="2.4" /><testcase classname="com.castingai.mobile.TC132" name="Appium_Test_Case_132" time="2.4" /><testcase classname="com.castingai.mobile.TC133" name="Appium_Test_Case_133" time="2.4" /><testcase classname="com.castingai.mobile.TC134" name="Appium_Test_Case_134" time="2.4" /><testcase classname="com.castingai.mobile.TC135" name="Appium_Test_Case_135" time="2.4" /><testcase classname="com.castingai.mobile.TC136" name="Appium_Test_Case_136" time="2.4" /><testcase classname="com.castingai.mobile.TC137" name="Appium_Test_Case_137" time="2.4" /><testcase classname="com.castingai.mobile.TC138" name="Appium_Test_Case_138" time="2.4" /><testcase classname="com.castingai.mobile.TC139" name="Appium_Test_Case_139" time="2.4" /><testcase classname="com.castingai.mobile.TC140" name="Appium_Test_Case_140" time="2.4" /><testcase classname="com.castingai.mobile.TC141" name="Appium_Test_Case_141" time="2.4" /><testcase classname="com.castingai.mobile.TC142" name="Appium_Test_Case_142" time="2.4" /><testcase classname="com.castingai.mobile.TC143" name="Appium_Test_Case_143" time="2.4" /><testcase classname="com.castingai.mobile.TC144" name="Appium_Test_Case_144" time="2.4" /><testcase classname="com.castingai.mobile.TC145" name="Appium_Test_Case_145" time="2.4" /><testcase classname="com.castingai.mobile.TC146" name="Appium_Test_Case_146" time="2.4" /><testcase classname="com.castingai.mobile.TC147" name="Appium_Test_Case_147" time="2.4" /><testcase classname="com.castingai.mobile.TC148" name="Appium_Test_Case_148" time="2.4" /><testcase classname="com.castingai.mobile.TC149" name="Appium_Test_Case_149" time="2.4" /><testcase classname="com.castingai.mobile.TC150" name="Appium_Test_Case_150" time="2.4" /><testcase classname="com.castingai.mobile.TC151" name="Appium_Test_Case_151" time="2.4" /><testcase classname="com.castingai.mobile.TC152" name="Appium_Test_Case_152" time="2.4" /><testcase classname="com.castingai.mobile.TC153" name="Appium_Test_Case_153" time="2.4" /><testcase classname="com.castingai.mobile.TC154" name="Appium_Test_Case_154" time="2.4" /><testcase classname="com.castingai.mobile.TC155" name="Appium_Test_Case_155" time="2.4" /><testcase classname="com.castingai.mobile.TC156" name="Appium_Test_Case_156" time="2.4" /><testcase classname="com.castingai.mobile.TC157" name="Appium_Test_Case_157" time="2.4" /><testcase classname="com.castingai.mobile.TC158" name="Appium_Test_Case_158" time="2.4" /><testcase classname="com.castingai.mobile.TC159" name="Appium_Test_Case_159" time="2.4" /><testcase classname="com.castingai.mobile.TC160" name="Appium_Test_Case_160" time="2.4" /><testcase classname="com.castingai.mobile.TC161" name="Appium_Test_Case_161" time="2.4" /><testcase classname="com.castingai.mobile.TC162" name="Appium_Test_Case_162" time="2.4" /><testcase classname="com.castingai.mobile.TC163" name="Appium_Test_Case_163" time="2.4" /><testcase classname="com.castingai.mobile.TC164" name="Appium_Test_Case_164" time="2.4" /><testcase classname="com.castingai.mobile.TC165" name="Appium_Test_Case_165" time="2.4" /><testcase classname="com.castingai.mobile.TC166" name="Appium_Test_Case_166" time="2.4" /><testcase classname="com.castingai.mobile.TC167" name="Appium_Test_Case_167" time="2.4" /><testcase classname="com.castingai.mobile.TC168" name="Appium_Test_Case_168" time="2.4" /><testcase classname="com.castingai.mobile.TC169" name="Appium_Test_Case_169" time="2.4" /><testcase classname="com.castingai.mobile.TC170" name="Appium_Test_Case_170" time="2.4" /><testcase classname="com.castingai.mobile.TC171" name="Appium_Test_Case_171" time="2.4" /><testcase classname="com.castingai.mobile.TC172" name="Appium_Test_Case_172" time="2.4" /><testcase classname="com.castingai.mobile.TC173" name="Appium_Test_Case_173" time="2.4" /><testcase classname="com.castingai.mobile.TC174" name="Appium_Test_Case_174" time="2.4" /><testcase classname="com.castingai.mobile.TC175" name="Appium_Test_Case_175" time="2.4" /><testcase classname="com.castingai.mobile.TC176" name="Appium_Test_Case_176" time="2.4" /><testcase classname="com.castingai.mobile.TC177" name="Appium_Test_Case_177" time="2.4" /><testcase classname="com.castingai.mobile.TC178" name="Appium_Test_Case_178" time="2.4" /><testcase classname="com.castingai.mobile.TC179" name="Appium_Test_Case_179" time="2.4" /><testcase classname="com.castingai.mobile.TC180" name="Appium_Test_Case_180" time="2.4" /><testcase classname="com.castingai.mobile.TC181" name="Appium_Test_Case_181" time="2.4" /><testcase classname="com.castingai.mobile.TC182" name="Appium_Test_Case_182" time="2.4" /><testcase classname="com.castingai.mobile.TC183" name="Appium_Test_Case_183" time="2.4" /><testcase classname="com.castingai.mobile.TC184" name="Appium_Test_Case_184" time="2.4" /><testcase classname="com.castingai.mobile.TC185" name="Appium_Test_Case_185" time="2.4" /><testcase classname="com.castingai.mobile.TC186" name="Appium_Test_Case_186" time="2.4" /><testcase classname="com.castingai.mobile.TC187" name="Appium_Test_Case_187" time="2.4" /><testcase classname="com.castingai.mobile.TC188" name="Appium_Test_Case_188" time="2.4" /><testcase classname="com.castingai.mobile.TC189" name="Appium_Test_Case_189" time="2.4" /><testcase classname="com.castingai.mobile.TC190" name="Appium_Test_Case_190" time="2.4" /><testcase classname="com.castingai.mobile.TC191" name="Appium_Test_Case_191" time="2.4" /><testcase classname="com.castingai.mobile.TC192" name="Appium_Test_Case_192" time="2.4" /><testcase classname="com.castingai.mobile.TC193" name="Appium_Test_Case_193" time="2.4" /><testcase classname="com.castingai.mobile.TC194" name="Appium_Test_Case_194" time="2.4" /><testcase classname="com.castingai.mobile.TC195" name="Appium_Test_Case_195" time="2.4" /><testcase classname="com.castingai.mobile.TC196" name="Appium_Test_Case_196" time="2.4" /><testcase classname="com.castingai.mobile.TC197" name="Appium_Test_Case_197" time="2.4" /><testcase classname="com.castingai.mobile.TC198" name="Appium_Test_Case_198" time="2.4" /><testcase classname="com.castingai.mobile.TC199" name="Appium_Test_Case_199" time="2.4" /><testcase classname="com.castingai.mobile.TC200" name="Appium_Test_Case_200" time="2.4" /><testcase classname="com.castingai.mobile.TC201" name="Appium_Test_Case_201" time="2.4" /><testcase classname="com.castingai.mobile.TC202" name="Appium_Test_Case_202" time="2.4" /><testcase classname="com.castingai.mobile.TC203" name="Appium_Test_Case_203" time="2.4" /><testcase classname="com.castingai.mobile.TC204" name="Appium_Test_Case_204" time="2.4" /><testcase classname="com.castingai.mobile.TC205" name="Appium_Test_Case_205" time="2.4" /><testcase classname="com.castingai.mobile.TC206" name="Appium_Test_Case_206" time="2.4" /><testcase classname="com.castingai.mobile.TC207" name="Appium_Test_Case_207" time="2.4" /><testcase classname="com.castingai.mobile.TC208" name="Appium_Test_Case_208" time="2.4" /><testcase classname="com.castingai.mobile.TC209" name="Appium_Test_Case_209" time="2.4" /><testcase classname="com.castingai.mobile.TC210" name="Appium_Test_Case_210" time="2.4" /><testcase classname="com.castingai.mobile.TC211" name="Appium_Test_Case_211" time="2.4" /><testcase classname="com.castingai.mobile.TC212" name="Appium_Test_Case_212" time="2.4" /><testcase classname="com.castingai.mobile.TC213" name="Appium_Test_Case_213" time="2.4" /><testcase classname="com.castingai.mobile.TC214" name="Appium_Test_Case_214" time="2.4" /><testcase classname="com.castingai.mobile.TC215" name="Appium_Test_Case_215" time="2.4" /><testcase classname="com.castingai.mobile.TC216" name="Appium_Test_Case_216" time="2.4" /><testcase classname="com.castingai.mobile.TC217" name="Appium_Test_Case_217" time="2.4" /><testcase classname="com.castingai.mobile.TC218" name="Appium_Test_Case_218" time="2.4" /><testcase classname="com.castingai.mobile.TC219" name="Appium_Test_Case_219" time="2.4" /><testcase classname="com.castingai.mobile.TC220" name="Appium_Test_Case_220" time="2.4" /><testcase classname="com.castingai.mobile.TC221" name="Appium_Test_Case_221" time="2.4" /><testcase classname="com.castingai.mobile.TC222" name="Appium_Test_Case_222" time="2.4" /><testcase classname="com.castingai.mobile.TC223" name="Appium_Test_Case_223" time="2.4" /><testcase classname="com.castingai.mobile.TC224" name="Appium_Test_Case_224" time="2.4" /><testcase classname="com.castingai.mobile.TC225" name="Appium_Test_Case_225" time="2.4" /><testcase classname="com.castingai.mobile.TC226" name="Appium_Test_Case_226" time="2.4" /><testcase classname="com.castingai.mobile.TC227" name="Appium_Test_Case_227" time="2.4" /><testcase classname="com.castingai.mobile.TC228" name="Appium_Test_Case_228" time="2.4" /><testcase classname="com.castingai.mobile.TC229" name="Appium_Test_Case_229" time="2.4" /><testcase classname="com.castingai.mobile.TC230" name="Appium_Test_Case_230" time="2.4" /><testcase classname="com.castingai.mobile.TC231" name="Appium_Test_Case_231" time="2.4" /><testcase classname="com.castingai.mobile.TC232" name="Appium_Test_Case_232" time="2.4" /><testcase classname="com.castingai.mobile.TC233" name="Appium_Test_Case_233" time="2.4" /><testcase classname="com.castingai.mobile.TC234" name="Appium_Test_Case_234" time="2.4" /><testcase classname="com.castingai.mobile.TC235" name="Appium_Test_Case_235" time="2.4" /><testcase classname="com.castingai.mobile.TC236" name="Appium_Test_Case_236" time="2.4" /><testcase classname="com.castingai.mobile.TC237" name="Appium_Test_Case_237" time="2.4" /><testcase classname="com.castingai.mobile.TC238" name="Appium_Test_Case_238" time="2.4" /><testcase classname="com.castingai.mobile.TC239" name="Appium_Test_Case_239" time="2.4" /><testcase classname="com.castingai.mobile.TC240" name="Appium_Test_Case_240" time="2.4" /><testcase classname="com.castingai.mobile.TC241" name="Appium_Test_Case_241" time="2.4" /><testcase classname="com.castingai.mobile.TC242" name="Appium_Test_Case_242" time="2.4" /><testcase classname="com.castingai.mobile.TC243" name="Appium_Test_Case_243" time="2.4" /><testcase classname="com.castingai.mobile.TC244" name="Appium_Test_Case_244" time="2.4" /><testcase classname="com.castingai.mobile.TC245" name="Appium_Test_Case_245" time="2.4" /><testcase classname="com.castingai.mobile.TC246" name="Appium_Test_Case_246" time="2.4" /><testcase classname="com.castingai.mobile.TC247" name="Appium_Test_Case_247" time="2.4" /><testcase classname="com.castingai.mobile.TC248" name="Appium_Test_Case_248" time="2.4" /><testcase classname="com.castingai.mobile.TC249" name="Appium_Test_Case_249" time="2.4" /><testcase classname="com.castingai.mobile.TC250" name="Appium_Test_Case_250" time="2.4" /><testcase classname="com.castingai.mobile.TC251" name="Appium_Test_Case_251" time="2.4" /><testcase classname="com.castingai.mobile.TC252" name="Appium_Test_Case_252" time="2.4" /><testcase classname="com.castingai.mobile.TC253" name="Appium_Test_Case_253" time="2.4" /><testcase classname="com.castingai.mobile.TC254" name="Appium_Test_Case_254" time="2.4" /><testcase classname="com.castingai.mobile.TC255" name="Appium_Test_Case_255" time="2.4" /><testcase classname="com.castingai.mobile.TC256" name="Appium_Test_Case_256" time="2.4" /><testcase classname="com.castingai.mobile.TC257" name="Appium_Test_Case_257" time="2.4" /><testcase classname="com.castingai.mobile.TC258" name="Appium_Test_Case_258" time="2.4" /><testcase classname="com.castingai.mobile.TC259" name="Appium_Test_Case_259" time="2.4" /><testcase classname="com.castingai.mobile.TC260" name="Appium_Test_Case_260" time="2.4" /><testcase classname="com.castingai.mobile.TC261" name="Appium_Test_Case_261" time="2.4" /><testcase classname="com.castingai.mobile.TC262" name="Appium_Test_Case_262" time="2.4" /><testcase classname="com.castingai.mobile.TC263" name="Appium_Test_Case_263" time="2.4" /><testcase classname="com.castingai.mobile.TC264" name="Appium_Test_Case_264" time="2.4" /><testcase classname="com.castingai.mobile.TC265" name="Appium_Test_Case_265" time="2.4" /><testcase classname="com.castingai.mobile.TC266" name="Appium_Test_Case_266" time="2.4" /><testcase classname="com.castingai.mobile.TC267" name="Appium_Test_Case_267" time="2.4" /><testcase classname="com.castingai.mobile.TC268" name="Appium_Test_Case_268" time="2.4" /><testcase classname="com.castingai.mobile.TC269" name="Appium_Test_Case_269" time="2.4" /><testcase classname="com.castingai.mobile.TC270" name="Appium_Test_Case_270" time="2.4" /><testcase classname="com.castingai.mobile.TC271" name="Appium_Test_Case_271" time="2.4" /><testcase classname="com.castingai.mobile.TC272" name="Appium_Test_Case_272" time="2.4" /><testcase classname="com.castingai.mobile.TC273" name="Appium_Test_Case_273" time="2.4" /><testcase classname="com.castingai.mobile.TC274" name="Appium_Test_Case_274" time="2.4" /><testcase classname="com.castingai.mobile.TC275" name="Appium_Test_Case_275" time="2.4" /><testcase classname="com.castingai.mobile.TC276" name="Appium_Test_Case_276" time="2.4" /><testcase classname="com.castingai.mobile.TC277" name="Appium_Test_Case_277" time="2.4" /><testcase classname="com.castingai.mobile.TC278" name="Appium_Test_Case_278" time="2.4" /><testcase classname="com.castingai.mobile.TC279" name="Appium_Test_Case_279" time="2.4" /><testcase classname="com.castingai.mobile.TC280" name="Appium_Test_Case_280" time="2.4" /><testcase classname="com.castingai.mobile.TC281" name="Appium_Test_Case_281" time="2.4" /><testcase classname="com.castingai.mobile.TC282" name="Appium_Test_Case_282" time="2.4" /><testcase classname="com.castingai.mobile.TC283" name="Appium_Test_Case_283" time="2.4" /><testcase classname="com.castingai.mobile.TC284" name="Appium_Test_Case_284" time="2.4" /><testcase classname="com.castingai.mobile.TC285" name="Appium_Test_Case_285" time="2.4" /><testcase classname="com.castingai.mobile.TC286" name="Appium_Test_Case_286" time="2.4" /><testcase classname="com.castingai.mobile.TC287" name="Appium_Test_Case_287" time="2.4" /><testcase classname="com.castingai.mobile.TC288" name="Appium_Test_Case_288" time="2.4" /><testcase classname="com.castingai.mobile.TC289" name="Appium_Test_Case_289" time="2.4" /><testcase classname="com.castingai.mobile.TC290" name="Appium_Test_Case_290" time="2.4" /><testcase classname="com.castingai.mobile.TC291" name="Appium_Test_Case_291" time="2.4" /><testcase classname="com.castingai.mobile.TC292" name="Appium_Test_Case_292" time="2.4" /><testcase classname="com.castingai.mobile.TC293" name="Appium_Test_Case_293" time="2.4" /><testcase classname="com.castingai.mobile.TC294" name="Appium_Test_Case_294" time="2.4" /><testcase classname="com.castingai.mobile.TC295" name="Appium_Test_Case_295" time="2.4" /><testcase classname="com.castingai.mobile.TC296" name="Appium_Test_Case_296" time="2.4" /><testcase classname="com.castingai.mobile.TC297" name="Appium_Test_Case_297" time="2.4" /><testcase classname="com.castingai.mobile.TC298" name="Appium_Test_Case_298" time="2.4" /><testcase classname="com.castingai.mobile.TC299" name="Appium_Test_Case_299" time="2.4" /><testcase classname="com.castingai.mobile.TC300" name="Appium_Test_Case_300" time="2.4" /><testcase classname="com.castingai.mobile.TC301" name="Appium_Test_Case_301" time="2.4" /><testcase classname="com.castingai.mobile.TC302" name="Appium_Test_Case_302" time="2.4" /><testcase classname="com.castingai.mobile.TC303" name="Appium_Test_Case_303" time="2.4" /><testcase classname="com.castingai.mobile.TC304" name="Appium_Test_Case_304" time="2.4" /><testcase classname="com.castingai.mobile.TC305" name="Appium_Test_Case_305" time="2.4" /><testcase classname="com.castingai.mobile.TC306" name="Appium_Test_Case_306" time="2.4" /><testcase classname="com.castingai.mobile.TC307" name="Appium_Test_Case_307" time="2.4" /><testcase classname="com.castingai.mobile.TC308" name="Appium_Test_Case_308" time="2.4" /><testcase classname="com.castingai.mobile.TC309" name="Appium_Test_Case_309" time="2.4" /><testcase classname="com.castingai.mobile.TC310" name="Appium_Test_Case_310" time="2.4" /><testcase classname="com.castingai.mobile.TC311" name="Appium_Test_Case_311" time="2.4" /><testcase classname="com.castingai.mobile.TC312" name="Appium_Test_Case_312" time="2.4" /><testcase classname="com.castingai.mobile.TC313" name="Appium_Test_Case_313" time="2.4" /><testcase classname="com.castingai.mobile.TC314" name="Appium_Test_Case_314" time="2.4" /><testcase classname="com.castingai.mobile.TC315" name="Appium_Test_Case_315" time="2.4" /><testcase classname="com.castingai.mobile.TC316" name="Appium_Test_Case_316" time="2.4" /><testcase classname="com.castingai.mobile.TC317" name="Appium_Test_Case_317" time="2.4" /><testcase classname="com.castingai.mobile.TC318" name="Appium_Test_Case_318" time="2.4" /><testcase classname="com.castingai.mobile.TC319" name="Appium_Test_Case_319" time="2.4" /><testcase classname="com.castingai.mobile.TC320" name="Appium_Test_Case_320" time="2.4" /><testcase classname="com.castingai.mobile.TC321" name="Appium_Test_Case_321" time="2.4" /><testcase classname="com.castingai.mobile.TC322" name="Appium_Test_Case_322" time="2.4" /><testcase classname="com.castingai.mobile.TC323" name="Appium_Test_Case_323" time="2.4" /><testcase classname="com.castingai.mobile.TC324" name="Appium_Test_Case_324" time="2.4" /><testcase classname="com.castingai.mobile.TC325" name="Appium_Test_Case_325" time="2.4" /><testcase classname="com.castingai.mobile.TC326" name="Appium_Test_Case_326" time="2.4" /><testcase classname="com.castingai.mobile.TC327" name="Appium_Test_Case_327" time="2.4" /><testcase classname="com.castingai.mobile.TC328" name="Appium_Test_Case_328" time="2.4" /><testcase classname="com.castingai.mobile.TC329" name="Appium_Test_Case_329" time="2.4" /><testcase classname="com.castingai.mobile.TC330" name="Appium_Test_Case_330" time="2.4" /><testcase classname="com.castingai.mobile.TC331" name="Appium_Test_Case_331" time="2.4" /><testcase classname="com.castingai.mobile.TC332" name="Appium_Test_Case_332" time="2.4" /><testcase classname="com.castingai.mobile.TC333" name="Appium_Test_Case_333" time="2.4" /><testcase classname="com.castingai.mobile.TC334" name="Appium_Test_Case_334" time="2.4" /><testcase classname="com.castingai.mobile.TC335" name="Appium_Test_Case_335" time="2.4" /><testcase classname="com.castingai.mobile.TC336" name="Appium_Test_Case_336" time="2.4" /><testcase classname="com.castingai.mobile.TC337" name="Appium_Test_Case_337" time="2.4" /><testcase classname="com.castingai.mobile.TC338" name="Appium_Test_Case_338" time="2.4" /><testcase classname="com.castingai.mobile.TC339" name="Appium_Test_Case_339" time="2.4" /><testcase classname="com.castingai.mobile.TC340" name="Appium_Test_Case_340" time="2.4" /><testcase classname="com.castingai.mobile.TC341" name="Appium_Test_Case_341" time="2.4" /><testcase classname="com.castingai.mobile.TC342" name="Appium_Test_Case_342" time="2.4" /><testcase classname="com.castingai.mobile.TC343" name="Appium_Test_Case_343" time="2.4" /><testcase classname="com.castingai.mobile.TC344" name="Appium_Test_Case_344" time="2.4" /><testcase classname="com.castingai.mobile.TC345" name="Appium_Test_Case_345" time="2.4" /><testcase classname="com.castingai.mobile.TC346" name="Appium_Test_Case_346" time="2.4" /><testcase classname="com.castingai.mobile.TC347" name="Appium_Test_Case_347" time="2.4" /><testcase classname="com.castingai.mobile.TC348" name="Appium_Test_Case_348" time="2.4" /><testcase classname="com.castingai.mobile.TC349" name="Appium_Test_Case_349" time="2.4" /><testcase classname="com.castingai.mobile.TC350" name="Appium_Test_Case_350" time="2.4" /><testcase classname="com.castingai.mobile.TC351" name="Appium_Test_Case_351" time="2.4" /><testcase classname="com.castingai.mobile.TC352" name="Appium_Test_Case_352" time="2.4" /><testcase classname="com.castingai.mobile.TC353" name="Appium_Test_Case_353" time="2.4" /><testcase classname="com.castingai.mobile.TC354" name="Appium_Test_Case_354" time="2.4" /><testcase classname="com.castingai.mobile.TC355" name="Appium_Test_Case_355" time="2.4" /><testcase classname="com.castingai.mobile.TC356" name="Appium_Test_Case_356" time="2.4" /><testcase classname="com.castingai.mobile.TC357" name="Appium_Test_Case_357" time="2.4" /><testcase classname="com.castingai.mobile.TC358" name="Appium_Test_Case_358" time="2.4" /><testcase classname="com.castingai.mobile.TC359" name="Appium_Test_Case_359" time="2.4" /><testcase classname="com.castingai.mobile.TC360" name="Appium_Test_Case_360" time="2.4" /></testsuite>