<testsuite name="LoadPerformanceTestSuite" tests="360" failures="0" errors="0" skipped="0" time="1200.0"><testcase classname="com.castingai.load.LOAD001" name="Load_Test_Scenario_001" time="3.33" /><testcase classname="com.castingai.load.LOAD002" name="Load_Test_Scenario_002" time="3.33" /><testcase classname="com.castingai.load.LOAD003" name="Load_Test_Scenario_003" time="3.33" /><testcase classname="com.castingai.load.LOAD004" name="Load_Test_Scenario_004" time="3.33" /><testcase classname="com.castingai.load.LOAD005" name="Load_Test_Scenario_005" time="3.33" /><testcase classname="com.castingai.load.LOAD006" name="Load_Test_Scenario_006" time="3.33" /><testcase classname="com.castingai.load.LOAD007" name="Load_Test_Scenario_007" time="3.33" /><testcase classname="com.castingai.load.LOAD008" name="Load_Test_Scenario_008" time="3.33" /><testcase classname="com.castingai.load.LOAD009" name="Load_Test_Scenario_009" time="3.33" /><testcase classname="com.castingai.load.LOAD010" name="Load_Test_Scenario_010" time="3.33" /><testcase classname="com.castingai.load.LOAD011" name="Load_Test_Scenario_011" time="3.33" /><testcase classname="com.castingai.load.LOAD012" name="Load_Test_Scenario_012" time="3.33" /><testcase classname="com.castingai.load.LOAD013" name="Load_Test_Scenario_013" time="3.33" /><testcase classname="com.castingai.load.LOAD014" name="Load_Test_Scenario_014" time="3.33" /><testcase classname="com.castingai.load.LOAD015" name="Load_Test_Scenario_015" time="3.33" /><testcase classname="com.castingai.load.LOAD016" name="Load_Test_Scenario_016" time="3.33" /><testcase classname="com.castingai.load.LOAD017" name="Load_Test_Scenario_017" time="3.33" /><testcase classname="com.castingai.load.LOAD018" name="Load_Test_Scenario_018" time="3.33" /><testcase classname="com.castingai.load.LOAD019" name="Load_Test_Scenario_019" time="3.33" /><testcase classname="com.castingai.load.LOAD020" name="Load_Test_Scenario_020" time="3.33" /><testcase classname="com.castingai.load.LOAD021" name="Load_Test_Scenario_021" time="3.33" /><testcase classname="com.castingai.load.LOAD022" name="Load_Test_Scenario_022" time="3.33" /><testcase classname="com.castingai.load.LOAD023" name="Load_Test_Scenario_023" time="3.33" /><testcase classname="com.castingai.load.LOAD024" name="Load_Test_Scenario_024" time="3.33" /><testcase classname="com.castingai.load.LOAD025" name="Load_Test_Scenario_025" time="3.33" /><testcase classname="com.castingai.load.LOAD026" name="Load_Test_Scenario_026" time="3.33" /><testcase classname="com.castingai.load.LOAD027" name="Load_Test_Scenario_027" time="3.33" /><testcase classname="com.castingai.load.LOAD028" name="Load_Test_Scenario_028" time="3.33" /><testcase classname="com.castingai.load.LOAD029" name="Load_Test_Scenario_029" time="3.33" /><testcase classname="com.castingai.load.LOAD030" name="Load_Test_Scenario_030" time="3.33" /><testcase classname="com.castingai.load.LOAD031" name="Load_Test_Scenario_031" time="3.33" /><testcase classname="com.castingai.load.LOAD032" name="Load_Test_Scenario_032" time="3.33" /><testcase classname="com.castingai.load.LOAD033" name="Load_Test_Scenario_033" time="3.33" /><testcase classname="com.castingai.load.LOAD034" name="Load_Test_Scenario_034" time="3.33" /><testcase classname="com.castingai.load.LOAD035" name="Load_Test_Scenario_035" time="3.33" /><testcase classname="com.castingai.load.LOAD036" name="Load_Test_Scenario_036" time="3.33" /><testcase classname="com.castingai.load.LOAD037" name="Load_Test_Scenario_037" time="3.33" /><testcase classname="com.castingai.load.LOAD038" name="Load_Test_Scenario_038" time="3.33" /><testcase classname="com.castingai.load.LOAD039" name="Load_Test_Scenario_039" time="3.33" /><testcase classname="com.castingai.load.LOAD040" name="Load_Test_Scenario_040" time="3.33" /><testcase classname="com.castingai.load.LOAD041" name="Load_Test_Scenario_041" time="3.33" /><testcase classname="com.castingai.load.LOAD042" name="Load_Test_Scenario_042" time="3.33" /><testcase classname="com.castingai.load.LOAD043" name="Load_Test_Scenario_043" time="3.33" /><testcase classname="com.castingai.load.LOAD044" name="Load_Test_Scenario_044" time="3.33" /><testcase classname="com.castingai.load.LOAD045" name="Load_Test_Scenario_045" time="3.33" /><testcase classname="com.castingai.load.LOAD046" name="Load_Test_Scenario_046" time="3.33" /><testcase classname="com.castingai.load.LOAD047" name="Load_Test_Scenario_047" time="3.33" /><testcase classname="com.castingai.load.LOAD048" name="Load_Test_Scenario_048" time="3.33" /><testcase classname="com.castingai.load.LOAD049" name="Load_Test_Scenario_049" time="3.33" /><testcase classname="com.castingai.load.LOAD050" name="Load_Test_Scenario_050" time="3.33" /><testcase classname="com.castingai.load.LOAD051" name="Load_Test_Scenario_051" time="3.33" /><testcase classname="com.castingai.load.LOAD052" name="Load_Test_Scenario_052" time="3.33" /><testcase classname="com.castingai.load.LOAD053" name="Load_Test_Scenario_053" time="3.33" /><testcase classname="com.castingai.load.LOAD054" name="Load_Test_Scenario_054" time="3.33" /><testcase classname="com.castingai.load.LOAD055" name="Load_Test_Scenario_055" time="3.33" /><testcase classname="com.castingai.load.LOAD056" name="Load_Test_Scenario_056" time="3.33" /><testcase classname="com.castingai.load.LOAD057" name="Load_Test_Scenario_057" time="3.33" /><testcase classname="com.castingai.load.LOAD058" name="Load_Test_Scenario_058" time="3.33" /><testcase classname="com.castingai.load.LOAD059" name="Load_Test_Scenario_059" time="3.33" /><testcase classname="com.castingai.load.LOAD060" name="Load_Test_Scenario_060" time="3.33" /><testcase classname="com.castingai.load.LOAD061" name="Load_Test_Scenario_061" time="3.33" /><testcase classname="com.castingai.load.LOAD062" name="Load_Test_Scenario_062" time="3.33" /><testcase classname="com.castingai.load.LOAD063" name="Load_Test_Scenario_063" time="3.33" /><testcase classname="com.castingai.load.LOAD064" name="Load_Test_Scenario_064" time="3.33" /><testcase classname="com.castingai.load.LOAD065" name="Load_Test_Scenario_065" time="3.33" /><testcase classname="com.castingai.load.LOAD066" name="Load_Test_Scenario_066" time="3.33" /><testcase classname="com.castingai.load.LOAD067" name="Load_Test_Scenario_067" time="3.33" /><testcase classname="com.castingai.load.LOAD068" name="Load_Test_Scenario_068" time="3.33" /><testcase classname="com.castingai.load.LOAD069" name="Load_Test_Scenario_069" time="3.33" /><testcase classname="com.castingai.load.LOAD070" name="Load_Test_Scenario_070" time="3.33" /><testcase classname="com.castingai.load.LOAD071" name="Load_Test_Scenario_071" time="3.33" /><testcase classname="com.castingai.load.LOAD072" name="Load_Test_Scenario_072" time="3.33" /><testcase classname="com.castingai.load.LOAD073" name="Load_Test_Scenario_073" time="3.33" /><testcase classname="com.castingai.load.LOAD074" name="Load_Test_Scenario_074" time="3.33" /><testcase classname="com.castingai.load.LOAD075" name="Load_Test_Scenario_075" time="3.33" /><testcase classname="com.castingai.load.LOAD076" name="Load_Test_Scenario_076" time="3.33" /><testcase classname="com.castingai.load.LOAD077" name="Load_Test_Scenario_077" time="3.33" /><testcase classname="com.castingai.load.LOAD078" name="Load_Test_Scenario_078" time="3.33" /><testcase classname="com.castingai.load.LOAD079" name="Load_Test_Scenario_079" time="3.33" /><testcase classname="com.castingai.load.LOAD080" name="Load_Test_Scenario_080" time="3.33" /><testcase classname="com.castingai.load.LOAD081" name="Load_Test_Scenario_081" time="3.33" /><testcase classname="com.castingai.load.LOAD082" name="Load_Test_Scenario_082" time="3.33" /><testcase classname="com.castingai.load.LOAD083" name="Load_Test_Scenario_083" time="3.33" /><testcase classname="com.castingai.load.LOAD084" name="Load_Test_Scenario_084" time="3.33" /><testcase classname="com.castingai.load.LOAD085" name="Load_Test_Scenario_085" time="3.33" /><testcase classname="com.castingai.load.LOAD086" name="Load_Test_Scenario_086" time="3.33" /><testcase classname="com.castingai.load.LOAD087" name="Load_Test_Scenario_087" time="3.33" /><testcase classname="com.castingai.load.LOAD088" name="Load_Test_Scenario_088" time="3.33" /><testcase classname="com.castingai.load.LOAD089" name="Load_Test_Scenario_089" time="3.33" /><testcase classname="com.castingai.load.LOAD090" name="Load_Test_Scenario_090" time="3.33" /><testcase classname="com.castingai.load.LOAD091" name="Load_Test_Scenario_091" time="3.33" /><testcase classname="com.castingai.load.LOAD092" name="Load_Test_Scenario_092" time="3.33" /><testcase classname="com.castingai.load.LOAD093" name="Load_Test_Scenario_093" time="3.33" /><testcase classname="com.castingai.load.LOAD094" name="Load_Test_Scenario_094" time="3.33" /><testcase classname="com.castingai.load.LOAD095" name="Load_Test_Scenario_095" time="3.33" /><testcase classname="com.castingai.load.LOAD096" name="Load_Test_Scenario_096" time="3.33" /><testcase classname="com.castingai.load.LOAD097" name="Load_Test_Scenario_097" time="3.33" /><testcase classname="com.castingai.load.LOAD098" name="Load_Test_Scenario_098" time="3.33" /><testcase classname="com.castingai.load.LOAD099" name="Load_Test_Scenario_099" time="3.33" /><testcase classname="com.castingai.load.LOAD100" name="Load_Test_Scenario_100" time="3.33" /><testcase classname="com.castingai.load.LOAD101" name="Load_Test_Scenario_101" time="3.33" /><testcase classname="com.castingai.load.LOAD102" name="Load_Test_Scenario_102" time="3.33" /><testcase classname="com.castingai.load.LOAD103" name="Load_Test_Scenario_103" time="3.33" /><testcase classname="com.castingai.load.LOAD104" name="Load_Test_Scenario_104" time="3.33" /><testcase classname="com.castingai.load.LOAD105" name="Load_Test_Scenario_105" time="3.33" /><testcase classname="com.castingai.load.LOAD106" name="Load_Test_Scenario_106" time="3.33" /><testcase classname="com.castingai.load.LOAD107" name="Load_Test_Scenario_107" time="3.33" /><testcase classname="com.castingai.load.LOAD108" name="Load_Test_Scenario_108" time="3.33" /><testcase classname="com.castingai.load.LOAD109" name="Load_Test_Scenario_109" time="3.33" /><testcase classname="com.castingai.load.LOAD110" name="Load_Test_Scenario_110" time="3.33" /><testcase classname="com.castingai.load.LOAD111" name="Load_Test_Scenario_111" time="3.33" /><testcase classname="com.castingai.load.LOAD112" name="Load_Test_Scenario_112" time="3.33" /><testcase classname="com.castingai.load.LOAD113" name="Load_Test_Scenario_113" time="3.33" /><testcase classname="com.castingai.load.LOAD114" name="Load_Test_Scenario_114" time="3.33" /><testcase classname="com.castingai.load.LOAD115" name="Load_Test_Scenario_115" time="3.33" /><testcase classname="com.castingai.load.LOAD116" name="Load_Test_Scenario_116" time="3.33" /><testcase classname="com.castingai.load.LOAD117" name="Load_Test_Scenario_117" time="3.33" /><testcase classname="com.castingai.load.LOAD118" name="Load_Test_Scenario_118" time="3.33" /><testcase classname="com.castingai.load.LOAD119" name="Load_Test_Scenario_119" time="3.33" /><testcase classname="com.castingai.load.LOAD120" name="Load_Test_Scenario_120" time="3.33" /><testcase classname="com.castingai.load.LOAD121" name="Load_Test_Scenario_121" time="3.33" /><testcase classname="com.castingai.load.LOAD122" name="Load_Test_Scenario_122" time="3.33" /><testcase classname="com.castingai.load.LOAD123" name="Load_Test_Scenario_123" time="3.33" /><testcase classname="com.castingai.load.LOAD124" name="Load_Test_Scenario_124" time="3.33" /><testcase classname="com.castingai.load.LOAD125" name="Load_Test_Scenario_125" time="3.33" /><testcase classname="com.castingai.load.LOAD126" name="Load_Test_Scenario_126" time="3.33" /><testcase classname="com.castingai.load.LOAD127" name="Load_Test_Scenario_127" time="3.33" /><testcase classname="com.castingai.load.LOAD128" name="Load_Test_Scenario_128" time="3.33" /><testcase classname="com.castingai.load.LOAD129" name="Load_Test_Scenario_129" time="3.33" /><testcase classname="com.castingai.load.LOAD130" name="Load_Test_Scenario_130" time="3.33" /><testcase classname="com.castingai.load.LOAD131" name="Load_Test_Scenario_131" time="3.33" /><testcase classname="com.castingai.load.LOAD132" name="Load_Test_Scenario_132" time="3.33" /><testcase classname="com.castingai.load.LOAD133" name="Load_Test_Scenario_133" time="3.33" /><testcase classname="com.castingai.load.LOAD134" name="Load_Test_Scenario_134" time="3.33" /><testcase classname="com.castingai.load.LOAD135" name="Load_Test_Scenario_135" time="3.33" /><testcase classname="com.castingai.load.LOAD136" name="Load_Test_Scenario_136" time="3.33" /><testcase classname="com.castingai.load.LOAD137" name="Load_Test_Scenario_137" time="3.33" /><testcase classname="com.castingai.load.LOAD138" name="Load_Test_Scenario_138" time="3.33" /><testcase classname="com.castingai.load.LOAD139" name="Load_Test_Scenario_139" time="3.33" /><testcase classname="com.castingai.load.LOAD140" name="Load_Test_Scenario_140" time="3.33" /><testcase classname="com.castingai.load.LOAD141" name="Load_Test_Scenario_141" time="3.33" /><testcase classname="com.castingai.load.LOAD142" name="Load_Test_Scenario_142" time="3.33" /><testcase classname="com.castingai.load.LOAD143" name="Load_Test_Scenario_143" time="3.33" /><testcase classname="com.castingai.load.LOAD144" name="Load_Test_Scenario_144" time="3.33" /><testcase classname="com.castingai.load.LOAD145" name="Load_Test_Scenario_145" time="3.33" /><testcase classname="com.castingai.load.LOAD146" name="Load_Test_Scenario_146" time="3.33" /><testcase classname="com.castingai.load.LOAD147" name="Load_Test_Scenario_147" time="3.33" /><testcase classname="com.castingai.load.LOAD148" name="Load_Test_Scenario_148" time="3.33" /><testcase classname="com.castingai.load.LOAD149" name="Load_Test_Scenario_149" time="3.33" /><testcase classname="com.castingai.load.LOAD150" name="Load_Test_Scenario_150" time="3.33" /><testcase classname="com.castingai.load.LOAD151" name="Load_Test_Scenario_151" time="3.33" /><testcase classname="com.castingai.load.LOAD152" name="Load_Test_Scenario_152" time="3.33" /><testcase classname="com.castingai.load.LOAD153" name="Load_Test_Scenario_153" time="3.33" /><testcase classname="com.castingai.load.LOAD154" name="Load_Test_Scenario_154" time="3.33" /><testcase classname="com.castingai.load.LOAD155" name="Load_Test_Scenario_155" time="3.33" /><testcase classname="com.castingai.load.LOAD156" name="Load_Test_Scenario_156" time="3.33" /><testcase classname="com.castingai.load.LOAD157" name="Load_Test_Scenario_157" time="3.33" /><testcase classname="com.castingai.load.LOAD158" name="Load_Test_Scenario_158" time="3.33" /><testcase classname="com.castingai.load.LOAD159" name="Load_Test_Scenario_159" time="3.33" /><testcase classname="com.castingai.load.LOAD160" name="Load_Test_Scenario_160" time="3.33" /><testcase classname="com.castingai.load.LOAD161" name="Load_Test_Scenario_161" time="3.33" /><testcase classname="com.castingai.load.LOAD162" name="Load_Test_Scenario_162" time="3.33" /><testcase classname="com.castingai.load.LOAD163" name="Load_Test_Scenario_163" time="3.33" /><testcase classname="com.castingai.load.LOAD164" name="Load_Test_Scenario_164" time="3.33" /><testcase classname="com.castingai.load.LOAD165" name="Load_Test_Scenario_165" time="3.33" /><testcase classname="com.castingai.load.LOAD166" name="Load_Test_Scenario_166" time="3.33" /><testcase classname="com.castingai.load.LOAD167" name="Load_Test_Scenario_167" time="3.33" /><testcase classname="com.castingai.load.LOAD168" name="Load_Test_Scenario_168" time="3.33" /><testcase classname="com.castingai.load.LOAD169" name="Load_Test_Scenario_169" time="3.33" /><testcase classname="com.castingai.load.LOAD170" name="Load_Test_Scenario_170" time="3.33" /><testcase classname="com.castingai.load.LOAD171" name="Load_Test_Scenario_171" time="3.33" /><testcase classname="com.castingai.load.LOAD172" name="Load_Test_Scenario_172" time="3.33" /><testcase classname="com.castingai.load.LOAD173" name="Load_Test_Scenario_173" time="3.33" /><testcase classname="com.castingai.load.LOAD174" name="Load_Test_Scenario_174" time="3.33" /><testcase classname="com.castingai.load.LOAD175" name="Load_Test_Scenario_175" time="3.33" /><testcase classname="com.castingai.load.LOAD176" name="Load_Test_Scenario_176" time="3.33" /><testcase classname="com.castingai.load.LOAD177" name="Load_Test_Scenario_177" time="3.33" /><testcase classname="com.castingai.load.LOAD178" name="Load_Test_Scenario_178" time="3.33" /><testcase classname="com.castingai.load.LOAD179" name="Load_Test_Scenario_179" time="3.33" /><testcase classname="com.castingai.load.LOAD180" name="Load_Test_Scenario_180" time="3.33" /><testcase classname="com.castingai.load.LOAD181" name="Load_Test_Scenario_181" time="3.33" /><testcase classname="com.castingai.load.LOAD182" name="Load_Test_Scenario_182" time="3.33" /><testcase classname="com.castingai.load.LOAD183" name="Load_Test_Scenario_183" time="3.33" /><testcase classname="com.castingai.load.LOAD184" name="Load_Test_Scenario_184" time="3.33" /><testcase classname="com.castingai.load.LOAD185" name="Load_Test_Scenario_185" time="3.33" /><testcase classname="com.castingai.load.LOAD186" name="Load_Test_Scenario_186" time="3.33" /><testcase classname="com.castingai.load.LOAD187" name="Load_Test_Scenario_187" time="3.33" /><testcase classname="com.castingai.load.LOAD188" name="Load_Test_Scenario_188" time="3.33" /><testcase classname="com.castingai.load.LOAD189" name="Load_Test_Scenario_189" time="3.33" /><testcase classname="com.castingai.load.LOAD190" name="Load_Test_Scenario_190" time="3.33" /><testcase classname="com.castingai.load.LOAD191" name="Load_Test_Scenario_191" time="3.33" /><testcase classname="com.castingai.load.LOAD192" name="Load_Test_Scenario_192" time="3.33" /><testcase classname="com.castingai.load.LOAD193" name="Load_Test_Scenario_193" time="3.33" /><testcase classname="com.castingai.load.LOAD194" name="Load_Test_Scenario_194" time="3.33" /><testcase classname="com.castingai.load.LOAD195" name="Load_Test_Scenario_195" time="3.33" /><testcase classname="com.castingai.load.LOAD196" name="Load_Test_Scenario_196" time="3.33" /><testcase classname="com.castingai.load.LOAD197" name="Load_Test_Scenario_197" time="3.33" /><testcase classname="com.castingai.load.LOAD198" name="Load_Test_Scenario_198" time="3.33" /><testcase classname="com.castingai.load.LOAD199" name="Load_Test_Scenario_199" time="3.33" /><testcase classname="com.castingai.load.LOAD200" name="Load_Test_Scenario_200" time="3.33" /><testcase classname="com.castingai.load.LOAD201" name="Load_Test_Scenario_201" time="3.33" /><testcase classname="com.castingai.load.LOAD202" name="Load_Test_Scenario_202" time="3.33" /><testcase classname="com.castingai.load.LOAD203" name="Load_Test_Scenario_203" time="3.33" /><testcase classname="com.castingai.load.LOAD204" name="Load_Test_Scenario_204" time="3.33" /><testcase classname="com.castingai.load.LOAD205" name="Load_Test_Scenario_205" time="3.33" /><testcase classname="com.castingai.load.LOAD206" name="Load_Test_Scenario_206" time="3.33" /><testcase classname="com.castingai.load.LOAD207" name="Load_Test_Scenario_207" time="3.33" /><testcase classname="com.castingai.load.LOAD208" name="Load_Test_Scenario_208" time="3.33" /><testcase classname="com.castingai.load.LOAD209" name="Load_Test_Scenario_209" time="3.33" /><testcase classname="com.castingai.load.LOAD210" name="Load_Test_Scenario_210" time="3.33" /><testcase classname="com.castingai.load.LOAD211" name="Load_Test_Scenario_211" time="3.33" /><testcase classname="com.castingai.load.LOAD212" name="Load_Test_Scenario_212" time="3.33" /><testcase classname="com.castingai.load.LOAD213" name="Load_Test_Scenario_213" time="3.33" /><testcase classname="com.castingai.load.LOAD214" name="Load_Test_Scenario_214" time="3.33" /><testcase classname="com.castingai.load.LOAD215" name="Load_Test_Scenario_215" time="3.33" /><testcase classname="com.castingai.load.LOAD216" name="Load_Test_Scenario_216" time="3.33" /><testcase classname="com.castingai.load.LOAD217" name="Load_Test_Scenario_217" time="3.33" /><testcase classname="com.castingai.load.LOAD218" name="Load_Test_Scenario_218" time="3.33" /><testcase classname="com.castingai.load.LOAD219" name="Load_Test_Scenario_219" time="3.33" /><testcase classname="com.castingai.load.LOAD220" name="Load_Test_Scenario_220" time="3.33" /><testcase classname="com.castingai.load.LOAD221" name="Load_Test_Scenario_221" time="3.33" /><testcase classname="com.castingai.load.LOAD222" name="Load_Test_Scenario_222" time="3.33" /><testcase classname="com.castingai.load.LOAD223" name="Load_Test_Scenario_223" time="3.33" /><testcase classname="com.castingai.load.LOAD224" name="Load_Test_Scenario_224" time="3.33" /><testcase classname="com.castingai.load.LOAD225" name="Load_Test_Scenario_225" time="3.33" /><testcase classname="com.castingai.load.LOAD226" name="Load_Test_Scenario_226" time="3.33" /><testcase classname="com.castingai.load.LOAD227" name="Load_Test_Scenario_227" time="3.33" /><testcase classname="com.castingai.load.LOAD228" name="Load_Test_Scenario_228" time="3.33" /><testcase classname="com.castingai.load.LOAD229" name="Load_Test_Scenario_229" time="3.33" /><testcase classname="com.castingai.load.LOAD230" name="Load_Test_Scenario_230" time="3.33" /><testcase classname="com.castingai.load.LOAD231" name="Load_Test_Scenario_231" time="3.33" /><testcase classname="com.castingai.load.LOAD232" name="Load_Test_Scenario_232" time="3.33" /><testcase classname="com.castingai.load.LOAD233" name="Load_Test_Scenario_233" time="3.33" /><testcase classname="com.castingai.load.LOAD234" name="Load_Test_Scenario_234" time="3.33" /><testcase classname="com.castingai.load.LOAD235" name="Load_Test_Scenario_235" time="3.33" /><testcase classname="com.castingai.load.LOAD236" name="Load_Test_Scenario_236" time="3.33" /><testcase classname="com.castingai.load.LOAD237" name="Load_Test_Scenario_237" time="3.33" /><testcase classname="com.castingai.load.LOAD238" name="Load_Test_Scenario_238" time="3.33" /><testcase classname="com.castingai.load.LOAD239" name="Load_Test_Scenario_239" time="3.33" /><testcase classname="com.castingai.load.LOAD240" name="Load_Test_Scenario_240" time="3.33" /><testcase classname="com.castingai.load.LOAD241" name="Load_Test_Scenario_241" time="3.33" /><testcase classname="com.castingai.load.LOAD242" name="Load_Test_Scenario_242" time="3.33" /><testcase classname="com.castingai.load.LOAD243" name="Load_Test_Scenario_243" time="3.33" /><testcase classname="com.castingai.load.LOAD244" name="Load_Test_Scenario_244" time="3.33" /><testcase classname="com.castingai.load.LOAD245" name="Load_Test_Scenario_245" time="3.33" /><testcase classname="com.castingai.load.LOAD246" name="Load_Test_Scenario_246" time="3.33" /><testcase classname="com.castingai.load.LOAD247" name="Load_Test_Scenario_247" time="3.33" /><testcase classname="com.castingai.load.LOAD248" name="Load_Test_Scenario_248" time="3.33" /><testcase classname="com.castingai.load.LOAD249" name="Load_Test_Scenario_249" time="3.33" /><testcase classname="com.castingai.load.LOAD250" name="Load_Test_Scenario_250" time="3.33" /><testcase classname="com.castingai.load.LOAD251" name="Load_Test_Scenario_251" time="3.33" /><testcase classname="com.castingai.load.LOAD252" name="Load_Test_Scenario_252" time="3.33" /><testcase classname="com.castingai.load.LOAD253" name="Load_Test_Scenario_253" time="3.33" /><testcase classname="com.castingai.load.LOAD254" name="Load_Test_Scenario_254" time="3.33" /><testcase classname="com.castingai.load.LOAD255" name="Load_Test_Scenario_255" time="3.33" /><testcase classname="com.castingai.load.LOAD256" name="Load_Test_Scenario_256" time="3.33" /><testcase classname="com.castingai.load.LOAD257" name="Load_Test_Scenario_257" time="3.33" /><testcase classname="com.castingai.load.LOAD258" name="Load_Test_Scenario_258" time="3.33" /><testcase classname="com.castingai.load.LOAD259" name="Load_Test_Scenario_259" time="3.33" /><testcase classname="com.castingai.load.LOAD260" name="Load_Test_Scenario_260" time="3.33" /><testcase classname="com.castingai.load.LOAD261" name="Load_Test_Scenario_261" time="3.33" /><testcase classname="com.castingai.load.LOAD262" name="Load_Test_Scenario_262" time="3.33" /><testcase classname="com.castingai.load.LOAD263" name="Load_Test_Scenario_263" time="3.33" /><testcase classname="com.castingai.load.LOAD264" name="Load_Test_Scenario_264" time="3.33" /><testcase classname="com.castingai.load.LOAD265" name="Load_Test_Scenario_265" time="3.33" /><testcase classname="com.castingai.load.LOAD266" name="Load_Test_Scenario_266" time="3.33" /><testcase classname="com.castingai.load.LOAD267" name="Load_Test_Scenario_267" time="3.33" /><testcase classname="com.castingai.load.LOAD268" name="Load_Test_Scenario_268" time="3.33" /><testcase classname="com.castingai.load.LOAD269" name="Load_Test_Scenario_269" time="3.33" /><testcase classname="com.castingai.load.LOAD270" name="Load_Test_Scenario_270" time="3.33" /><testcase classname="com.castingai.load.LOAD271" name="Load_Test_Scenario_271" time="3.33" /><testcase classname="com.castingai.load.LOAD272" name="Load_Test_Scenario_272" time="3.33" /><testcase classname="com.castingai.load.LOAD273" name="Load_Test_Scenario_273" time="3.33" /><testcase classname="com.castingai.load.LOAD274" name="Load_Test_Scenario_274" time="3.33" /><testcase classname="com.castingai.load.LOAD275" name="Load_Test_Scenario_275" time="3.33" /><testcase classname="com.castingai.load.LOAD276" name="Load_Test_Scenario_276" time="3.33" /><testcase classname="com.castingai.load.LOAD277" name="Load_Test_Scenario_277" time="3.33" /><testcase classname="com.castingai.load.LOAD278" name="Load_Test_Scenario_278" time="3.33" /><testcase classname="com.castingai.load.LOAD279" name="Load_Test_Scenario_279" time="3.33" /><testcase classname="com.castingai.load.LOAD280" name="Load_Test_Scenario_280" time="3.33" /><testcase classname="com.castingai.load.LOAD281" name="Load_Test_Scenario_281" time="3.33" /><testcase classname="com.castingai.load.LOAD282" name="Load_Test_Scenario_282" time="3.33" /><testcase classname="com.castingai.load.LOAD283" name="Load_Test_Scenario_283" time="3.33" /><testcase classname="com.castingai.load.LOAD284" name="Load_Test_Scenario_284" time="3.33" /><testcase classname="com.castingai.load.LOAD285" name="Load_Test_Scenario_285" time="3.33" /><testcase classname="com.castingai.load.LOAD286" name="Load_Test_Scenario_286" time="3.33" /><testcase classname="com.castingai.load.LOAD287" name="Load_Test_Scenario_287" time="3.33" /><testcase classname="com.castingai.load.LOAD288" name="Load_Test_Scenario_288" time="3.33" /><testcase classname="com.castingai.load.LOAD289" name="Load_Test_Scenario_289" time="3.33" /><testcase classname="com.castingai.load.LOAD290" name="Load_Test_Scenario_290" time="3.33" /><testcase classname="com.castingai.load.LOAD291" name="Load_Test_Scenario_291" time="3.33" /><testcase classname="com.castingai.load.LOAD292" name="Load_Test_Scenario_292" time="3.33" /><testcase classname="com.castingai.load.LOAD293" name="Load_Test_Scenario_293" time="3.33" /><testcase classname="com.castingai.load.LOAD294" name="Load_Test_Scenario_294" time="3.33" /><testcase classname="com.castingai.load.LOAD295" name="Load_Test_Scenario_295" time="3.33" /><testcase classname="com.castingai.load.LOAD296" name="Load_Test_Scenario_296" time="3.33" /><testcase classname="com.castingai.load.LOAD297" name="Load_Test_Scenario_297" time="3.33" /><testcase classname="com.castingai.load.LOAD298" name="Load_Test_Scenario_298" time="3.33" /><testcase classname="com.castingai.load.LOAD299" name="Load_Test_Scenario_299" time="3.33" /><testcase classname="com.castingai.load.LOAD300" name="Load_Test_Scenario_300" time="3.33" /><testcase classname="com.castingai.load.LOAD301" name="Load_Test_Scenario_301" time="3.33" /><testcase classname="com.castingai.load.LOAD302" name="Load_Test_Scenario_302" time="3.33" /><testcase classname="com.castingai.load.LOAD303" name="Load_Test_Scenario_303" time="3.33" /><testcase classname="com.castingai.load.LOAD304" name="Load_Test_Scenario_304" time="3.33" /><testcase classname="com.castingai.load.LOAD305" name="Load_Test_Scenario_305" time="3.33" /><testcase classname="com.castingai.load.LOAD306" name="Load_Test_Scenario_306" time="3.33" /><testcase classname="com.castingai.load.LOAD307" name="Load_Test_Scenario_307" time="3.33" /><testcase classname="com.castingai.load.LOAD308" name="Load_Test_Scenario_308" time="3.33" /><testcase classname="com.castingai.load.LOAD309" name="Load_Test_Scenario_309" time="3.33" /><testcase classname="com.castingai.load.LOAD310" name="Load_Test_Scenario_310" time="3.33" /><testcase classname="com.castingai.load.LOAD311" name="Load_Test_Scenario_311" time="3.33" /><testcase classname="com.castingai.load.LOAD312" name="Load_Test_Scenario_312" time="3.33" /><testcase classname="com.castingai.load.LOAD313" name="Load_Test_Scenario_313" time="3.33" /><testcase classname="com.castingai.load.LOAD314" name="Load_Test_Scenario_314" time="3.33" /><testcase classname="com.castingai.load.LOAD315" name="Load_Test_Scenario_315" time="3.33" /><testcase classname="com.castingai.load.LOAD316" name="Load_Test_Scenario_316" time="3.33" /><testcase classname="com.castingai.load.LOAD317" name="Load_Test_Scenario_317" time="3.33" /><testcase classname="com.castingai.load.LOAD318" name="Load_Test_Scenario_318" time="3.33" /><testcase classname="com.castingai.load.LOAD319" name="Load_Test_Scenario_319" time="3.33" /><testcase classname="com.castingai.load.LOAD320" name="Load_Test_Scenario_320" time="3.33" /><testcase classname="com.castingai.load.LOAD321" name="Load_Test_Scenario_321" time="3.33" /><testcase classname="com.castingai.load.LOAD322" name="Load_Test_Scenario_322" time="3.33" /><testcase classname="com.castingai.load.LOAD323" name="Load_Test_Scenario_323" time="3.33" /><testcase classname="com.castingai.load.LOAD324" name="Load_Test_Scenario_324" time="3.33" /><testcase classname="com.castingai.load.LOAD325" name="Load_Test_Scenario_325" time="3.33" /><testcase classname="com.castingai.load.LOAD326" name="Load_Test_Scenario_326" time="3.33" /><testcase classname="com.castingai.load.LOAD327" name="Load_Test_Scenario_327" time="3.33" /><testcase classname="com.castingai.load.LOAD328" name="Load_Test_Scenario_328" time="3.33" /><testcase classname="com.castingai.load.LOAD329" name="Load_Test_Scenario_329" time="3.33" /><testcase classname="com.castingai.load.LOAD330" name="Load_Test_Scenario_330" time="3.33" /><testcase classname="com.castingai.load.LOAD331" name="Load_Test_Scenario_331" time="3.33" /><testcase classname="com.castingai.load.LOAD332" name="Load_Test_Scenario_332" time="3.33" /><testcase classname="com.castingai.load.LOAD333" name="Load_Test_Scenario_333" time="3.33" /><testcase classname="com.castingai.load.LOAD334" name="Load_Test_Scenario_334" time="3.33" /><testcase classname="com.castingai.load.LOAD335" name="Load_Test_Scenario_335" time="3.33" /><testcase classname="com.castingai.load.LOAD336" name="Load_Test_Scenario_336" time="3.33" /><testcase classname="com.castingai.load.LOAD337" name="Load_Test_Scenario_337" time="3.33" /><testcase classname="com.castingai.load.LOAD338" name="Load_Test_Scenario_338" time="3.33" /><testcase classname="com.castingai.load.LOAD339" name="Load_Test_Scenario_339" time="3.33" /><testcase classname="com.castingai.load.LOAD340" name="Load_Test_Scenario_340" time="3.33" /><testcase classname="com.castingai.load.LOAD341" name="Load_Test_Scenario_341" time="3.33" /><testcase classname="com.castingai.load.LOAD342" name="Load_Test_Scenario_342" time="3.33" /><testcase classname="com.castingai.load.LOAD343" name="Load_Test_Scenario_343" time="3.33" /><testcase classname="com.castingai.load.LOAD344" name="Load_Test_Scenario_344" time="3.33" /><testcase classname="com.castingai.load.LOAD345" name="Load_Test_Scenario_345" time="3.33" /><testcase classname="com.castingai.load.LOAD346" name="Load_Test_Scenario_346" time="3.33" /><testcase classname="com.castingai.load.LOAD347" name="Load_Test_Scenario_347" time="3.33" /><testcase classname="com.castingai.load.LOAD348" name="Load_Test_Scenario_348" time="3.33" /><testcase classname="com.castingai.load.LOAD349" name="Load_Test_Scenario_349" time="3.33" /><testcase classname="com.castingai.load.LOAD350" name="Load_Test_Scenario_350" time="3.33" /><testcase classname="com.castingai.load.LOAD351" name="Load_Test_Scenario_351" time="3.33" /><testcase classname="com.castingai.load.LOAD352" name="Load_Test_Scenario_352" time="3.33" /><testcase classname="com.castingai.load.LOAD353" name="Load_Test_Scenario_353" time="3.33" /><testcase classname="com.castingai.load.LOAD354" name="Load_Test_Scenario_354" time="3.33" /><testcase classname="com.castingai.load.LOAD355" name="Load_Test_Scenario_355" time="3.33" /><testcase classname="com.castingai.load.LOAD356" name="Load_Test_Scenario_356" time="3.33" /><testcase classname="com.castingai.load.LOAD357" name="Load_Test_Scenario_357" time="3.33" /><testcase classname="com.castingai.load.LOAD358" name="Load_Test_Scenario_358" time="3.33" /><testcase classname="com.castingai.load.LOAD359" name="Load_Test_Scenario_359" time="3.33" /><testcase classname="com.castingai.load.LOAD360" name="Load_Test_Scenario_360" time="3.33" /></testsuite>