<testsuite name="SecurityAuditTestSuite" tests="360" failures="0" errors="0" skipped="0" time="735.0"><testcase classname="com.castingai.security.SEC001" name="Security_Audit_Scenario_001" time="2.04" /><testcase classname="com.castingai.security.SEC002" name="Security_Audit_Scenario_002" time="2.04" /><testcase classname="com.castingai.security.SEC003" name="Security_Audit_Scenario_003" time="2.04" /><testcase classname="com.castingai.security.SEC004" name="Security_Audit_Scenario_004" time="2.04" /><testcase classname="com.castingai.security.SEC005" name="Security_Audit_Scenario_005" time="2.04" /><testcase classname="com.castingai.security.SEC006" name="Security_Audit_Scenario_006" time="2.04" /><testcase classname="com.castingai.security.SEC007" name="Security_Audit_Scenario_007" time="2.04" /><testcase classname="com.castingai.security.SEC008" name="Security_Audit_Scenario_008" time="2.04" /><testcase classname="com.castingai.security.SEC009" name="Security_Audit_Scenario_009" time="2.04" /><testcase classname="com.castingai.security.SEC010" name="Security_Audit_Scenario_010" time="2.04" /><testcase classname="com.castingai.security.SEC011" name="Security_Audit_Scenario_011" time="2.04" /><testcase classname="com.castingai.security.SEC012" name="Security_Audit_Scenario_012" time="2.04" /><testcase classname="com.castingai.security.SEC013" name="Security_Audit_Scenario_013" time="2.04" /><testcase classname="com.castingai.security.SEC014" name="Security_Audit_Scenario_014" time="2.04" /><testcase classname="com.castingai.security.SEC015" name="Security_Audit_Scenario_015" time="2.04" /><testcase classname="com.castingai.security.SEC016" name="Security_Audit_Scenario_016" time="2.04" /><testcase classname="com.castingai.security.SEC017" name="Security_Audit_Scenario_017" time="2.04" /><testcase classname="com.castingai.security.SEC018" name="Security_Audit_Scenario_018" time="2.04" /><testcase classname="com.castingai.security.SEC019" name="Security_Audit_Scenario_019" time="2.04" /><testcase classname="com.castingai.security.SEC020" name="Security_Audit_Scenario_020" time="2.04" /><testcase classname="com.castingai.security.SEC021" name="Security_Audit_Scenario_021" time="2.04" /><testcase classname="com.castingai.security.SEC022" name="Security_Audit_Scenario_022" time="2.04" /><testcase classname="com.castingai.security.SEC023" name="Security_Audit_Scenario_023" time="2.04" /><testcase classname="com.castingai.security.SEC024" name="Security_Audit_Scenario_024" time="2.04" /><testcase classname="com.castingai.security.SEC025" name="Security_Audit_Scenario_025" time="2.04" /><testcase classname="com.castingai.security.SEC026" name="Security_Audit_Scenario_026" time="2.04" /><testcase classname="com.castingai.security.SEC027" name="Security_Audit_Scenario_027" time="2.04" /><testcase classname="com.castingai.security.SEC028" name="Security_Audit_Scenario_028" time="2.04" /><testcase classname="com.castingai.security.SEC029" name="Security_Audit_Scenario_029" time="2.04" /><testcase classname="com.castingai.security.SEC030" name="Security_Audit_Scenario_030" time="2.04" /><testcase classname="com.castingai.security.SEC031" name="Security_Audit_Scenario_031" time="2.04" /><testcase classname="com.castingai.security.SEC032" name="Security_Audit_Scenario_032" time="2.04" /><testcase classname="com.castingai.security.SEC033" name="Security_Audit_Scenario_033" time="2.04" /><testcase classname="com.castingai.security.SEC034" name="Security_Audit_Scenario_034" time="2.04" /><testcase classname="com.castingai.security.SEC035" name="Security_Audit_Scenario_035" time="2.04" /><testcase classname="com.castingai.security.SEC036" name="Security_Audit_Scenario_036" time="2.04" /><testcase classname="com.castingai.security.SEC037" name="Security_Audit_Scenario_037" time="2.04" /><testcase classname="com.castingai.security.SEC038" name="Security_Audit_Scenario_038" time="2.04" /><testcase classname="com.castingai.security.SEC039" name="Security_Audit_Scenario_039" time="2.04" /><testcase classname="com.castingai.security.SEC040" name="Security_Audit_Scenario_040" time="2.04" /><testcase classname="com.castingai.security.SEC041" name="Security_Audit_Scenario_041" time="2.04" /><testcase classname="com.castingai.security.SEC042" name="Security_Audit_Scenario_042" time="2.04" /><testcase classname="com.castingai.security.SEC043" name="Security_Audit_Scenario_043" time="2.04" /><testcase classname="com.castingai.security.SEC044" name="Security_Audit_Scenario_044" time="2.04" /><testcase classname="com.castingai.security.SEC045" name="Security_Audit_Scenario_045" time="2.04" /><testcase classname="com.castingai.security.SEC046" name="Security_Audit_Scenario_046" time="2.04" /><testcase classname="com.castingai.security.SEC047" name="Security_Audit_Scenario_047" time="2.04" /><testcase classname="com.castingai.security.SEC048" name="Security_Audit_Scenario_048" time="2.04" /><testcase classname="com.castingai.security.SEC049" name="Security_Audit_Scenario_049" time="2.04" /><testcase classname="com.castingai.security.SEC050" name="Security_Audit_Scenario_050" time="2.04" /><testcase classname="com.castingai.security.SEC051" name="Security_Audit_Scenario_051" time="2.04" /><testcase classname="com.castingai.security.SEC052" name="Security_Audit_Scenario_052" time="2.04" /><testcase classname="com.castingai.security.SEC053" name="Security_Audit_Scenario_053" time="2.04" /><testcase classname="com.castingai.security.SEC054" name="Security_Audit_Scenario_054" time="2.04" /><testcase classname="com.castingai.security.SEC055" name="Security_Audit_Scenario_055" time="2.04" /><testcase classname="com.castingai.security.SEC056" name="Security_Audit_Scenario_056" time="2.04" /><testcase classname="com.castingai.security.SEC057" name="Security_Audit_Scenario_057" time="2.04" /><testcase classname="com.castingai.security.SEC058" name="Security_Audit_Scenario_058" time="2.04" /><testcase classname="com.castingai.security.SEC059" name="Security_Audit_Scenario_059" time="2.04" /><testcase classname="com.castingai.security.SEC060" name="Security_Audit_Scenario_060" time="2.04" /><testcase classname="com.castingai.security.SEC061" name="Security_Audit_Scenario_061" time="2.04" /><testcase classname="com.castingai.security.SEC062" name="Security_Audit_Scenario_062" time="2.04" /><testcase classname="com.castingai.security.SEC063" name="Security_Audit_Scenario_063" time="2.04" /><testcase classname="com.castingai.security.SEC064" name="Security_Audit_Scenario_064" time="2.04" /><testcase classname="com.castingai.security.SEC065" name="Security_Audit_Scenario_065" time="2.04" /><testcase classname="com.castingai.security.SEC066" name="Security_Audit_Scenario_066" time="2.04" /><testcase classname="com.castingai.security.SEC067" name="Security_Audit_Scenario_067" time="2.04" /><testcase classname="com.castingai.security.SEC068" name="Security_Audit_Scenario_068" time="2.04" /><testcase classname="com.castingai.security.SEC069" name="Security_Audit_Scenario_069" time="2.04" /><testcase classname="com.castingai.security.SEC070" name="Security_Audit_Scenario_070" time="2.04" /><testcase classname="com.castingai.security.SEC071" name="Security_Audit_Scenario_071" time="2.04" /><testcase classname="com.castingai.security.SEC072" name="Security_Audit_Scenario_072" time="2.04" /><testcase classname="com.castingai.security.SEC073" name="Security_Audit_Scenario_073" time="2.04" /><testcase classname="com.castingai.security.SEC074" name="Security_Audit_Scenario_074" time="2.04" /><testcase classname="com.castingai.security.SEC075" name="Security_Audit_Scenario_075" time="2.04" /><testcase classname="com.castingai.security.SEC076" name="Security_Audit_Scenario_076" time="2.04" /><testcase classname="com.castingai.security.SEC077" name="Security_Audit_Scenario_077" time="2.04" /><testcase classname="com.castingai.security.SEC078" name="Security_Audit_Scenario_078" time="2.04" /><testcase classname="com.castingai.security.SEC079" name="Security_Audit_Scenario_079" time="2.04" /><testcase classname="com.castingai.security.SEC080" name="Security_Audit_Scenario_080" time="2.04" /><testcase classname="com.castingai.security.SEC081" name="Security_Audit_Scenario_081" time="2.04" /><testcase classname="com.castingai.security.SEC082" name="Security_Audit_Scenario_082" time="2.04" /><testcase classname="com.castingai.security.SEC083" name="Security_Audit_Scenario_083" time="2.04" /><testcase classname="com.castingai.security.SEC084" name="Security_Audit_Scenario_084" time="2.04" /><testcase classname="com.castingai.security.SEC085" name="Security_Audit_Scenario_085" time="2.04" /><testcase classname="com.castingai.security.SEC086" name="Security_Audit_Scenario_086" time="2.04" /><testcase classname="com.castingai.security.SEC087" name="Security_Audit_Scenario_087" time="2.04" /><testcase classname="com.castingai.security.SEC088" name="Security_Audit_Scenario_088" time="2.04" /><testcase classname="com.castingai.security.SEC089" name="Security_Audit_Scenario_089" time="2.04" /><testcase classname="com.castingai.security.SEC090" name="Security_Audit_Scenario_090" time="2.04" /><testcase classname="com.castingai.security.SEC091" name="Security_Audit_Scenario_091" time="2.04" /><testcase classname="com.castingai.security.SEC092" name="Security_Audit_Scenario_092" time="2.04" /><testcase classname="com.castingai.security.SEC093" name="Security_Audit_Scenario_093" time="2.04" /><testcase classname="com.castingai.security.SEC094" name="Security_Audit_Scenario_094" time="2.04" /><testcase classname="com.castingai.security.SEC095" name="Security_Audit_Scenario_095" time="2.04" /><testcase classname="com.castingai.security.SEC096" name="Security_Audit_Scenario_096" time="2.04" /><testcase classname="com.castingai.security.SEC097" name="Security_Audit_Scenario_097" time="2.04" /><testcase classname="com.castingai.security.SEC098" name="Security_Audit_Scenario_098" time="2.04" /><testcase classname="com.castingai.security.SEC099" name="Security_Audit_Scenario_099" time="2.04" /><testcase classname="com.castingai.security.SEC100" name="Security_Audit_Scenario_100" time="2.04" /><testcase classname="com.castingai.security.SEC101" name="Security_Audit_Scenario_101" time="2.04" /><testcase classname="com.castingai.security.SEC102" name="Security_Audit_Scenario_102" time="2.04" /><testcase classname="com.castingai.security.SEC103" name="Security_Audit_Scenario_103" time="2.04" /><testcase classname="com.castingai.security.SEC104" name="Security_Audit_Scenario_104" time="2.04" /><testcase classname="com.castingai.security.SEC105" name="Security_Audit_Scenario_105" time="2.04" /><testcase classname="com.castingai.security.SEC106" name="Security_Audit_Scenario_106" time="2.04" /><testcase classname="com.castingai.security.SEC107" name="Security_Audit_Scenario_107" time="2.04" /><testcase classname="com.castingai.security.SEC108" name="Security_Audit_Scenario_108" time="2.04" /><testcase classname="com.castingai.security.SEC109" name="Security_Audit_Scenario_109" time="2.04" /><testcase classname="com.castingai.security.SEC110" name="Security_Audit_Scenario_110" time="2.04" /><testcase classname="com.castingai.security.SEC111" name="Security_Audit_Scenario_111" time="2.04" /><testcase classname="com.castingai.security.SEC112" name="Security_Audit_Scenario_112" time="2.04" /><testcase classname="com.castingai.security.SEC113" name="Security_Audit_Scenario_113" time="2.04" /><testcase classname="com.castingai.security.SEC114" name="Security_Audit_Scenario_114" time="2.04" /><testcase classname="com.castingai.security.SEC115" name="Security_Audit_Scenario_115" time="2.04" /><testcase classname="com.castingai.security.SEC116" name="Security_Audit_Scenario_116" time="2.04" /><testcase classname="com.castingai.security.SEC117" name="Security_Audit_Scenario_117" time="2.04" /><testcase classname="com.castingai.security.SEC118" name="Security_Audit_Scenario_118" time="2.04" /><testcase classname="com.castingai.security.SEC119" name="Security_Audit_Scenario_119" time="2.04" /><testcase classname="com.castingai.security.SEC120" name="Security_Audit_Scenario_120" time="2.04" /><testcase classname="com.castingai.security.SEC121" name="Security_Audit_Scenario_121" time="2.04" /><testcase classname="com.castingai.security.SEC122" name="Security_Audit_Scenario_122" time="2.04" /><testcase classname="com.castingai.security.SEC123" name="Security_Audit_Scenario_123" time="2.04" /><testcase classname="com.castingai.security.SEC124" name="Security_Audit_Scenario_124" time="2.04" /><testcase classname="com.castingai.security.SEC125" name="Security_Audit_Scenario_125" time="2.04" /><testcase classname="com.castingai.security.SEC126" name="Security_Audit_Scenario_126" time="2.04" /><testcase classname="com.castingai.security.SEC127" name="Security_Audit_Scenario_127" time="2.04" /><testcase classname="com.castingai.security.SEC128" name="Security_Audit_Scenario_128" time="2.04" /><testcase classname="com.castingai.security.SEC129" name="Security_Audit_Scenario_129" time="2.04" /><testcase classname="com.castingai.security.SEC130" name="Security_Audit_Scenario_130" time="2.04" /><testcase classname="com.castingai.security.SEC131" name="Security_Audit_Scenario_131" time="2.04" /><testcase classname="com.castingai.security.SEC132" name="Security_Audit_Scenario_132" time="2.04" /><testcase classname="com.castingai.security.SEC133" name="Security_Audit_Scenario_133" time="2.04" /><testcase classname="com.castingai.security.SEC134" name="Security_Audit_Scenario_134" time="2.04" /><testcase classname="com.castingai.security.SEC135" name="Security_Audit_Scenario_135" time="2.04" /><testcase classname="com.castingai.security.SEC136" name="Security_Audit_Scenario_136" time="2.04" /><testcase classname="com.castingai.security.SEC137" name="Security_Audit_Scenario_137" time="2.04" /><testcase classname="com.castingai.security.SEC138" name="Security_Audit_Scenario_138" time="2.04" /><testcase classname="com.castingai.security.SEC139" name="Security_Audit_Scenario_139" time="2.04" /><testcase classname="com.castingai.security.SEC140" name="Security_Audit_Scenario_140" time="2.04" /><testcase classname="com.castingai.security.SEC141" name="Security_Audit_Scenario_141" time="2.04" /><testcase classname="com.castingai.security.SEC142" name="Security_Audit_Scenario_142" time="2.04" /><testcase classname="com.castingai.security.SEC143" name="Security_Audit_Scenario_143" time="2.04" /><testcase classname="com.castingai.security.SEC144" name="Security_Audit_Scenario_144" time="2.04" /><testcase classname="com.castingai.security.SEC145" name="Security_Audit_Scenario_145" time="2.04" /><testcase classname="com.castingai.security.SEC146" name="Security_Audit_Scenario_146" time="2.04" /><testcase classname="com.castingai.security.SEC147" name="Security_Audit_Scenario_147" time="2.04" /><testcase classname="com.castingai.security.SEC148" name="Security_Audit_Scenario_148" time="2.04" /><testcase classname="com.castingai.security.SEC149" name="Security_Audit_Scenario_149" time="2.04" /><testcase classname="com.castingai.security.SEC150" name="Security_Audit_Scenario_150" time="2.04" /><testcase classname="com.castingai.security.SEC151" name="Security_Audit_Scenario_151" time="2.04" /><testcase classname="com.castingai.security.SEC152" name="Security_Audit_Scenario_152" time="2.04" /><testcase classname="com.castingai.security.SEC153" name="Security_Audit_Scenario_153" time="2.04" /><testcase classname="com.castingai.security.SEC154" name="Security_Audit_Scenario_154" time="2.04" /><testcase classname="com.castingai.security.SEC155" name="Security_Audit_Scenario_155" time="2.04" /><testcase classname="com.castingai.security.SEC156" name="Security_Audit_Scenario_156" time="2.04" /><testcase classname="com.castingai.security.SEC157" name="Security_Audit_Scenario_157" time="2.04" /><testcase classname="com.castingai.security.SEC158" name="Security_Audit_Scenario_158" time="2.04" /><testcase classname="com.castingai.security.SEC159" name="Security_Audit_Scenario_159" time="2.04" /><testcase classname="com.castingai.security.SEC160" name="Security_Audit_Scenario_160" time="2.04" /><testcase classname="com.castingai.security.SEC161" name="Security_Audit_Scenario_161" time="2.04" /><testcase classname="com.castingai.security.SEC162" name="Security_Audit_Scenario_162" time="2.04" /><testcase classname="com.castingai.security.SEC163" name="Security_Audit_Scenario_163" time="2.04" /><testcase classname="com.castingai.security.SEC164" name="Security_Audit_Scenario_164" time="2.04" /><testcase classname="com.castingai.security.SEC165" name="Security_Audit_Scenario_165" time="2.04" /><testcase classname="com.castingai.security.SEC166" name="Security_Audit_Scenario_166" time="2.04" /><testcase classname="com.castingai.security.SEC167" name="Security_Audit_Scenario_167" time="2.04" /><testcase classname="com.castingai.security.SEC168" name="Security_Audit_Scenario_168" time="2.04" /><testcase classname="com.castingai.security.SEC169" name="Security_Audit_Scenario_169" time="2.04" /><testcase classname="com.castingai.security.SEC170" name="Security_Audit_Scenario_170" time="2.04" /><testcase classname="com.castingai.security.SEC171" name="Security_Audit_Scenario_171" time="2.04" /><testcase classname="com.castingai.security.SEC172" name="Security_Audit_Scenario_172" time="2.04" /><testcase classname="com.castingai.security.SEC173" name="Security_Audit_Scenario_173" time="2.04" /><testcase classname="com.castingai.security.SEC174" name="Security_Audit_Scenario_174" time="2.04" /><testcase classname="com.castingai.security.SEC175" name="Security_Audit_Scenario_175" time="2.04" /><testcase classname="com.castingai.security.SEC176" name="Security_Audit_Scenario_176" time="2.04" /><testcase classname="com.castingai.security.SEC177" name="Security_Audit_Scenario_177" time="2.04" /><testcase classname="com.castingai.security.SEC178" name="Security_Audit_Scenario_178" time="2.04" /><testcase classname="com.castingai.security.SEC179" name="Security_Audit_Scenario_179" time="2.04" /><testcase classname="com.castingai.security.SEC180" name="Security_Audit_Scenario_180" time="2.04" /><testcase classname="com.castingai.security.SEC181" name="Security_Audit_Scenario_181" time="2.04" /><testcase classname="com.castingai.security.SEC182" name="Security_Audit_Scenario_182" time="2.04" /><testcase classname="com.castingai.security.SEC183" name="Security_Audit_Scenario_183" time="2.04" /><testcase classname="com.castingai.security.SEC184" name="Security_Audit_Scenario_184" time="2.04" /><testcase classname="com.castingai.security.SEC185" name="Security_Audit_Scenario_185" time="2.04" /><testcase classname="com.castingai.security.SEC186" name="Security_Audit_Scenario_186" time="2.04" /><testcase classname="com.castingai.security.SEC187" name="Security_Audit_Scenario_187" time="2.04" /><testcase classname="com.castingai.security.SEC188" name="Security_Audit_Scenario_188" time="2.04" /><testcase classname="com.castingai.security.SEC189" name="Security_Audit_Scenario_189" time="2.04" /><testcase classname="com.castingai.security.SEC190" name="Security_Audit_Scenario_190" time="2.04" /><testcase classname="com.castingai.security.SEC191" name="Security_Audit_Scenario_191" time="2.04" /><testcase classname="com.castingai.security.SEC192" name="Security_Audit_Scenario_192" time="2.04" /><testcase classname="com.castingai.security.SEC193" name="Security_Audit_Scenario_193" time="2.04" /><testcase classname="com.castingai.security.SEC194" name="Security_Audit_Scenario_194" time="2.04" /><testcase classname="com.castingai.security.SEC195" name="Security_Audit_Scenario_195" time="2.04" /><testcase classname="com.castingai.security.SEC196" name="Security_Audit_Scenario_196" time="2.04" /><testcase classname="com.castingai.security.SEC197" name="Security_Audit_Scenario_197" time="2.04" /><testcase classname="com.castingai.security.SEC198" name="Security_Audit_Scenario_198" time="2.04" /><testcase classname="com.castingai.security.SEC199" name="Security_Audit_Scenario_199" time="2.04" /><testcase classname="com.castingai.security.SEC200" name="Security_Audit_Scenario_200" time="2.04" /><testcase classname="com.castingai.security.SEC201" name="Security_Audit_Scenario_201" time="2.04" /><testcase classname="com.castingai.security.SEC202" name="Security_Audit_Scenario_202" time="2.04" /><testcase classname="com.castingai.security.SEC203" name="Security_Audit_Scenario_203" time="2.04" /><testcase classname="com.castingai.security.SEC204" name="Security_Audit_Scenario_204" time="2.04" /><testcase classname="com.castingai.security.SEC205" name="Security_Audit_Scenario_205" time="2.04" /><testcase classname="com.castingai.security.SEC206" name="Security_Audit_Scenario_206" time="2.04" /><testcase classname="com.castingai.security.SEC207" name="Security_Audit_Scenario_207" time="2.04" /><testcase classname="com.castingai.security.SEC208" name="Security_Audit_Scenario_208" time="2.04" /><testcase classname="com.castingai.security.SEC209" name="Security_Audit_Scenario_209" time="2.04" /><testcase classname="com.castingai.security.SEC210" name="Security_Audit_Scenario_210" time="2.04" /><testcase classname="com.castingai.security.SEC211" name="Security_Audit_Scenario_211" time="2.04" /><testcase classname="com.castingai.security.SEC212" name="Security_Audit_Scenario_212" time="2.04" /><testcase classname="com.castingai.security.SEC213" name="Security_Audit_Scenario_213" time="2.04" /><testcase classname="com.castingai.security.SEC214" name="Security_Audit_Scenario_214" time="2.04" /><testcase classname="com.castingai.security.SEC215" name="Security_Audit_Scenario_215" time="2.04" /><testcase classname="com.castingai.security.SEC216" name="Security_Audit_Scenario_216" time="2.04" /><testcase classname="com.castingai.security.SEC217" name="Security_Audit_Scenario_217" time="2.04" /><testcase classname="com.castingai.security.SEC218" name="Security_Audit_Scenario_218" time="2.04" /><testcase classname="com.castingai.security.SEC219" name="Security_Audit_Scenario_219" time="2.04" /><testcase classname="com.castingai.security.SEC220" name="Security_Audit_Scenario_220" time="2.04" /><testcase classname="com.castingai.security.SEC221" name="Security_Audit_Scenario_221" time="2.04" /><testcase classname="com.castingai.security.SEC222" name="Security_Audit_Scenario_222" time="2.04" /><testcase classname="com.castingai.security.SEC223" name="Security_Audit_Scenario_223" time="2.04" /><testcase classname="com.castingai.security.SEC224" name="Security_Audit_Scenario_224" time="2.04" /><testcase classname="com.castingai.security.SEC225" name="Security_Audit_Scenario_225" time="2.04" /><testcase classname="com.castingai.security.SEC226" name="Security_Audit_Scenario_226" time="2.04" /><testcase classname="com.castingai.security.SEC227" name="Security_Audit_Scenario_227" time="2.04" /><testcase classname="com.castingai.security.SEC228" name="Security_Audit_Scenario_228" time="2.04" /><testcase classname="com.castingai.security.SEC229" name="Security_Audit_Scenario_229" time="2.04" /><testcase classname="com.castingai.security.SEC230" name="Security_Audit_Scenario_230" time="2.04" /><testcase classname="com.castingai.security.SEC231" name="Security_Audit_Scenario_231" time="2.04" /><testcase classname="com.castingai.security.SEC232" name="Security_Audit_Scenario_232" time="2.04" /><testcase classname="com.castingai.security.SEC233" name="Security_Audit_Scenario_233" time="2.04" /><testcase classname="com.castingai.security.SEC234" name="Security_Audit_Scenario_234" time="2.04" /><testcase classname="com.castingai.security.SEC235" name="Security_Audit_Scenario_235" time="2.04" /><testcase classname="com.castingai.security.SEC236" name="Security_Audit_Scenario_236" time="2.04" /><testcase classname="com.castingai.security.SEC237" name="Security_Audit_Scenario_237" time="2.04" /><testcase classname="com.castingai.security.SEC238" name="Security_Audit_Scenario_238" time="2.04" /><testcase classname="com.castingai.security.SEC239" name="Security_Audit_Scenario_239" time="2.04" /><testcase classname="com.castingai.security.SEC240" name="Security_Audit_Scenario_240" time="2.04" /><testcase classname="com.castingai.security.SEC241" name="Security_Audit_Scenario_241" time="2.04" /><testcase classname="com.castingai.security.SEC242" name="Security_Audit_Scenario_242" time="2.04" /><testcase classname="com.castingai.security.SEC243" name="Security_Audit_Scenario_243" time="2.04" /><testcase classname="com.castingai.security.SEC244" name="Security_Audit_Scenario_244" time="2.04" /><testcase classname="com.castingai.security.SEC245" name="Security_Audit_Scenario_245" time="2.04" /><testcase classname="com.castingai.security.SEC246" name="Security_Audit_Scenario_246" time="2.04" /><testcase classname="com.castingai.security.SEC247" name="Security_Audit_Scenario_247" time="2.04" /><testcase classname="com.castingai.security.SEC248" name="Security_Audit_Scenario_248" time="2.04" /><testcase classname="com.castingai.security.SEC249" name="Security_Audit_Scenario_249" time="2.04" /><testcase classname="com.castingai.security.SEC250" name="Security_Audit_Scenario_250" time="2.04" /><testcase classname="com.castingai.security.SEC251" name="Security_Audit_Scenario_251" time="2.04" /><testcase classname="com.castingai.security.SEC252" name="Security_Audit_Scenario_252" time="2.04" /><testcase classname="com.castingai.security.SEC253" name="Security_Audit_Scenario_253" time="2.04" /><testcase classname="com.castingai.security.SEC254" name="Security_Audit_Scenario_254" time="2.04" /><testcase classname="com.castingai.security.SEC255" name="Security_Audit_Scenario_255" time="2.04" /><testcase classname="com.castingai.security.SEC256" name="Security_Audit_Scenario_256" time="2.04" /><testcase classname="com.castingai.security.SEC257" name="Security_Audit_Scenario_257" time="2.04" /><testcase classname="com.castingai.security.SEC258" name="Security_Audit_Scenario_258" time="2.04" /><testcase classname="com.castingai.security.SEC259" name="Security_Audit_Scenario_259" time="2.04" /><testcase classname="com.castingai.security.SEC260" name="Security_Audit_Scenario_260" time="2.04" /><testcase classname="com.castingai.security.SEC261" name="Security_Audit_Scenario_261" time="2.04" /><testcase classname="com.castingai.security.SEC262" name="Security_Audit_Scenario_262" time="2.04" /><testcase classname="com.castingai.security.SEC263" name="Security_Audit_Scenario_263" time="2.04" /><testcase classname="com.castingai.security.SEC264" name="Security_Audit_Scenario_264" time="2.04" /><testcase classname="com.castingai.security.SEC265" name="Security_Audit_Scenario_265" time="2.04" /><testcase classname="com.castingai.security.SEC266" name="Security_Audit_Scenario_266" time="2.04" /><testcase classname="com.castingai.security.SEC267" name="Security_Audit_Scenario_267" time="2.04" /><testcase classname="com.castingai.security.SEC268" name="Security_Audit_Scenario_268" time="2.04" /><testcase classname="com.castingai.security.SEC269" name="Security_Audit_Scenario_269" time="2.04" /><testcase classname="com.castingai.security.SEC270" name="Security_Audit_Scenario_270" time="2.04" /><testcase classname="com.castingai.security.SEC271" name="Security_Audit_Scenario_271" time="2.04" /><testcase classname="com.castingai.security.SEC272" name="Security_Audit_Scenario_272" time="2.04" /><testcase classname="com.castingai.security.SEC273" name="Security_Audit_Scenario_273" time="2.04" /><testcase classname="com.castingai.security.SEC274" name="Security_Audit_Scenario_274" time="2.04" /><testcase classname="com.castingai.security.SEC275" name="Security_Audit_Scenario_275" time="2.04" /><testcase classname="com.castingai.security.SEC276" name="Security_Audit_Scenario_276" time="2.04" /><testcase classname="com.castingai.security.SEC277" name="Security_Audit_Scenario_277" time="2.04" /><testcase classname="com.castingai.security.SEC278" name="Security_Audit_Scenario_278" time="2.04" /><testcase classname="com.castingai.security.SEC279" name="Security_Audit_Scenario_279" time="2.04" /><testcase classname="com.castingai.security.SEC280" name="Security_Audit_Scenario_280" time="2.04" /><testcase classname="com.castingai.security.SEC281" name="Security_Audit_Scenario_281" time="2.04" /><testcase classname="com.castingai.security.SEC282" name="Security_Audit_Scenario_282" time="2.04" /><testcase classname="com.castingai.security.SEC283" name="Security_Audit_Scenario_283" time="2.04" /><testcase classname="com.castingai.security.SEC284" name="Security_Audit_Scenario_284" time="2.04" /><testcase classname="com.castingai.security.SEC285" name="Security_Audit_Scenario_285" time="2.04" /><testcase classname="com.castingai.security.SEC286" name="Security_Audit_Scenario_286" time="2.04" /><testcase classname="com.castingai.security.SEC287" name="Security_Audit_Scenario_287" time="2.04" /><testcase classname="com.castingai.security.SEC288" name="Security_Audit_Scenario_288" time="2.04" /><testcase classname="com.castingai.security.SEC289" name="Security_Audit_Scenario_289" time="2.04" /><testcase classname="com.castingai.security.SEC290" name="Security_Audit_Scenario_290" time="2.04" /><testcase classname="com.castingai.security.SEC291" name="Security_Audit_Scenario_291" time="2.04" /><testcase classname="com.castingai.security.SEC292" name="Security_Audit_Scenario_292" time="2.04" /><testcase classname="com.castingai.security.SEC293" name="Security_Audit_Scenario_293" time="2.04" /><testcase classname="com.castingai.security.SEC294" name="Security_Audit_Scenario_294" time="2.04" /><testcase classname="com.castingai.security.SEC295" name="Security_Audit_Scenario_295" time="2.04" /><testcase classname="com.castingai.security.SEC296" name="Security_Audit_Scenario_296" time="2.04" /><testcase classname="com.castingai.security.SEC297" name="Security_Audit_Scenario_297" time="2.04" /><testcase classname="com.castingai.security.SEC298" name="Security_Audit_Scenario_298" time="2.04" /><testcase classname="com.castingai.security.SEC299" name="Security_Audit_Scenario_299" time="2.04" /><testcase classname="com.castingai.security.SEC300" name="Security_Audit_Scenario_300" time="2.04" /><testcase classname="com.castingai.security.SEC301" name="Security_Audit_Scenario_301" time="2.04" /><testcase classname="com.castingai.security.SEC302" name="Security_Audit_Scenario_302" time="2.04" /><testcase classname="com.castingai.security.SEC303" name="Security_Audit_Scenario_303" time="2.04" /><testcase classname="com.castingai.security.SEC304" name="Security_Audit_Scenario_304" time="2.04" /><testcase classname="com.castingai.security.SEC305" name="Security_Audit_Scenario_305" time="2.04" /><testcase classname="com.castingai.security.SEC306" name="Security_Audit_Scenario_306" time="2.04" /><testcase classname="com.castingai.security.SEC307" name="Security_Audit_Scenario_307" time="2.04" /><testcase classname="com.castingai.security.SEC308" name="Security_Audit_Scenario_308" time="2.04" /><testcase classname="com.castingai.security.SEC309" name="Security_Audit_Scenario_309" time="2.04" /><testcase classname="com.castingai.security.SEC310" name="Security_Audit_Scenario_310" time="2.04" /><testcase classname="com.castingai.security.SEC311" name="Security_Audit_Scenario_311" time="2.04" /><testcase classname="com.castingai.security.SEC312" name="Security_Audit_Scenario_312" time="2.04" /><testcase classname="com.castingai.security.SEC313" name="Security_Audit_Scenario_313" time="2.04" /><testcase classname="com.castingai.security.SEC314" name="Security_Audit_Scenario_314" time="2.04" /><testcase classname="com.castingai.security.SEC315" name="Security_Audit_Scenario_315" time="2.04" /><testcase classname="com.castingai.security.SEC316" name="Security_Audit_Scenario_316" time="2.04" /><testcase classname="com.castingai.security.SEC317" name="Security_Audit_Scenario_317" time="2.04" /><testcase classname="com.castingai.security.SEC318" name="Security_Audit_Scenario_318" time="2.04" /><testcase classname="com.castingai.security.SEC319" name="Security_Audit_Scenario_319" time="2.04" /><testcase classname="com.castingai.security.SEC320" name="Security_Audit_Scenario_320" time="2.04" /><testcase classname="com.castingai.security.SEC321" name="Security_Audit_Scenario_321" time="2.04" /><testcase classname="com.castingai.security.SEC322" name="Security_Audit_Scenario_322" time="2.04" /><testcase classname="com.castingai.security.SEC323" name="Security_Audit_Scenario_323" time="2.04" /><testcase classname="com.castingai.security.SEC324" name="Security_Audit_Scenario_324" time="2.04" /><testcase classname="com.castingai.security.SEC325" name="Security_Audit_Scenario_325" time="2.04" /><testcase classname="com.castingai.security.SEC326" name="Security_Audit_Scenario_326" time="2.04" /><testcase classname="com.castingai.security.SEC327" name="Security_Audit_Scenario_327" time="2.04" /><testcase classname="com.castingai.security.SEC328" name="Security_Audit_Scenario_328" time="2.04" /><testcase classname="com.castingai.security.SEC329" name="Security_Audit_Scenario_329" time="2.04" /><testcase classname="com.castingai.security.SEC330" name="Security_Audit_Scenario_330" time="2.04" /><testcase classname="com.castingai.security.SEC331" name="Security_Audit_Scenario_331" time="2.04" /><testcase classname="com.castingai.security.SEC332" name="Security_Audit_Scenario_332" time="2.04" /><testcase classname="com.castingai.security.SEC333" name="Security_Audit_Scenario_333" time="2.04" /><testcase classname="com.castingai.security.SEC334" name="Security_Audit_Scenario_334" time="2.04" /><testcase classname="com.castingai.security.SEC335" name="Security_Audit_Scenario_335" time="2.04" /><testcase classname="com.castingai.security.SEC336" name="Security_Audit_Scenario_336" time="2.04" /><testcase classname="com.castingai.security.SEC337" name="Security_Audit_Scenario_337" time="2.04" /><testcase classname="com.castingai.security.SEC338" name="Security_Audit_Scenario_338" time="2.04" /><testcase classname="com.castingai.security.SEC339" name="Security_Audit_Scenario_339" time="2.04" /><testcase classname="com.castingai.security.SEC340" name="Security_Audit_Scenario_340" time="2.04" /><testcase classname="com.castingai.security.SEC341" name="Security_Audit_Scenario_341" time="2.04" /><testcase classname="com.castingai.security.SEC342" name="Security_Audit_Scenario_342" time="2.04" /><testcase classname="com.castingai.security.SEC343" name="Security_Audit_Scenario_343" time="2.04" /><testcase classname="com.castingai.security.SEC344" name="Security_Audit_Scenario_344" time="2.04" /><testcase classname="com.castingai.security.SEC345" name="Security_Audit_Scenario_345" time="2.04" /><testcase classname="com.castingai.security.SEC346" name="Security_Audit_Scenario_346" time="2.04" /><testcase classname="com.castingai.security.SEC347" name="Security_Audit_Scenario_347" time="2.04" /><testcase classname="com.castingai.security.SEC348" name="Security_Audit_Scenario_348" time="2.04" /><testcase classname="com.castingai.security.SEC349" name="Security_Audit_Scenario_349" time="2.04" /><testcase classname="com.castingai.security.SEC350" name="Security_Audit_Scenario_350" time="2.04" /><testcase classname="com.castingai.security.SEC351" name="Security_Audit_Scenario_351" time="2.04" /><testcase classname="com.castingai.security.SEC352" name="Security_Audit_Scenario_352" time="2.04" /><testcase classname="com.castingai.security.SEC353" name="Security_Audit_Scenario_353" time="2.04" /><testcase classname="com.castingai.security.SEC354" name="Security_Audit_Scenario_354" time="2.04" /><testcase classname="com.castingai.security.SEC355" name="Security_Audit_Scenario_355" time="2.04" /><testcase classname="com.castingai.security.SEC356" name="Security_Audit_Scenario_356" time="2.04" /><testcase classname="com.castingai.security.SEC357" name="Security_Audit_Scenario_357" time="2.04" /><testcase classname="com.castingai.security.SEC358" name="Security_Audit_Scenario_358" time="2.04" /><testcase classname="com.castingai.security.SEC359" name="Security_Audit_Scenario_359" time="2.04" /><testcase classname="com.castingai.security.SEC360" name="Security_Audit_Scenario_360" time="2.04" /></testsuite>