<testsuite name="UnitTestSuite" tests="360" failures="0" errors="0" skipped="0" time="252.0"><testcase classname="com.castingai.unit.UNIT001" name="Unit_Test_Case_001" time="0.70" /><testcase classname="com.castingai.unit.UNIT002" name="Unit_Test_Case_002" time="0.70" /><testcase classname="com.castingai.unit.UNIT003" name="Unit_Test_Case_003" time="0.70" /><testcase classname="com.castingai.unit.UNIT004" name="Unit_Test_Case_004" time="0.70" /><testcase classname="com.castingai.unit.UNIT005" name="Unit_Test_Case_005" time="0.70" /><testcase classname="com.castingai.unit.UNIT006" name="Unit_Test_Case_006" time="0.70" /><testcase classname="com.castingai.unit.UNIT007" name="Unit_Test_Case_007" time="0.70" /><testcase classname="com.castingai.unit.UNIT008" name="Unit_Test_Case_008" time="0.70" /><testcase classname="com.castingai.unit.UNIT009" name="Unit_Test_Case_009" time="0.70" /><testcase classname="com.castingai.unit.UNIT010" name="Unit_Test_Case_010" time="0.70" /><testcase classname="com.castingai.unit.UNIT011" name="Unit_Test_Case_011" time="0.70" /><testcase classname="com.castingai.unit.UNIT012" name="Unit_Test_Case_012" time="0.70" /><testcase classname="com.castingai.unit.UNIT013" name="Unit_Test_Case_013" time="0.70" /><testcase classname="com.castingai.unit.UNIT014" name="Unit_Test_Case_014" time="0.70" /><testcase classname="com.castingai.unit.UNIT015" name="Unit_Test_Case_015" time="0.70" /><testcase classname="com.castingai.unit.UNIT016" name="Unit_Test_Case_016" time="0.70" /><testcase classname="com.castingai.unit.UNIT017" name="Unit_Test_Case_017" time="0.70" /><testcase classname="com.castingai.unit.UNIT018" name="Unit_Test_Case_018" time="0.70" /><testcase classname="com.castingai.unit.UNIT019" name="Unit_Test_Case_019" time="0.70" /><testcase classname="com.castingai.unit.UNIT020" name="Unit_Test_Case_020" time="0.70" /><testcase classname="com.castingai.unit.UNIT021" name="Unit_Test_Case_021" time="0.70" /><testcase classname="com.castingai.unit.UNIT022" name="Unit_Test_Case_022" time="0.70" /><testcase classname="com.castingai.unit.UNIT023" name="Unit_Test_Case_023" time="0.70" /><testcase classname="com.castingai.unit.UNIT024" name="Unit_Test_Case_024" time="0.70" /><testcase classname="com.castingai.unit.UNIT025" name="Unit_Test_Case_025" time="0.70" /><testcase classname="com.castingai.unit.UNIT026" name="Unit_Test_Case_026" time="0.70" /><testcase classname="com.castingai.unit.UNIT027" name="Unit_Test_Case_027" time="0.70" /><testcase classname="com.castingai.unit.UNIT028" name="Unit_Test_Case_028" time="0.70" /><testcase classname="com.castingai.unit.UNIT029" name="Unit_Test_Case_029" time="0.70" /><testcase classname="com.castingai.unit.UNIT030" name="Unit_Test_Case_030" time="0.70" /><testcase classname="com.castingai.unit.UNIT031" name="Unit_Test_Case_031" time="0.70" /><testcase classname="com.castingai.unit.UNIT032" name="Unit_Test_Case_032" time="0.70" /><testcase classname="com.castingai.unit.UNIT033" name="Unit_Test_Case_033" time="0.70" /><testcase classname="com.castingai.unit.UNIT034" name="Unit_Test_Case_034" time="0.70" /><testcase classname="com.castingai.unit.UNIT035" name="Unit_Test_Case_035" time="0.70" /><testcase classname="com.castingai.unit.UNIT036" name="Unit_Test_Case_036" time="0.70" /><testcase classname="com.castingai.unit.UNIT037" name="Unit_Test_Case_037" time="0.70" /><testcase classname="com.castingai.unit.UNIT038" name="Unit_Test_Case_038" time="0.70" /><testcase classname="com.castingai.unit.UNIT039" name="Unit_Test_Case_039" time="0.70" /><testcase classname="com.castingai.unit.UNIT040" name="Unit_Test_Case_040" time="0.70" /><testcase classname="com.castingai.unit.UNIT041" name="Unit_Test_Case_041" time="0.70" /><testcase classname="com.castingai.unit.UNIT042" name="Unit_Test_Case_042" time="0.70" /><testcase classname="com.castingai.unit.UNIT043" name="Unit_Test_Case_043" time="0.70" /><testcase classname="com.castingai.unit.UNIT044" name="Unit_Test_Case_044" time="0.70" /><testcase classname="com.castingai.unit.UNIT045" name="Unit_Test_Case_045" time="0.70" /><testcase classname="com.castingai.unit.UNIT046" name="Unit_Test_Case_046" time="0.70" /><testcase classname="com.castingai.unit.UNIT047" name="Unit_Test_Case_047" time="0.70" /><testcase classname="com.castingai.unit.UNIT048" name="Unit_Test_Case_048" time="0.70" /><testcase classname="com.castingai.unit.UNIT049" name="Unit_Test_Case_049" time="0.70" /><testcase classname="com.castingai.unit.UNIT050" name="Unit_Test_Case_050" time="0.70" /><testcase classname="com.castingai.unit.UNIT051" name="Unit_Test_Case_051" time="0.70" /><testcase classname="com.castingai.unit.UNIT052" name="Unit_Test_Case_052" time="0.70" /><testcase classname="com.castingai.unit.UNIT053" name="Unit_Test_Case_053" time="0.70" /><testcase classname="com.castingai.unit.UNIT054" name="Unit_Test_Case_054" time="0.70" /><testcase classname="com.castingai.unit.UNIT055" name="Unit_Test_Case_055" time="0.70" /><testcase classname="com.castingai.unit.UNIT056" name="Unit_Test_Case_056" time="0.70" /><testcase classname="com.castingai.unit.UNIT057" name="Unit_Test_Case_057" time="0.70" /><testcase classname="com.castingai.unit.UNIT058" name="Unit_Test_Case_058" time="0.70" /><testcase classname="com.castingai.unit.UNIT059" name="Unit_Test_Case_059" time="0.70" /><testcase classname="com.castingai.unit.UNIT060" name="Unit_Test_Case_060" time="0.70" /><testcase classname="com.castingai.unit.UNIT061" name="Unit_Test_Case_061" time="0.70" /><testcase classname="com.castingai.unit.UNIT062" name="Unit_Test_Case_062" time="0.70" /><testcase classname="com.castingai.unit.UNIT063" name="Unit_Test_Case_063" time="0.70" /><testcase classname="com.castingai.unit.UNIT064" name="Unit_Test_Case_064" time="0.70" /><testcase classname="com.castingai.unit.UNIT065" name="Unit_Test_Case_065" time="0.70" /><testcase classname="com.castingai.unit.UNIT066" name="Unit_Test_Case_066" time="0.70" /><testcase classname="com.castingai.unit.UNIT067" name="Unit_Test_Case_067" time="0.70" /><testcase classname="com.castingai.unit.UNIT068" name="Unit_Test_Case_068" time="0.70" /><testcase classname="com.castingai.unit.UNIT069" name="Unit_Test_Case_069" time="0.70" /><testcase classname="com.castingai.unit.UNIT070" name="Unit_Test_Case_070" time="0.70" /><testcase classname="com.castingai.unit.UNIT071" name="Unit_Test_Case_071" time="0.70" /><testcase classname="com.castingai.unit.UNIT072" name="Unit_Test_Case_072" time="0.70" /><testcase classname="com.castingai.unit.UNIT073" name="Unit_Test_Case_073" time="0.70" /><testcase classname="com.castingai.unit.UNIT074" name="Unit_Test_Case_074" time="0.70" /><testcase classname="com.castingai.unit.UNIT075" name="Unit_Test_Case_075" time="0.70" /><testcase classname="com.castingai.unit.UNIT076" name="Unit_Test_Case_076" time="0.70" /><testcase classname="com.castingai.unit.UNIT077" name="Unit_Test_Case_077" time="0.70" /><testcase classname="com.castingai.unit.UNIT078" name="Unit_Test_Case_078" time="0.70" /><testcase classname="com.castingai.unit.UNIT079" name="Unit_Test_Case_079" time="0.70" /><testcase classname="com.castingai.unit.UNIT080" name="Unit_Test_Case_080" time="0.70" /><testcase classname="com.castingai.unit.UNIT081" name="Unit_Test_Case_081" time="0.70" /><testcase classname="com.castingai.unit.UNIT082" name="Unit_Test_Case_082" time="0.70" /><testcase classname="com.castingai.unit.UNIT083" name="Unit_Test_Case_083" time="0.70" /><testcase classname="com.castingai.unit.UNIT084" name="Unit_Test_Case_084" time="0.70" /><testcase classname="com.castingai.unit.UNIT085" name="Unit_Test_Case_085" time="0.70" /><testcase classname="com.castingai.unit.UNIT086" name="Unit_Test_Case_086" time="0.70" /><testcase classname="com.castingai.unit.UNIT087" name="Unit_Test_Case_087" time="0.70" /><testcase classname="com.castingai.unit.UNIT088" name="Unit_Test_Case_088" time="0.70" /><testcase classname="com.castingai.unit.UNIT089" name="Unit_Test_Case_089" time="0.70" /><testcase classname="com.castingai.unit.UNIT090" name="Unit_Test_Case_090" time="0.70" /><testcase classname="com.castingai.unit.UNIT091" name="Unit_Test_Case_091" time="0.70" /><testcase classname="com.castingai.unit.UNIT092" name="Unit_Test_Case_092" time="0.70" /><testcase classname="com.castingai.unit.UNIT093" name="Unit_Test_Case_093" time="0.70" /><testcase classname="com.castingai.unit.UNIT094" name="Unit_Test_Case_094" time="0.70" /><testcase classname="com.castingai.unit.UNIT095" name="Unit_Test_Case_095" time="0.70" /><testcase classname="com.castingai.unit.UNIT096" name="Unit_Test_Case_096" time="0.70" /><testcase classname="com.castingai.unit.UNIT097" name="Unit_Test_Case_097" time="0.70" /><testcase classname="com.castingai.unit.UNIT098" name="Unit_Test_Case_098" time="0.70" /><testcase classname="com.castingai.unit.UNIT099" name="Unit_Test_Case_099" time="0.70" /><testcase classname="com.castingai.unit.UNIT100" name="Unit_Test_Case_100" time="0.70" /><testcase classname="com.castingai.unit.UNIT101" name="Unit_Test_Case_101" time="0.70" /><testcase classname="com.castingai.unit.UNIT102" name="Unit_Test_Case_102" time="0.70" /><testcase classname="com.castingai.unit.UNIT103" name="Unit_Test_Case_103" time="0.70" /><testcase classname="com.castingai.unit.UNIT104" name="Unit_Test_Case_104" time="0.70" /><testcase classname="com.castingai.unit.UNIT105" name="Unit_Test_Case_105" time="0.70" /><testcase classname="com.castingai.unit.UNIT106" name="Unit_Test_Case_106" time="0.70" /><testcase classname="com.castingai.unit.UNIT107" name="Unit_Test_Case_107" time="0.70" /><testcase classname="com.castingai.unit.UNIT108" name="Unit_Test_Case_108" time="0.70" /><testcase classname="com.castingai.unit.UNIT109" name="Unit_Test_Case_109" time="0.70" /><testcase classname="com.castingai.unit.UNIT110" name="Unit_Test_Case_110" time="0.70" /><testcase classname="com.castingai.unit.UNIT111" name="Unit_Test_Case_111" time="0.70" /><testcase classname="com.castingai.unit.UNIT112" name="Unit_Test_Case_112" time="0.70" /><testcase classname="com.castingai.unit.UNIT113" name="Unit_Test_Case_113" time="0.70" /><testcase classname="com.castingai.unit.UNIT114" name="Unit_Test_Case_114" time="0.70" /><testcase classname="com.castingai.unit.UNIT115" name="Unit_Test_Case_115" time="0.70" /><testcase classname="com.castingai.unit.UNIT116" name="Unit_Test_Case_116" time="0.70" /><testcase classname="com.castingai.unit.UNIT117" name="Unit_Test_Case_117" time="0.70" /><testcase classname="com.castingai.unit.UNIT118" name="Unit_Test_Case_118" time="0.70" /><testcase classname="com.castingai.unit.UNIT119" name="Unit_Test_Case_119" time="0.70" /><testcase classname="com.castingai.unit.UNIT120" name="Unit_Test_Case_120" time="0.70" /><testcase classname="com.castingai.unit.UNIT121" name="Unit_Test_Case_121" time="0.70" /><testcase classname="com.castingai.unit.UNIT122" name="Unit_Test_Case_122" time="0.70" /><testcase classname="com.castingai.unit.UNIT123" name="Unit_Test_Case_123" time="0.70" /><testcase classname="com.castingai.unit.UNIT124" name="Unit_Test_Case_124" time="0.70" /><testcase classname="com.castingai.unit.UNIT125" name="Unit_Test_Case_125" time="0.70" /><testcase classname="com.castingai.unit.UNIT126" name="Unit_Test_Case_126" time="0.70" /><testcase classname="com.castingai.unit.UNIT127" name="Unit_Test_Case_127" time="0.70" /><testcase classname="com.castingai.unit.UNIT128" name="Unit_Test_Case_128" time="0.70" /><testcase classname="com.castingai.unit.UNIT129" name="Unit_Test_Case_129" time="0.70" /><testcase classname="com.castingai.unit.UNIT130" name="Unit_Test_Case_130" time="0.70" /><testcase classname="com.castingai.unit.UNIT131" name="Unit_Test_Case_131" time="0.70" /><testcase classname="com.castingai.unit.UNIT132" name="Unit_Test_Case_132" time="0.70" /><testcase classname="com.castingai.unit.UNIT133" name="Unit_Test_Case_133" time="0.70" /><testcase classname="com.castingai.unit.UNIT134" name="Unit_Test_Case_134" time="0.70" /><testcase classname="com.castingai.unit.UNIT135" name="Unit_Test_Case_135" time="0.70" /><testcase classname="com.castingai.unit.UNIT136" name="Unit_Test_Case_136" time="0.70" /><testcase classname="com.castingai.unit.UNIT137" name="Unit_Test_Case_137" time="0.70" /><testcase classname="com.castingai.unit.UNIT138" name="Unit_Test_Case_138" time="0.70" /><testcase classname="com.castingai.unit.UNIT139" name="Unit_Test_Case_139" time="0.70" /><testcase classname="com.castingai.unit.UNIT140" name="Unit_Test_Case_140" time="0.70" /><testcase classname="com.castingai.unit.UNIT141" name="Unit_Test_Case_141" time="0.70" /><testcase classname="com.castingai.unit.UNIT142" name="Unit_Test_Case_142" time="0.70" /><testcase classname="com.castingai.unit.UNIT143" name="Unit_Test_Case_143" time="0.70" /><testcase classname="com.castingai.unit.UNIT144" name="Unit_Test_Case_144" time="0.70" /><testcase classname="com.castingai.unit.UNIT145" name="Unit_Test_Case_145" time="0.70" /><testcase classname="com.castingai.unit.UNIT146" name="Unit_Test_Case_146" time="0.70" /><testcase classname="com.castingai.unit.UNIT147" name="Unit_Test_Case_147" time="0.70" /><testcase classname="com.castingai.unit.UNIT148" name="Unit_Test_Case_148" time="0.70" /><testcase classname="com.castingai.unit.UNIT149" name="Unit_Test_Case_149" time="0.70" /><testcase classname="com.castingai.unit.UNIT150" name="Unit_Test_Case_150" time="0.70" /><testcase classname="com.castingai.unit.UNIT151" name="Unit_Test_Case_151" time="0.70" /><testcase classname="com.castingai.unit.UNIT152" name="Unit_Test_Case_152" time="0.70" /><testcase classname="com.castingai.unit.UNIT153" name="Unit_Test_Case_153" time="0.70" /><testcase classname="com.castingai.unit.UNIT154" name="Unit_Test_Case_154" time="0.70" /><testcase classname="com.castingai.unit.UNIT155" name="Unit_Test_Case_155" time="0.70" /><testcase classname="com.castingai.unit.UNIT156" name="Unit_Test_Case_156" time="0.70" /><testcase classname="com.castingai.unit.UNIT157" name="Unit_Test_Case_157" time="0.70" /><testcase classname="com.castingai.unit.UNIT158" name="Unit_Test_Case_158" time="0.70" /><testcase classname="com.castingai.unit.UNIT159" name="Unit_Test_Case_159" time="0.70" /><testcase classname="com.castingai.unit.UNIT160" name="Unit_Test_Case_160" time="0.70" /><testcase classname="com.castingai.unit.UNIT161" name="Unit_Test_Case_161" time="0.70" /><testcase classname="com.castingai.unit.UNIT162" name="Unit_Test_Case_162" time="0.70" /><testcase classname="com.castingai.unit.UNIT163" name="Unit_Test_Case_163" time="0.70" /><testcase classname="com.castingai.unit.UNIT164" name="Unit_Test_Case_164" time="0.70" /><testcase classname="com.castingai.unit.UNIT165" name="Unit_Test_Case_165" time="0.70" /><testcase classname="com.castingai.unit.UNIT166" name="Unit_Test_Case_166" time="0.70" /><testcase classname="com.castingai.unit.UNIT167" name="Unit_Test_Case_167" time="0.70" /><testcase classname="com.castingai.unit.UNIT168" name="Unit_Test_Case_168" time="0.70" /><testcase classname="com.castingai.unit.UNIT169" name="Unit_Test_Case_169" time="0.70" /><testcase classname="com.castingai.unit.UNIT170" name="Unit_Test_Case_170" time="0.70" /><testcase classname="com.castingai.unit.UNIT171" name="Unit_Test_Case_171" time="0.70" /><testcase classname="com.castingai.unit.UNIT172" name="Unit_Test_Case_172" time="0.70" /><testcase classname="com.castingai.unit.UNIT173" name="Unit_Test_Case_173" time="0.70" /><testcase classname="com.castingai.unit.UNIT174" name="Unit_Test_Case_174" time="0.70" /><testcase classname="com.castingai.unit.UNIT175" name="Unit_Test_Case_175" time="0.70" /><testcase classname="com.castingai.unit.UNIT176" name="Unit_Test_Case_176" time="0.70" /><testcase classname="com.castingai.unit.UNIT177" name="Unit_Test_Case_177" time="0.70" /><testcase classname="com.castingai.unit.UNIT178" name="Unit_Test_Case_178" time="0.70" /><testcase classname="com.castingai.unit.UNIT179" name="Unit_Test_Case_179" time="0.70" /><testcase classname="com.castingai.unit.UNIT180" name="Unit_Test_Case_180" time="0.70" /><testcase classname="com.castingai.unit.UNIT181" name="Unit_Test_Case_181" time="0.70" /><testcase classname="com.castingai.unit.UNIT182" name="Unit_Test_Case_182" time="0.70" /><testcase classname="com.castingai.unit.UNIT183" name="Unit_Test_Case_183" time="0.70" /><testcase classname="com.castingai.unit.UNIT184" name="Unit_Test_Case_184" time="0.70" /><testcase classname="com.castingai.unit.UNIT185" name="Unit_Test_Case_185" time="0.70" /><testcase classname="com.castingai.unit.UNIT186" name="Unit_Test_Case_186" time="0.70" /><testcase classname="com.castingai.unit.UNIT187" name="Unit_Test_Case_187" time="0.70" /><testcase classname="com.castingai.unit.UNIT188" name="Unit_Test_Case_188" time="0.70" /><testcase classname="com.castingai.unit.UNIT189" name="Unit_Test_Case_189" time="0.70" /><testcase classname="com.castingai.unit.UNIT190" name="Unit_Test_Case_190" time="0.70" /><testcase classname="com.castingai.unit.UNIT191" name="Unit_Test_Case_191" time="0.70" /><testcase classname="com.castingai.unit.UNIT192" name="Unit_Test_Case_192" time="0.70" /><testcase classname="com.castingai.unit.UNIT193" name="Unit_Test_Case_193" time="0.70" /><testcase classname="com.castingai.unit.UNIT194" name="Unit_Test_Case_194" time="0.70" /><testcase classname="com.castingai.unit.UNIT195" name="Unit_Test_Case_195" time="0.70" /><testcase classname="com.castingai.unit.UNIT196" name="Unit_Test_Case_196" time="0.70" /><testcase classname="com.castingai.unit.UNIT197" name="Unit_Test_Case_197" time="0.70" /><testcase classname="com.castingai.unit.UNIT198" name="Unit_Test_Case_198" time="0.70" /><testcase classname="com.castingai.unit.UNIT199" name="Unit_Test_Case_199" time="0.70" /><testcase classname="com.castingai.unit.UNIT200" name="Unit_Test_Case_200" time="0.70" /><testcase classname="com.castingai.unit.UNIT201" name="Unit_Test_Case_201" time="0.70" /><testcase classname="com.castingai.unit.UNIT202" name="Unit_Test_Case_202" time="0.70" /><testcase classname="com.castingai.unit.UNIT203" name="Unit_Test_Case_203" time="0.70" /><testcase classname="com.castingai.unit.UNIT204" name="Unit_Test_Case_204" time="0.70" /><testcase classname="com.castingai.unit.UNIT205" name="Unit_Test_Case_205" time="0.70" /><testcase classname="com.castingai.unit.UNIT206" name="Unit_Test_Case_206" time="0.70" /><testcase classname="com.castingai.unit.UNIT207" name="Unit_Test_Case_207" time="0.70" /><testcase classname="com.castingai.unit.UNIT208" name="Unit_Test_Case_208" time="0.70" /><testcase classname="com.castingai.unit.UNIT209" name="Unit_Test_Case_209" time="0.70" /><testcase classname="com.castingai.unit.UNIT210" name="Unit_Test_Case_210" time="0.70" /><testcase classname="com.castingai.unit.UNIT211" name="Unit_Test_Case_211" time="0.70" /><testcase classname="com.castingai.unit.UNIT212" name="Unit_Test_Case_212" time="0.70" /><testcase classname="com.castingai.unit.UNIT213" name="Unit_Test_Case_213" time="0.70" /><testcase classname="com.castingai.unit.UNIT214" name="Unit_Test_Case_214" time="0.70" /><testcase classname="com.castingai.unit.UNIT215" name="Unit_Test_Case_215" time="0.70" /><testcase classname="com.castingai.unit.UNIT216" name="Unit_Test_Case_216" time="0.70" /><testcase classname="com.castingai.unit.UNIT217" name="Unit_Test_Case_217" time="0.70" /><testcase classname="com.castingai.unit.UNIT218" name="Unit_Test_Case_218" time="0.70" /><testcase classname="com.castingai.unit.UNIT219" name="Unit_Test_Case_219" time="0.70" /><testcase classname="com.castingai.unit.UNIT220" name="Unit_Test_Case_220" time="0.70" /><testcase classname="com.castingai.unit.UNIT221" name="Unit_Test_Case_221" time="0.70" /><testcase classname="com.castingai.unit.UNIT222" name="Unit_Test_Case_222" time="0.70" /><testcase classname="com.castingai.unit.UNIT223" name="Unit_Test_Case_223" time="0.70" /><testcase classname="com.castingai.unit.UNIT224" name="Unit_Test_Case_224" time="0.70" /><testcase classname="com.castingai.unit.UNIT225" name="Unit_Test_Case_225" time="0.70" /><testcase classname="com.castingai.unit.UNIT226" name="Unit_Test_Case_226" time="0.70" /><testcase classname="com.castingai.unit.UNIT227" name="Unit_Test_Case_227" time="0.70" /><testcase classname="com.castingai.unit.UNIT228" name="Unit_Test_Case_228" time="0.70" /><testcase classname="com.castingai.unit.UNIT229" name="Unit_Test_Case_229" time="0.70" /><testcase classname="com.castingai.unit.UNIT230" name="Unit_Test_Case_230" time="0.70" /><testcase classname="com.castingai.unit.UNIT231" name="Unit_Test_Case_231" time="0.70" /><testcase classname="com.castingai.unit.UNIT232" name="Unit_Test_Case_232" time="0.70" /><testcase classname="com.castingai.unit.UNIT233" name="Unit_Test_Case_233" time="0.70" /><testcase classname="com.castingai.unit.UNIT234" name="Unit_Test_Case_234" time="0.70" /><testcase classname="com.castingai.unit.UNIT235" name="Unit_Test_Case_235" time="0.70" /><testcase classname="com.castingai.unit.UNIT236" name="Unit_Test_Case_236" time="0.70" /><testcase classname="com.castingai.unit.UNIT237" name="Unit_Test_Case_237" time="0.70" /><testcase classname="com.castingai.unit.UNIT238" name="Unit_Test_Case_238" time="0.70" /><testcase classname="com.castingai.unit.UNIT239" name="Unit_Test_Case_239" time="0.70" /><testcase classname="com.castingai.unit.UNIT240" name="Unit_Test_Case_240" time="0.70" /><testcase classname="com.castingai.unit.UNIT241" name="Unit_Test_Case_241" time="0.70" /><testcase classname="com.castingai.unit.UNIT242" name="Unit_Test_Case_242" time="0.70" /><testcase classname="com.castingai.unit.UNIT243" name="Unit_Test_Case_243" time="0.70" /><testcase classname="com.castingai.unit.UNIT244" name="Unit_Test_Case_244" time="0.70" /><testcase classname="com.castingai.unit.UNIT245" name="Unit_Test_Case_245" time="0.70" /><testcase classname="com.castingai.unit.UNIT246" name="Unit_Test_Case_246" time="0.70" /><testcase classname="com.castingai.unit.UNIT247" name="Unit_Test_Case_247" time="0.70" /><testcase classname="com.castingai.unit.UNIT248" name="Unit_Test_Case_248" time="0.70" /><testcase classname="com.castingai.unit.UNIT249" name="Unit_Test_Case_249" time="0.70" /><testcase classname="com.castingai.unit.UNIT250" name="Unit_Test_Case_250" time="0.70" /><testcase classname="com.castingai.unit.UNIT251" name="Unit_Test_Case_251" time="0.70" /><testcase classname="com.castingai.unit.UNIT252" name="Unit_Test_Case_252" time="0.70" /><testcase classname="com.castingai.unit.UNIT253" name="Unit_Test_Case_253" time="0.70" /><testcase classname="com.castingai.unit.UNIT254" name="Unit_Test_Case_254" time="0.70" /><testcase classname="com.castingai.unit.UNIT255" name="Unit_Test_Case_255" time="0.70" /><testcase classname="com.castingai.unit.UNIT256" name="Unit_Test_Case_256" time="0.70" /><testcase classname="com.castingai.unit.UNIT257" name="Unit_Test_Case_257" time="0.70" /><testcase classname="com.castingai.unit.UNIT258" name="Unit_Test_Case_258" time="0.70" /><testcase classname="com.castingai.unit.UNIT259" name="Unit_Test_Case_259" time="0.70" /><testcase classname="com.castingai.unit.UNIT260" name="Unit_Test_Case_260" time="0.70" /><testcase classname="com.castingai.unit.UNIT261" name="Unit_Test_Case_261" time="0.70" /><testcase classname="com.castingai.unit.UNIT262" name="Unit_Test_Case_262" time="0.70" /><testcase classname="com.castingai.unit.UNIT263" name="Unit_Test_Case_263" time="0.70" /><testcase classname="com.castingai.unit.UNIT264" name="Unit_Test_Case_264" time="0.70" /><testcase classname="com.castingai.unit.UNIT265" name="Unit_Test_Case_265" time="0.70" /><testcase classname="com.castingai.unit.UNIT266" name="Unit_Test_Case_266" time="0.70" /><testcase classname="com.castingai.unit.UNIT267" name="Unit_Test_Case_267" time="0.70" /><testcase classname="com.castingai.unit.UNIT268" name="Unit_Test_Case_268" time="0.70" /><testcase classname="com.castingai.unit.UNIT269" name="Unit_Test_Case_269" time="0.70" /><testcase classname="com.castingai.unit.UNIT270" name="Unit_Test_Case_270" time="0.70" /><testcase classname="com.castingai.unit.UNIT271" name="Unit_Test_Case_271" time="0.70" /><testcase classname="com.castingai.unit.UNIT272" name="Unit_Test_Case_272" time="0.70" /><testcase classname="com.castingai.unit.UNIT273" name="Unit_Test_Case_273" time="0.70" /><testcase classname="com.castingai.unit.UNIT274" name="Unit_Test_Case_274" time="0.70" /><testcase classname="com.castingai.unit.UNIT275" name="Unit_Test_Case_275" time="0.70" /><testcase classname="com.castingai.unit.UNIT276" name="Unit_Test_Case_276" time="0.70" /><testcase classname="com.castingai.unit.UNIT277" name="Unit_Test_Case_277" time="0.70" /><testcase classname="com.castingai.unit.UNIT278" name="Unit_Test_Case_278" time="0.70" /><testcase classname="com.castingai.unit.UNIT279" name="Unit_Test_Case_279" time="0.70" /><testcase classname="com.castingai.unit.UNIT280" name="Unit_Test_Case_280" time="0.70" /><testcase classname="com.castingai.unit.UNIT281" name="Unit_Test_Case_281" time="0.70" /><testcase classname="com.castingai.unit.UNIT282" name="Unit_Test_Case_282" time="0.70" /><testcase classname="com.castingai.unit.UNIT283" name="Unit_Test_Case_283" time="0.70" /><testcase classname="com.castingai.unit.UNIT284" name="Unit_Test_Case_284" time="0.70" /><testcase classname="com.castingai.unit.UNIT285" name="Unit_Test_Case_285" time="0.70" /><testcase classname="com.castingai.unit.UNIT286" name="Unit_Test_Case_286" time="0.70" /><testcase classname="com.castingai.unit.UNIT287" name="Unit_Test_Case_287" time="0.70" /><testcase classname="com.castingai.unit.UNIT288" name="Unit_Test_Case_288" time="0.70" /><testcase classname="com.castingai.unit.UNIT289" name="Unit_Test_Case_289" time="0.70" /><testcase classname="com.castingai.unit.UNIT290" name="Unit_Test_Case_290" time="0.70" /><testcase classname="com.castingai.unit.UNIT291" name="Unit_Test_Case_291" time="0.70" /><testcase classname="com.castingai.unit.UNIT292" name="Unit_Test_Case_292" time="0.70" /><testcase classname="com.castingai.unit.UNIT293" name="Unit_Test_Case_293" time="0.70" /><testcase classname="com.castingai.unit.UNIT294" name="Unit_Test_Case_294" time="0.70" /><testcase classname="com.castingai.unit.UNIT295" name="Unit_Test_Case_295" time="0.70" /><testcase classname="com.castingai.unit.UNIT296" name="Unit_Test_Case_296" time="0.70" /><testcase classname="com.castingai.unit.UNIT297" name="Unit_Test_Case_297" time="0.70" /><testcase classname="com.castingai.unit.UNIT298" name="Unit_Test_Case_298" time="0.70" /><testcase classname="com.castingai.unit.UNIT299" name="Unit_Test_Case_299" time="0.70" /><testcase classname="com.castingai.unit.UNIT300" name="Unit_Test_Case_300" time="0.70" /><testcase classname="com.castingai.unit.UNIT301" name="Unit_Test_Case_301" time="0.70" /><testcase classname="com.castingai.unit.UNIT302" name="Unit_Test_Case_302" time="0.70" /><testcase classname="com.castingai.unit.UNIT303" name="Unit_Test_Case_303" time="0.70" /><testcase classname="com.castingai.unit.UNIT304" name="Unit_Test_Case_304" time="0.70" /><testcase classname="com.castingai.unit.UNIT305" name="Unit_Test_Case_305" time="0.70" /><testcase classname="com.castingai.unit.UNIT306" name="Unit_Test_Case_306" time="0.70" /><testcase classname="com.castingai.unit.UNIT307" name="Unit_Test_Case_307" time="0.70" /><testcase classname="com.castingai.unit.UNIT308" name="Unit_Test_Case_308" time="0.70" /><testcase classname="com.castingai.unit.UNIT309" name="Unit_Test_Case_309" time="0.70" /><testcase classname="com.castingai.unit.UNIT310" name="Unit_Test_Case_310" time="0.70" /><testcase classname="com.castingai.unit.UNIT311" name="Unit_Test_Case_311" time="0.70" /><testcase classname="com.castingai.unit.UNIT312" name="Unit_Test_Case_312" time="0.70" /><testcase classname="com.castingai.unit.UNIT313" name="Unit_Test_Case_313" time="0.70" /><testcase classname="com.castingai.unit.UNIT314" name="Unit_Test_Case_314" time="0.70" /><testcase classname="com.castingai.unit.UNIT315" name="Unit_Test_Case_315" time="0.70" /><testcase classname="com.castingai.unit.UNIT316" name="Unit_Test_Case_316" time="0.70" /><testcase classname="com.castingai.unit.UNIT317" name="Unit_Test_Case_317" time="0.70" /><testcase classname="com.castingai.unit.UNIT318" name="Unit_Test_Case_318" time="0.70" /><testcase classname="com.castingai.unit.UNIT319" name="Unit_Test_Case_319" time="0.70" /><testcase classname="com.castingai.unit.UNIT320" name="Unit_Test_Case_320" time="0.70" /><testcase classname="com.castingai.unit.UNIT321" name="Unit_Test_Case_321" time="0.70" /><testcase classname="com.castingai.unit.UNIT322" name="Unit_Test_Case_322" time="0.70" /><testcase classname="com.castingai.unit.UNIT323" name="Unit_Test_Case_323" time="0.70" /><testcase classname="com.castingai.unit.UNIT324" name="Unit_Test_Case_324" time="0.70" /><testcase classname="com.castingai.unit.UNIT325" name="Unit_Test_Case_325" time="0.70" /><testcase classname="com.castingai.unit.UNIT326" name="Unit_Test_Case_326" time="0.70" /><testcase classname="com.castingai.unit.UNIT327" name="Unit_Test_Case_327" time="0.70" /><testcase classname="com.castingai.unit.UNIT328" name="Unit_Test_Case_328" time="0.70" /><testcase classname="com.castingai.unit.UNIT329" name="Unit_Test_Case_329" time="0.70" /><testcase classname="com.castingai.unit.UNIT330" name="Unit_Test_Case_330" time="0.70" /><testcase classname="com.castingai.unit.UNIT331" name="Unit_Test_Case_331" time="0.70" /><testcase classname="com.castingai.unit.UNIT332" name="Unit_Test_Case_332" time="0.70" /><testcase classname="com.castingai.unit.UNIT333" name="Unit_Test_Case_333" time="0.70" /><testcase classname="com.castingai.unit.UNIT334" name="Unit_Test_Case_334" time="0.70" /><testcase classname="com.castingai.unit.UNIT335" name="Unit_Test_Case_335" time="0.70" /><testcase classname="com.castingai.unit.UNIT336" name="Unit_Test_Case_336" time="0.70" /><testcase classname="com.castingai.unit.UNIT337" name="Unit_Test_Case_337" time="0.70" /><testcase classname="com.castingai.unit.UNIT338" name="Unit_Test_Case_338" time="0.70" /><testcase classname="com.castingai.unit.UNIT339" name="Unit_Test_Case_339" time="0.70" /><testcase classname="com.castingai.unit.UNIT340" name="Unit_Test_Case_340" time="0.70" /><testcase classname="com.castingai.unit.UNIT341" name="Unit_Test_Case_341" time="0.70" /><testcase classname="com.castingai.unit.UNIT342" name="Unit_Test_Case_342" time="0.70" /><testcase classname="com.castingai.unit.UNIT343" name="Unit_Test_Case_343" time="0.70" /><testcase classname="com.castingai.unit.UNIT344" name="Unit_Test_Case_344" time="0.70" /><testcase classname="com.castingai.unit.UNIT345" name="Unit_Test_Case_345" time="0.70" /><testcase classname="com.castingai.unit.UNIT346" name="Unit_Test_Case_346" time="0.70" /><testcase classname="com.castingai.unit.UNIT347" name="Unit_Test_Case_347" time="0.70" /><testcase classname="com.castingai.unit.UNIT348" name="Unit_Test_Case_348" time="0.70" /><testcase classname="com.castingai.unit.UNIT349" name="Unit_Test_Case_349" time="0.70" /><testcase classname="com.castingai.unit.UNIT350" name="Unit_Test_Case_350" time="0.70" /><testcase classname="com.castingai.unit.UNIT351" name="Unit_Test_Case_351" time="0.70" /><testcase classname="com.castingai.unit.UNIT352" name="Unit_Test_Case_352" time="0.70" /><testcase classname="com.castingai.unit.UNIT353" name="Unit_Test_Case_353" time="0.70" /><testcase classname="com.castingai.unit.UNIT354" name="Unit_Test_Case_354" time="0.70" /><testcase classname="com.castingai.unit.UNIT355" name="Unit_Test_Case_355" time="0.70" /><testcase classname="com.castingai.unit.UNIT356" name="Unit_Test_Case_356" time="0.70" /><testcase classname="com.castingai.unit.UNIT357" name="Unit_Test_Case_357" time="0.70" /><testcase classname="com.castingai.unit.UNIT358" name="Unit_Test_Case_358" time="0.70" /><testcase classname="com.castingai.unit.UNIT359" name="Unit_Test_Case_359" time="0.70" /><testcase classname="com.castingai.unit.UNIT360" name="Unit_Test_Case_360" time="0.70" /></testsuite>