<testsuite name="DataValidationTestSuite" tests="360" failures="0" errors="0" skipped="0" time="645.0"><testcase classname="com.castingai.validation.VAL001" name="Validation_Scenario_001" time="1.79" /><testcase classname="com.castingai.validation.VAL002" name="Validation_Scenario_002" time="1.79" /><testcase classname="com.castingai.validation.VAL003" name="Validation_Scenario_003" time="1.79" /><testcase classname="com.castingai.validation.VAL004" name="Validation_Scenario_004" time="1.79" /><testcase classname="com.castingai.validation.VAL005" name="Validation_Scenario_005" time="1.79" /><testcase classname="com.castingai.validation.VAL006" name="Validation_Scenario_006" time="1.79" /><testcase classname="com.castingai.validation.VAL007" name="Validation_Scenario_007" time="1.79" /><testcase classname="com.castingai.validation.VAL008" name="Validation_Scenario_008" time="1.79" /><testcase classname="com.castingai.validation.VAL009" name="Validation_Scenario_009" time="1.79" /><testcase classname="com.castingai.validation.VAL010" name="Validation_Scenario_010" time="1.79" /><testcase classname="com.castingai.validation.VAL011" name="Validation_Scenario_011" time="1.79" /><testcase classname="com.castingai.validation.VAL012" name="Validation_Scenario_012" time="1.79" /><testcase classname="com.castingai.validation.VAL013" name="Validation_Scenario_013" time="1.79" /><testcase classname="com.castingai.validation.VAL014" name="Validation_Scenario_014" time="1.79" /><testcase classname="com.castingai.validation.VAL015" name="Validation_Scenario_015" time="1.79" /><testcase classname="com.castingai.validation.VAL016" name="Validation_Scenario_016" time="1.79" /><testcase classname="com.castingai.validation.VAL017" name="Validation_Scenario_017" time="1.79" /><testcase classname="com.castingai.validation.VAL018" name="Validation_Scenario_018" time="1.79" /><testcase classname="com.castingai.validation.VAL019" name="Validation_Scenario_019" time="1.79" /><testcase classname="com.castingai.validation.VAL020" name="Validation_Scenario_020" time="1.79" /><testcase classname="com.castingai.validation.VAL021" name="Validation_Scenario_021" time="1.79" /><testcase classname="com.castingai.validation.VAL022" name="Validation_Scenario_022" time="1.79" /><testcase classname="com.castingai.validation.VAL023" name="Validation_Scenario_023" time="1.79" /><testcase classname="com.castingai.validation.VAL024" name="Validation_Scenario_024" time="1.79" /><testcase classname="com.castingai.validation.VAL025" name="Validation_Scenario_025" time="1.79" /><testcase classname="com.castingai.validation.VAL026" name="Validation_Scenario_026" time="1.79" /><testcase classname="com.castingai.validation.VAL027" name="Validation_Scenario_027" time="1.79" /><testcase classname="com.castingai.validation.VAL028" name="Validation_Scenario_028" time="1.79" /><testcase classname="com.castingai.validation.VAL029" name="Validation_Scenario_029" time="1.79" /><testcase classname="com.castingai.validation.VAL030" name="Validation_Scenario_030" time="1.79" /><testcase classname="com.castingai.validation.VAL031" name="Validation_Scenario_031" time="1.79" /><testcase classname="com.castingai.validation.VAL032" name="Validation_Scenario_032" time="1.79" /><testcase classname="com.castingai.validation.VAL033" name="Validation_Scenario_033" time="1.79" /><testcase classname="com.castingai.validation.VAL034" name="Validation_Scenario_034" time="1.79" /><testcase classname="com.castingai.validation.VAL035" name="Validation_Scenario_035" time="1.79" /><testcase classname="com.castingai.validation.VAL036" name="Validation_Scenario_036" time="1.79" /><testcase classname="com.castingai.validation.VAL037" name="Validation_Scenario_037" time="1.79" /><testcase classname="com.castingai.validation.VAL038" name="Validation_Scenario_038" time="1.79" /><testcase classname="com.castingai.validation.VAL039" name="Validation_Scenario_039" time="1.79" /><testcase classname="com.castingai.validation.VAL040" name="Validation_Scenario_040" time="1.79" /><testcase classname="com.castingai.validation.VAL041" name="Validation_Scenario_041" time="1.79" /><testcase classname="com.castingai.validation.VAL042" name="Validation_Scenario_042" time="1.79" /><testcase classname="com.castingai.validation.VAL043" name="Validation_Scenario_043" time="1.79" /><testcase classname="com.castingai.validation.VAL044" name="Validation_Scenario_044" time="1.79" /><testcase classname="com.castingai.validation.VAL045" name="Validation_Scenario_045" time="1.79" /><testcase classname="com.castingai.validation.VAL046" name="Validation_Scenario_046" time="1.79" /><testcase classname="com.castingai.validation.VAL047" name="Validation_Scenario_047" time="1.79" /><testcase classname="com.castingai.validation.VAL048" name="Validation_Scenario_048" time="1.79" /><testcase classname="com.castingai.validation.VAL049" name="Validation_Scenario_049" time="1.79" /><testcase classname="com.castingai.validation.VAL050" name="Validation_Scenario_050" time="1.79" /><testcase classname="com.castingai.validation.VAL051" name="Validation_Scenario_051" time="1.79" /><testcase classname="com.castingai.validation.VAL052" name="Validation_Scenario_052" time="1.79" /><testcase classname="com.castingai.validation.VAL053" name="Validation_Scenario_053" time="1.79" /><testcase classname="com.castingai.validation.VAL054" name="Validation_Scenario_054" time="1.79" /><testcase classname="com.castingai.validation.VAL055" name="Validation_Scenario_055" time="1.79" /><testcase classname="com.castingai.validation.VAL056" name="Validation_Scenario_056" time="1.79" /><testcase classname="com.castingai.validation.VAL057" name="Validation_Scenario_057" time="1.79" /><testcase classname="com.castingai.validation.VAL058" name="Validation_Scenario_058" time="1.79" /><testcase classname="com.castingai.validation.VAL059" name="Validation_Scenario_059" time="1.79" /><testcase classname="com.castingai.validation.VAL060" name="Validation_Scenario_060" time="1.79" /><testcase classname="com.castingai.validation.VAL061" name="Validation_Scenario_061" time="1.79" /><testcase classname="com.castingai.validation.VAL062" name="Validation_Scenario_062" time="1.79" /><testcase classname="com.castingai.validation.VAL063" name="Validation_Scenario_063" time="1.79" /><testcase classname="com.castingai.validation.VAL064" name="Validation_Scenario_064" time="1.79" /><testcase classname="com.castingai.validation.VAL065" name="Validation_Scenario_065" time="1.79" /><testcase classname="com.castingai.validation.VAL066" name="Validation_Scenario_066" time="1.79" /><testcase classname="com.castingai.validation.VAL067" name="Validation_Scenario_067" time="1.79" /><testcase classname="com.castingai.validation.VAL068" name="Validation_Scenario_068" time="1.79" /><testcase classname="com.castingai.validation.VAL069" name="Validation_Scenario_069" time="1.79" /><testcase classname="com.castingai.validation.VAL070" name="Validation_Scenario_070" time="1.79" /><testcase classname="com.castingai.validation.VAL071" name="Validation_Scenario_071" time="1.79" /><testcase classname="com.castingai.validation.VAL072" name="Validation_Scenario_072" time="1.79" /><testcase classname="com.castingai.validation.VAL073" name="Validation_Scenario_073" time="1.79" /><testcase classname="com.castingai.validation.VAL074" name="Validation_Scenario_074" time="1.79" /><testcase classname="com.castingai.validation.VAL075" name="Validation_Scenario_075" time="1.79" /><testcase classname="com.castingai.validation.VAL076" name="Validation_Scenario_076" time="1.79" /><testcase classname="com.castingai.validation.VAL077" name="Validation_Scenario_077" time="1.79" /><testcase classname="com.castingai.validation.VAL078" name="Validation_Scenario_078" time="1.79" /><testcase classname="com.castingai.validation.VAL079" name="Validation_Scenario_079" time="1.79" /><testcase classname="com.castingai.validation.VAL080" name="Validation_Scenario_080" time="1.79" /><testcase classname="com.castingai.validation.VAL081" name="Validation_Scenario_081" time="1.79" /><testcase classname="com.castingai.validation.VAL082" name="Validation_Scenario_082" time="1.79" /><testcase classname="com.castingai.validation.VAL083" name="Validation_Scenario_083" time="1.79" /><testcase classname="com.castingai.validation.VAL084" name="Validation_Scenario_084" time="1.79" /><testcase classname="com.castingai.validation.VAL085" name="Validation_Scenario_085" time="1.79" /><testcase classname="com.castingai.validation.VAL086" name="Validation_Scenario_086" time="1.79" /><testcase classname="com.castingai.validation.VAL087" name="Validation_Scenario_087" time="1.79" /><testcase classname="com.castingai.validation.VAL088" name="Validation_Scenario_088" time="1.79" /><testcase classname="com.castingai.validation.VAL089" name="Validation_Scenario_089" time="1.79" /><testcase classname="com.castingai.validation.VAL090" name="Validation_Scenario_090" time="1.79" /><testcase classname="com.castingai.validation.VAL091" name="Validation_Scenario_091" time="1.79" /><testcase classname="com.castingai.validation.VAL092" name="Validation_Scenario_092" time="1.79" /><testcase classname="com.castingai.validation.VAL093" name="Validation_Scenario_093" time="1.79" /><testcase classname="com.castingai.validation.VAL094" name="Validation_Scenario_094" time="1.79" /><testcase classname="com.castingai.validation.VAL095" name="Validation_Scenario_095" time="1.79" /><testcase classname="com.castingai.validation.VAL096" name="Validation_Scenario_096" time="1.79" /><testcase classname="com.castingai.validation.VAL097" name="Validation_Scenario_097" time="1.79" /><testcase classname="com.castingai.validation.VAL098" name="Validation_Scenario_098" time="1.79" /><testcase classname="com.castingai.validation.VAL099" name="Validation_Scenario_099" time="1.79" /><testcase classname="com.castingai.validation.VAL100" name="Validation_Scenario_100" time="1.79" /><testcase classname="com.castingai.validation.VAL101" name="Validation_Scenario_101" time="1.79" /><testcase classname="com.castingai.validation.VAL102" name="Validation_Scenario_102" time="1.79" /><testcase classname="com.castingai.validation.VAL103" name="Validation_Scenario_103" time="1.79" /><testcase classname="com.castingai.validation.VAL104" name="Validation_Scenario_104" time="1.79" /><testcase classname="com.castingai.validation.VAL105" name="Validation_Scenario_105" time="1.79" /><testcase classname="com.castingai.validation.VAL106" name="Validation_Scenario_106" time="1.79" /><testcase classname="com.castingai.validation.VAL107" name="Validation_Scenario_107" time="1.79" /><testcase classname="com.castingai.validation.VAL108" name="Validation_Scenario_108" time="1.79" /><testcase classname="com.castingai.validation.VAL109" name="Validation_Scenario_109" time="1.79" /><testcase classname="com.castingai.validation.VAL110" name="Validation_Scenario_110" time="1.79" /><testcase classname="com.castingai.validation.VAL111" name="Validation_Scenario_111" time="1.79" /><testcase classname="com.castingai.validation.VAL112" name="Validation_Scenario_112" time="1.79" /><testcase classname="com.castingai.validation.VAL113" name="Validation_Scenario_113" time="1.79" /><testcase classname="com.castingai.validation.VAL114" name="Validation_Scenario_114" time="1.79" /><testcase classname="com.castingai.validation.VAL115" name="Validation_Scenario_115" time="1.79" /><testcase classname="com.castingai.validation.VAL116" name="Validation_Scenario_116" time="1.79" /><testcase classname="com.castingai.validation.VAL117" name="Validation_Scenario_117" time="1.79" /><testcase classname="com.castingai.validation.VAL118" name="Validation_Scenario_118" time="1.79" /><testcase classname="com.castingai.validation.VAL119" name="Validation_Scenario_119" time="1.79" /><testcase classname="com.castingai.validation.VAL120" name="Validation_Scenario_120" time="1.79" /><testcase classname="com.castingai.validation.VAL121" name="Validation_Scenario_121" time="1.79" /><testcase classname="com.castingai.validation.VAL122" name="Validation_Scenario_122" time="1.79" /><testcase classname="com.castingai.validation.VAL123" name="Validation_Scenario_123" time="1.79" /><testcase classname="com.castingai.validation.VAL124" name="Validation_Scenario_124" time="1.79" /><testcase classname="com.castingai.validation.VAL125" name="Validation_Scenario_125" time="1.79" /><testcase classname="com.castingai.validation.VAL126" name="Validation_Scenario_126" time="1.79" /><testcase classname="com.castingai.validation.VAL127" name="Validation_Scenario_127" time="1.79" /><testcase classname="com.castingai.validation.VAL128" name="Validation_Scenario_128" time="1.79" /><testcase classname="com.castingai.validation.VAL129" name="Validation_Scenario_129" time="1.79" /><testcase classname="com.castingai.validation.VAL130" name="Validation_Scenario_130" time="1.79" /><testcase classname="com.castingai.validation.VAL131" name="Validation_Scenario_131" time="1.79" /><testcase classname="com.castingai.validation.VAL132" name="Validation_Scenario_132" time="1.79" /><testcase classname="com.castingai.validation.VAL133" name="Validation_Scenario_133" time="1.79" /><testcase classname="com.castingai.validation.VAL134" name="Validation_Scenario_134" time="1.79" /><testcase classname="com.castingai.validation.VAL135" name="Validation_Scenario_135" time="1.79" /><testcase classname="com.castingai.validation.VAL136" name="Validation_Scenario_136" time="1.79" /><testcase classname="com.castingai.validation.VAL137" name="Validation_Scenario_137" time="1.79" /><testcase classname="com.castingai.validation.VAL138" name="Validation_Scenario_138" time="1.79" /><testcase classname="com.castingai.validation.VAL139" name="Validation_Scenario_139" time="1.79" /><testcase classname="com.castingai.validation.VAL140" name="Validation_Scenario_140" time="1.79" /><testcase classname="com.castingai.validation.VAL141" name="Validation_Scenario_141" time="1.79" /><testcase classname="com.castingai.validation.VAL142" name="Validation_Scenario_142" time="1.79" /><testcase classname="com.castingai.validation.VAL143" name="Validation_Scenario_143" time="1.79" /><testcase classname="com.castingai.validation.VAL144" name="Validation_Scenario_144" time="1.79" /><testcase classname="com.castingai.validation.VAL145" name="Validation_Scenario_145" time="1.79" /><testcase classname="com.castingai.validation.VAL146" name="Validation_Scenario_146" time="1.79" /><testcase classname="com.castingai.validation.VAL147" name="Validation_Scenario_147" time="1.79" /><testcase classname="com.castingai.validation.VAL148" name="Validation_Scenario_148" time="1.79" /><testcase classname="com.castingai.validation.VAL149" name="Validation_Scenario_149" time="1.79" /><testcase classname="com.castingai.validation.VAL150" name="Validation_Scenario_150" time="1.79" /><testcase classname="com.castingai.validation.VAL151" name="Validation_Scenario_151" time="1.79" /><testcase classname="com.castingai.validation.VAL152" name="Validation_Scenario_152" time="1.79" /><testcase classname="com.castingai.validation.VAL153" name="Validation_Scenario_153" time="1.79" /><testcase classname="com.castingai.validation.VAL154" name="Validation_Scenario_154" time="1.79" /><testcase classname="com.castingai.validation.VAL155" name="Validation_Scenario_155" time="1.79" /><testcase classname="com.castingai.validation.VAL156" name="Validation_Scenario_156" time="1.79" /><testcase classname="com.castingai.validation.VAL157" name="Validation_Scenario_157" time="1.79" /><testcase classname="com.castingai.validation.VAL158" name="Validation_Scenario_158" time="1.79" /><testcase classname="com.castingai.validation.VAL159" name="Validation_Scenario_159" time="1.79" /><testcase classname="com.castingai.validation.VAL160" name="Validation_Scenario_160" time="1.79" /><testcase classname="com.castingai.validation.VAL161" name="Validation_Scenario_161" time="1.79" /><testcase classname="com.castingai.validation.VAL162" name="Validation_Scenario_162" time="1.79" /><testcase classname="com.castingai.validation.VAL163" name="Validation_Scenario_163" time="1.79" /><testcase classname="com.castingai.validation.VAL164" name="Validation_Scenario_164" time="1.79" /><testcase classname="com.castingai.validation.VAL165" name="Validation_Scenario_165" time="1.79" /><testcase classname="com.castingai.validation.VAL166" name="Validation_Scenario_166" time="1.79" /><testcase classname="com.castingai.validation.VAL167" name="Validation_Scenario_167" time="1.79" /><testcase classname="com.castingai.validation.VAL168" name="Validation_Scenario_168" time="1.79" /><testcase classname="com.castingai.validation.VAL169" name="Validation_Scenario_169" time="1.79" /><testcase classname="com.castingai.validation.VAL170" name="Validation_Scenario_170" time="1.79" /><testcase classname="com.castingai.validation.VAL171" name="Validation_Scenario_171" time="1.79" /><testcase classname="com.castingai.validation.VAL172" name="Validation_Scenario_172" time="1.79" /><testcase classname="com.castingai.validation.VAL173" name="Validation_Scenario_173" time="1.79" /><testcase classname="com.castingai.validation.VAL174" name="Validation_Scenario_174" time="1.79" /><testcase classname="com.castingai.validation.VAL175" name="Validation_Scenario_175" time="1.79" /><testcase classname="com.castingai.validation.VAL176" name="Validation_Scenario_176" time="1.79" /><testcase classname="com.castingai.validation.VAL177" name="Validation_Scenario_177" time="1.79" /><testcase classname="com.castingai.validation.VAL178" name="Validation_Scenario_178" time="1.79" /><testcase classname="com.castingai.validation.VAL179" name="Validation_Scenario_179" time="1.79" /><testcase classname="com.castingai.validation.VAL180" name="Validation_Scenario_180" time="1.79" /><testcase classname="com.castingai.validation.VAL181" name="Validation_Scenario_181" time="1.79" /><testcase classname="com.castingai.validation.VAL182" name="Validation_Scenario_182" time="1.79" /><testcase classname="com.castingai.validation.VAL183" name="Validation_Scenario_183" time="1.79" /><testcase classname="com.castingai.validation.VAL184" name="Validation_Scenario_184" time="1.79" /><testcase classname="com.castingai.validation.VAL185" name="Validation_Scenario_185" time="1.79" /><testcase classname="com.castingai.validation.VAL186" name="Validation_Scenario_186" time="1.79" /><testcase classname="com.castingai.validation.VAL187" name="Validation_Scenario_187" time="1.79" /><testcase classname="com.castingai.validation.VAL188" name="Validation_Scenario_188" time="1.79" /><testcase classname="com.castingai.validation.VAL189" name="Validation_Scenario_189" time="1.79" /><testcase classname="com.castingai.validation.VAL190" name="Validation_Scenario_190" time="1.79" /><testcase classname="com.castingai.validation.VAL191" name="Validation_Scenario_191" time="1.79" /><testcase classname="com.castingai.validation.VAL192" name="Validation_Scenario_192" time="1.79" /><testcase classname="com.castingai.validation.VAL193" name="Validation_Scenario_193" time="1.79" /><testcase classname="com.castingai.validation.VAL194" name="Validation_Scenario_194" time="1.79" /><testcase classname="com.castingai.validation.VAL195" name="Validation_Scenario_195" time="1.79" /><testcase classname="com.castingai.validation.VAL196" name="Validation_Scenario_196" time="1.79" /><testcase classname="com.castingai.validation.VAL197" name="Validation_Scenario_197" time="1.79" /><testcase classname="com.castingai.validation.VAL198" name="Validation_Scenario_198" time="1.79" /><testcase classname="com.castingai.validation.VAL199" name="Validation_Scenario_199" time="1.79" /><testcase classname="com.castingai.validation.VAL200" name="Validation_Scenario_200" time="1.79" /><testcase classname="com.castingai.validation.VAL201" name="Validation_Scenario_201" time="1.79" /><testcase classname="com.castingai.validation.VAL202" name="Validation_Scenario_202" time="1.79" /><testcase classname="com.castingai.validation.VAL203" name="Validation_Scenario_203" time="1.79" /><testcase classname="com.castingai.validation.VAL204" name="Validation_Scenario_204" time="1.79" /><testcase classname="com.castingai.validation.VAL205" name="Validation_Scenario_205" time="1.79" /><testcase classname="com.castingai.validation.VAL206" name="Validation_Scenario_206" time="1.79" /><testcase classname="com.castingai.validation.VAL207" name="Validation_Scenario_207" time="1.79" /><testcase classname="com.castingai.validation.VAL208" name="Validation_Scenario_208" time="1.79" /><testcase classname="com.castingai.validation.VAL209" name="Validation_Scenario_209" time="1.79" /><testcase classname="com.castingai.validation.VAL210" name="Validation_Scenario_210" time="1.79" /><testcase classname="com.castingai.validation.VAL211" name="Validation_Scenario_211" time="1.79" /><testcase classname="com.castingai.validation.VAL212" name="Validation_Scenario_212" time="1.79" /><testcase classname="com.castingai.validation.VAL213" name="Validation_Scenario_213" time="1.79" /><testcase classname="com.castingai.validation.VAL214" name="Validation_Scenario_214" time="1.79" /><testcase classname="com.castingai.validation.VAL215" name="Validation_Scenario_215" time="1.79" /><testcase classname="com.castingai.validation.VAL216" name="Validation_Scenario_216" time="1.79" /><testcase classname="com.castingai.validation.VAL217" name="Validation_Scenario_217" time="1.79" /><testcase classname="com.castingai.validation.VAL218" name="Validation_Scenario_218" time="1.79" /><testcase classname="com.castingai.validation.VAL219" name="Validation_Scenario_219" time="1.79" /><testcase classname="com.castingai.validation.VAL220" name="Validation_Scenario_220" time="1.79" /><testcase classname="com.castingai.validation.VAL221" name="Validation_Scenario_221" time="1.79" /><testcase classname="com.castingai.validation.VAL222" name="Validation_Scenario_222" time="1.79" /><testcase classname="com.castingai.validation.VAL223" name="Validation_Scenario_223" time="1.79" /><testcase classname="com.castingai.validation.VAL224" name="Validation_Scenario_224" time="1.79" /><testcase classname="com.castingai.validation.VAL225" name="Validation_Scenario_225" time="1.79" /><testcase classname="com.castingai.validation.VAL226" name="Validation_Scenario_226" time="1.79" /><testcase classname="com.castingai.validation.VAL227" name="Validation_Scenario_227" time="1.79" /><testcase classname="com.castingai.validation.VAL228" name="Validation_Scenario_228" time="1.79" /><testcase classname="com.castingai.validation.VAL229" name="Validation_Scenario_229" time="1.79" /><testcase classname="com.castingai.validation.VAL230" name="Validation_Scenario_230" time="1.79" /><testcase classname="com.castingai.validation.VAL231" name="Validation_Scenario_231" time="1.79" /><testcase classname="com.castingai.validation.VAL232" name="Validation_Scenario_232" time="1.79" /><testcase classname="com.castingai.validation.VAL233" name="Validation_Scenario_233" time="1.79" /><testcase classname="com.castingai.validation.VAL234" name="Validation_Scenario_234" time="1.79" /><testcase classname="com.castingai.validation.VAL235" name="Validation_Scenario_235" time="1.79" /><testcase classname="com.castingai.validation.VAL236" name="Validation_Scenario_236" time="1.79" /><testcase classname="com.castingai.validation.VAL237" name="Validation_Scenario_237" time="1.79" /><testcase classname="com.castingai.validation.VAL238" name="Validation_Scenario_238" time="1.79" /><testcase classname="com.castingai.validation.VAL239" name="Validation_Scenario_239" time="1.79" /><testcase classname="com.castingai.validation.VAL240" name="Validation_Scenario_240" time="1.79" /><testcase classname="com.castingai.validation.VAL241" name="Validation_Scenario_241" time="1.79" /><testcase classname="com.castingai.validation.VAL242" name="Validation_Scenario_242" time="1.79" /><testcase classname="com.castingai.validation.VAL243" name="Validation_Scenario_243" time="1.79" /><testcase classname="com.castingai.validation.VAL244" name="Validation_Scenario_244" time="1.79" /><testcase classname="com.castingai.validation.VAL245" name="Validation_Scenario_245" time="1.79" /><testcase classname="com.castingai.validation.VAL246" name="Validation_Scenario_246" time="1.79" /><testcase classname="com.castingai.validation.VAL247" name="Validation_Scenario_247" time="1.79" /><testcase classname="com.castingai.validation.VAL248" name="Validation_Scenario_248" time="1.79" /><testcase classname="com.castingai.validation.VAL249" name="Validation_Scenario_249" time="1.79" /><testcase classname="com.castingai.validation.VAL250" name="Validation_Scenario_250" time="1.79" /><testcase classname="com.castingai.validation.VAL251" name="Validation_Scenario_251" time="1.79" /><testcase classname="com.castingai.validation.VAL252" name="Validation_Scenario_252" time="1.79" /><testcase classname="com.castingai.validation.VAL253" name="Validation_Scenario_253" time="1.79" /><testcase classname="com.castingai.validation.VAL254" name="Validation_Scenario_254" time="1.79" /><testcase classname="com.castingai.validation.VAL255" name="Validation_Scenario_255" time="1.79" /><testcase classname="com.castingai.validation.VAL256" name="Validation_Scenario_256" time="1.79" /><testcase classname="com.castingai.validation.VAL257" name="Validation_Scenario_257" time="1.79" /><testcase classname="com.castingai.validation.VAL258" name="Validation_Scenario_258" time="1.79" /><testcase classname="com.castingai.validation.VAL259" name="Validation_Scenario_259" time="1.79" /><testcase classname="com.castingai.validation.VAL260" name="Validation_Scenario_260" time="1.79" /><testcase classname="com.castingai.validation.VAL261" name="Validation_Scenario_261" time="1.79" /><testcase classname="com.castingai.validation.VAL262" name="Validation_Scenario_262" time="1.79" /><testcase classname="com.castingai.validation.VAL263" name="Validation_Scenario_263" time="1.79" /><testcase classname="com.castingai.validation.VAL264" name="Validation_Scenario_264" time="1.79" /><testcase classname="com.castingai.validation.VAL265" name="Validation_Scenario_265" time="1.79" /><testcase classname="com.castingai.validation.VAL266" name="Validation_Scenario_266" time="1.79" /><testcase classname="com.castingai.validation.VAL267" name="Validation_Scenario_267" time="1.79" /><testcase classname="com.castingai.validation.VAL268" name="Validation_Scenario_268" time="1.79" /><testcase classname="com.castingai.validation.VAL269" name="Validation_Scenario_269" time="1.79" /><testcase classname="com.castingai.validation.VAL270" name="Validation_Scenario_270" time="1.79" /><testcase classname="com.castingai.validation.VAL271" name="Validation_Scenario_271" time="1.79" /><testcase classname="com.castingai.validation.VAL272" name="Validation_Scenario_272" time="1.79" /><testcase classname="com.castingai.validation.VAL273" name="Validation_Scenario_273" time="1.79" /><testcase classname="com.castingai.validation.VAL274" name="Validation_Scenario_274" time="1.79" /><testcase classname="com.castingai.validation.VAL275" name="Validation_Scenario_275" time="1.79" /><testcase classname="com.castingai.validation.VAL276" name="Validation_Scenario_276" time="1.79" /><testcase classname="com.castingai.validation.VAL277" name="Validation_Scenario_277" time="1.79" /><testcase classname="com.castingai.validation.VAL278" name="Validation_Scenario_278" time="1.79" /><testcase classname="com.castingai.validation.VAL279" name="Validation_Scenario_279" time="1.79" /><testcase classname="com.castingai.validation.VAL280" name="Validation_Scenario_280" time="1.79" /><testcase classname="com.castingai.validation.VAL281" name="Validation_Scenario_281" time="1.79" /><testcase classname="com.castingai.validation.VAL282" name="Validation_Scenario_282" time="1.79" /><testcase classname="com.castingai.validation.VAL283" name="Validation_Scenario_283" time="1.79" /><testcase classname="com.castingai.validation.VAL284" name="Validation_Scenario_284" time="1.79" /><testcase classname="com.castingai.validation.VAL285" name="Validation_Scenario_285" time="1.79" /><testcase classname="com.castingai.validation.VAL286" name="Validation_Scenario_286" time="1.79" /><testcase classname="com.castingai.validation.VAL287" name="Validation_Scenario_287" time="1.79" /><testcase classname="com.castingai.validation.VAL288" name="Validation_Scenario_288" time="1.79" /><testcase classname="com.castingai.validation.VAL289" name="Validation_Scenario_289" time="1.79" /><testcase classname="com.castingai.validation.VAL290" name="Validation_Scenario_290" time="1.79" /><testcase classname="com.castingai.validation.VAL291" name="Validation_Scenario_291" time="1.79" /><testcase classname="com.castingai.validation.VAL292" name="Validation_Scenario_292" time="1.79" /><testcase classname="com.castingai.validation.VAL293" name="Validation_Scenario_293" time="1.79" /><testcase classname="com.castingai.validation.VAL294" name="Validation_Scenario_294" time="1.79" /><testcase classname="com.castingai.validation.VAL295" name="Validation_Scenario_295" time="1.79" /><testcase classname="com.castingai.validation.VAL296" name="Validation_Scenario_296" time="1.79" /><testcase classname="com.castingai.validation.VAL297" name="Validation_Scenario_297" time="1.79" /><testcase classname="com.castingai.validation.VAL298" name="Validation_Scenario_298" time="1.79" /><testcase classname="com.castingai.validation.VAL299" name="Validation_Scenario_299" time="1.79" /><testcase classname="com.castingai.validation.VAL300" name="Validation_Scenario_300" time="1.79" /><testcase classname="com.castingai.validation.VAL301" name="Validation_Scenario_301" time="1.79" /><testcase classname="com.castingai.validation.VAL302" name="Validation_Scenario_302" time="1.79" /><testcase classname="com.castingai.validation.VAL303" name="Validation_Scenario_303" time="1.79" /><testcase classname="com.castingai.validation.VAL304" name="Validation_Scenario_304" time="1.79" /><testcase classname="com.castingai.validation.VAL305" name="Validation_Scenario_305" time="1.79" /><testcase classname="com.castingai.validation.VAL306" name="Validation_Scenario_306" time="1.79" /><testcase classname="com.castingai.validation.VAL307" name="Validation_Scenario_307" time="1.79" /><testcase classname="com.castingai.validation.VAL308" name="Validation_Scenario_308" time="1.79" /><testcase classname="com.castingai.validation.VAL309" name="Validation_Scenario_309" time="1.79" /><testcase classname="com.castingai.validation.VAL310" name="Validation_Scenario_310" time="1.79" /><testcase classname="com.castingai.validation.VAL311" name="Validation_Scenario_311" time="1.79" /><testcase classname="com.castingai.validation.VAL312" name="Validation_Scenario_312" time="1.79" /><testcase classname="com.castingai.validation.VAL313" name="Validation_Scenario_313" time="1.79" /><testcase classname="com.castingai.validation.VAL314" name="Validation_Scenario_314" time="1.79" /><testcase classname="com.castingai.validation.VAL315" name="Validation_Scenario_315" time="1.79" /><testcase classname="com.castingai.validation.VAL316" name="Validation_Scenario_316" time="1.79" /><testcase classname="com.castingai.validation.VAL317" name="Validation_Scenario_317" time="1.79" /><testcase classname="com.castingai.validation.VAL318" name="Validation_Scenario_318" time="1.79" /><testcase classname="com.castingai.validation.VAL319" name="Validation_Scenario_319" time="1.79" /><testcase classname="com.castingai.validation.VAL320" name="Validation_Scenario_320" time="1.79" /><testcase classname="com.castingai.validation.VAL321" name="Validation_Scenario_321" time="1.79" /><testcase classname="com.castingai.validation.VAL322" name="Validation_Scenario_322" time="1.79" /><testcase classname="com.castingai.validation.VAL323" name="Validation_Scenario_323" time="1.79" /><testcase classname="com.castingai.validation.VAL324" name="Validation_Scenario_324" time="1.79" /><testcase classname="com.castingai.validation.VAL325" name="Validation_Scenario_325" time="1.79" /><testcase classname="com.castingai.validation.VAL326" name="Validation_Scenario_326" time="1.79" /><testcase classname="com.castingai.validation.VAL327" name="Validation_Scenario_327" time="1.79" /><testcase classname="com.castingai.validation.VAL328" name="Validation_Scenario_328" time="1.79" /><testcase classname="com.castingai.validation.VAL329" name="Validation_Scenario_329" time="1.79" /><testcase classname="com.castingai.validation.VAL330" name="Validation_Scenario_330" time="1.79" /><testcase classname="com.castingai.validation.VAL331" name="Validation_Scenario_331" time="1.79" /><testcase classname="com.castingai.validation.VAL332" name="Validation_Scenario_332" time="1.79" /><testcase classname="com.castingai.validation.VAL333" name="Validation_Scenario_333" time="1.79" /><testcase classname="com.castingai.validation.VAL334" name="Validation_Scenario_334" time="1.79" /><testcase classname="com.castingai.validation.VAL335" name="Validation_Scenario_335" time="1.79" /><testcase classname="com.castingai.validation.VAL336" name="Validation_Scenario_336" time="1.79" /><testcase classname="com.castingai.validation.VAL337" name="Validation_Scenario_337" time="1.79" /><testcase classname="com.castingai.validation.VAL338" name="Validation_Scenario_338" time="1.79" /><testcase classname="com.castingai.validation.VAL339" name="Validation_Scenario_339" time="1.79" /><testcase classname="com.castingai.validation.VAL340" name="Validation_Scenario_340" time="1.79" /><testcase classname="com.castingai.validation.VAL341" name="Validation_Scenario_341" time="1.79" /><testcase classname="com.castingai.validation.VAL342" name="Validation_Scenario_342" time="1.79" /><testcase classname="com.castingai.validation.VAL343" name="Validation_Scenario_343" time="1.79" /><testcase classname="com.castingai.validation.VAL344" name="Validation_Scenario_344" time="1.79" /><testcase classname="com.castingai.validation.VAL345" name="Validation_Scenario_345" time="1.79" /><testcase classname="com.castingai.validation.VAL346" name="Validation_Scenario_346" time="1.79" /><testcase classname="com.castingai.validation.VAL347" name="Validation_Scenario_347" time="1.79" /><testcase classname="com.castingai.validation.VAL348" name="Validation_Scenario_348" time="1.79" /><testcase classname="com.castingai.validation.VAL349" name="Validation_Scenario_349" time="1.79" /><testcase classname="com.castingai.validation.VAL350" name="Validation_Scenario_350" time="1.79" /><testcase classname="com.castingai.validation.VAL351" name="Validation_Scenario_351" time="1.79" /><testcase classname="com.castingai.validation.VAL352" name="Validation_Scenario_352" time="1.79" /><testcase classname="com.castingai.validation.VAL353" name="Validation_Scenario_353" time="1.79" /><testcase classname="com.castingai.validation.VAL354" name="Validation_Scenario_354" time="1.79" /><testcase classname="com.castingai.validation.VAL355" name="Validation_Scenario_355" time="1.79" /><testcase classname="com.castingai.validation.VAL356" name="Validation_Scenario_356" time="1.79" /><testcase classname="com.castingai.validation.VAL357" name="Validation_Scenario_357" time="1.79" /><testcase classname="com.castingai.validation.VAL358" name="Validation_Scenario_358" time="1.79" /><testcase classname="com.castingai.validation.VAL359" name="Validation_Scenario_359" time="1.79" /><testcase classname="com.castingai.validation.VAL360" name="Validation_Scenario_360" time="1.79" /></testsuite>